2002.03.17 11:04 A C:\WINDOWS\Desktop\furtopsite\lspro_v2\cgi-bin\lspro\html\lspro_break_10.txt --> www.erenetwork.com /public_html/furctopsite/cgi-bin/html lspro_break_10.txt
2002.03.17 11:04 A C:\WINDOWS\Desktop\furtopsite\lspro_v2\cgi-bin\lspro\html\lspro_break_25.txt --> www.erenetwork.com /public_html/furctopsite/cgi-bin/html lspro_break_25.txt
2002.03.17 11:04 A C:\WINDOWS\Desktop\furtopsite\lspro_v2\cgi-bin\lspro\html\lspro_break_50.txt --> www.erenetwork.com /public_html/furctopsite/cgi-bin/html lspro_break_50.txt
2002.03.17 11:04 A C:\WINDOWS\Desktop\furtopsite\lspro_v2\cgi-bin\lspro\html\lspro_break_75.txt --> www.erenetwork.com /public_html/furctopsite/cgi-bin/html lspro_break_75.txt
2002.03.17 11:04 A C:\WINDOWS\Desktop\furtopsite\lspro_v2\cgi-bin\lspro\html\lspro_list_footer.txt --> www.erenetwork.com /public_html/furctopsite/cgi-bin/html lspro_list_footer.txt
2002.03.17 11:04 A C:\WINDOWS\Desktop\furtopsite\lspro_v2\cgi-bin\lspro\html\lspro_list_header.txt --> www.erenetwork.com /public_html/furctopsite/cgi-bin/html lspro_list_header.txt
2002.03.17 11:04 A C:\WINDOWS\Desktop\furtopsite\lspro_v2\cgi-bin\lspro\html\lspro_rules.txt --> www.erenetwork.com /public_html/furctopsite/cgi-bin/html lspro_rules.txt
2002.03.17 11:04 A C:\WINDOWS\Desktop\furtopsite\lspro_v2\cgi-bin\lspro\html\lspro_std_footer.txt --> www.erenetwork.com /public_html/furctopsite/cgi-bin/html lspro_std_footer.txt
2002.03.17 11:04 A C:\WINDOWS\Desktop\furtopsite\lspro_v2\cgi-bin\lspro\html\lspro_std_header.txt --> www.erenetwork.com /public_html/furctopsite/cgi-bin/html lspro_std_header.txt
2002.03.17 12:14 B C:\WINDOWS\Desktop\furtopsite\cgi-bin\html\lspro_rules.txt --> www.erenetwork.com /public_html/furctopsite/cgi-bin/html lspro_rules.txt
2002.03.17 12:24 B C:\WINDOWS\Desktop\furtopsite\cgi-bin\html\lspro_list_header.txt --> www.erenetwork.com /public_html/furctopsite/cgi-bin/html lspro_list_header.txt
2002.03.17 12:24 B C:\WINDOWS\Desktop\furtopsite\cgi-bin\html\lspro_list_footer.txt --> www.erenetwork.com /public_html/furctopsite/cgi-bin/html lspro_list_footer.txt
2002.03.17 12:25 B C:\WINDOWS\Desktop\furtopsite\cgi-bin\html\lspro_std_footer.txt --> www.erenetwork.com /public_html/furctopsite/cgi-bin/html lspro_std_footer.txt
2002.03.17 12:25 B C:\WINDOWS\Desktop\furtopsite\cgi-bin\html\lspro_std_header.txt --> www.erenetwork.com /public_html/furctopsite/cgi-bin/html lspro_std_header.txt
2002.03.17 12:32 B C:\WINDOWS\Desktop\furtopsite\cgi-bin\html\lspro_list_header.txt --> www.erenetwork.com /public_html/furctopsite/cgi-bin/html lspro_list_header.txt
2002.03.17 12:32 B C:\WINDOWS\Desktop\furtopsite\cgi-bin\html\lspro_list_footer.txt --> www.erenetwork.com /public_html/furctopsite/cgi-bin/html lspro_list_footer.txt
2002.03.17 12:47 A C:\WINDOWS\Desktop\furtopsite\cgi-bin\html\lspro_std_footer.txt --> www.erenetwork.com /public_html/furctopsite/cgi-bin lspro_std_footer.txt
2002.03.17 12:47 A C:\WINDOWS\Desktop\furtopsite\cgi-bin\html\lspro_std_footer.txt --> www.erenetwork.com /public_html/furctopsite/cgi-bin/html lspro_std_footer.txt
2002.03.17 12:47 A C:\WINDOWS\Desktop\furtopsite\cgi-bin\html\lspro_std_header.txt --> www.erenetwork.com /public_html/furctopsite/cgi-bin/html lspro_std_header.txt
2002.03.17 12:48 A C:\WINDOWS\Desktop\furtopsite\cgi-bin\html\lspro_rules.txt --> www.erenetwork.com /public_html/furctopsite/cgi-bin/html lspro_rules.txt
2002.03.17 13:07 B D:\website\furtopsite\cgi-bin\html\lspro_list_footer.txt --> www.erenetwork.com /public_html/furctopsite/cgi-bin/html lspro_list_footer.txt
2002.03.17 13:07 B D:\website\furtopsite\cgi-bin\html\lspro_std_footer.txt --> www.erenetwork.com /public_html/furctopsite/cgi-bin/html lspro_std_footer.txt
2002.03.18 18:09 B D:\website\furtopsite\cgi-bin\html\lspro_list_header.txt --> www.erenetwork.com /public_html/furctopsite/cgi-bin/html lspro_list_header.txt
2002.03.18 18:09 B D:\website\furtopsite\cgi-bin\html\lspro_std_header.txt --> www.erenetwork.com /public_html/furctopsite/cgi-bin/html lspro_std_header.txt
2002.03.18 18:12 B D:\website\furtopsite\cgi-bin\html\lspro_list_header.txt --> www.erenetwork.com /public_html/furctopsite/cgi-bin/html lspro_list_header.txt
2002.03.18 18:12 B D:\website\furtopsite\cgi-bin\html\lspro_std_header.txt --> www.erenetwork.com /public_html/furctopsite/cgi-bin/html lspro_std_header.txt
2002.03.18 18:17 B D:\website\furtopsite\cgi-bin\html\lspro_list_footer.txt --> www.erenetwork.com /public_html/furctopsite/cgi-bin/html lspro_list_footer.txt
2002.03.18 18:18 B D:\website\furtopsite\cgi-bin\html\lspro_list_footer.txt --> www.erenetwork.com /public_html/furctopsite/cgi-bin/html lspro_list_footer.txt
2002.03.18 18:18 B D:\website\furtopsite\cgi-bin\html\lspro_list_footer.txt --> www.erenetwork.com /public_html/furctopsite/cgi-bin/html lspro_list_footer.txt
2002.03.18 18:20 B D:\website\furtopsite\cgi-bin\html\lspro_std_header.txt --> www.erenetwork.com /public_html/furctopsite/cgi-bin/html lspro_std_header.txt
2002.03.18 18:20 B D:\website\furtopsite\cgi-bin\html\lspro_std_header.txt --> www.erenetwork.com /public_html/furctopsite/cgi-bin/html lspro_std_header.txt
2002.03.18 18:22 B D:\website\furtopsite\cgi-bin\html\lspro_rules.txt --> www.erenetwork.com /public_html/furctopsite/cgi-bin/html lspro_rules.txt
2002.03.18 18:22 B D:\website\furtopsite\cgi-bin\html\lspro_std_header.txt --> www.erenetwork.com /public_html/furctopsite/cgi-bin/html lspro_std_header.txt
2002.03.18 18:23 B D:\website\furtopsite\cgi-bin\html\lspro_rules.txt --> www.erenetwork.com /public_html/furctopsite/cgi-bin/html lspro_rules.txt
2002.03.18 18:24 B D:\website\furtopsite\cgi-bin\html\lspro_rules.txt --> www.erenetwork.com /public_html/furctopsite/cgi-bin/html lspro_rules.txt
2002.03.18 18:24 B D:\website\furtopsite\cgi-bin\html\lspro_std_header.txt --> www.erenetwork.com /public_html/furctopsite/cgi-bin/html lspro_std_header.txt
2002.03.18 18:24 B D:\website\furtopsite\cgi-bin\html\lspro_std_header.txt --> www.erenetwork.com /public_html/furctopsite/cgi-bin/html lspro_std_header.txt
2002.03.18 18:25 B D:\website\furtopsite\cgi-bin\html\lspro_std_header.txt --> www.erenetwork.com /public_html/furctopsite/cgi-bin/html lspro_std_header.txt
2002.03.18 18:26 B D:\website\furtopsite\cgi-bin\html\lspro_rules.txt --> www.erenetwork.com /public_html/furctopsite/cgi-bin/html lspro_rules.txt
2002.03.18 18:27 B D:\website\furtopsite\cgi-bin\html\lspro_rules.txt --> www.erenetwork.com /public_html/furctopsite/cgi-bin/html lspro_rules.txt
2002.03.18 18:27 B D:\website\furtopsite\cgi-bin\html\lspro_rules.txt --> www.erenetwork.com /public_html/furctopsite/cgi-bin/html lspro_rules.txt
2002.03.18 18:28 B D:\website\furtopsite\cgi-bin\html\lspro_list_header.txt --> www.erenetwork.com /public_html/furctopsite/cgi-bin/html lspro_list_header.txt
2002.03.18 18:28 B D:\website\furtopsite\cgi-bin\html\lspro_list_footer.txt --> www.erenetwork.com /public_html/furctopsite/cgi-bin/html lspro_list_footer.txt
2002.03.23 00:14 B D:\website\furtopsite\cgi-bin\html\lspro_list_footer.txt --> www.erenetwork.com /public_html/furctopsite/cgi-bin/html lspro_list_footer.txt
2002.03.23 00:14 B D:\website\furtopsite\cgi-bin\html\lspro_list_footer.txt --> www.erenetwork.com /public_html/furctopsite/cgi-bin/html lspro_list_footer.txt
2002.03.23 00:15 B D:\website\furtopsite\cgi-bin\html\lspro_list_footer.txt --> www.erenetwork.com /public_html/furctopsite/cgi-bin/html lspro_list_footer.txt
