2003.01.14 15:35 A C:\Documents and Settings\Byron Chilton\My Documents\website\dot\index.cgi --> www.erenetwork.com /public_html/dotguild index.cgi
2003.01.14 15:38 A C:\Documents and Settings\Byron Chilton\My Documents\website\dot\index.cgi --> www.erenetwork.com /public_html/dotguild index.cgi
2003.01.14 15:40 A C:\Documents and Settings\Byron Chilton\My Documents\website\dot\index.cgi --> www.erenetwork.com /public_html/dotguild index.cgi
2003.01.14 15:41 A C:\Documents and Settings\Byron Chilton\My Documents\website\dot\index.cgi --> www.erenetwork.com /public_html/dotguild index.cgi
2003.01.14 15:44 A C:\Documents and Settings\Byron Chilton\My Documents\website\dot\index.cgi --> www.erenetwork.com /public_html/dotguild index.cgi
2003.01.14 15:53 A C:\Documents and Settings\Byron Chilton\My Documents\website\dot\index.cgi --> www.erenetwork.com /public_html/dotguild index.cgi
2003.01.14 15:54 A C:\Documents and Settings\Byron Chilton\My Documents\website\dot\index.cgi --> www.erenetwork.com /public_html/dotguild index.cgi
2003.01.14 15:55 A C:\Documents and Settings\Byron Chilton\My Documents\website\dot\index.cgi --> www.erenetwork.com /public_html/dotguild index.cgi
2003.01.14 15:56 A C:\Documents and Settings\Byron Chilton\My Documents\website\dot\index.cgi --> www.erenetwork.com /public_html/dotguild index.cgi
2003.01.14 15:56 A C:\Documents and Settings\Byron Chilton\My Documents\website\dot\index.cgi --> www.erenetwork.com /public_html/dotguild index.cgi
2003.01.14 15:59 A C:\Documents and Settings\Byron Chilton\My Documents\website\dot\index.cgi --> www.erenetwork.com /public_html/dotguild index.cgi
2003.01.14 16:00 A C:\Documents and Settings\Byron Chilton\My Documents\website\dot\index.cgi --> www.erenetwork.com /public_html/dotguild index.cgi
2003.01.14 16:00 A C:\Documents and Settings\Byron Chilton\My Documents\website\dot\index.cgi --> www.erenetwork.com /public_html/dotguild index.cgi
2003.01.14 16:00 A C:\Documents and Settings\Byron Chilton\My Documents\website\dot\index.cgi --> www.erenetwork.com /public_html/dotguild index.cgi
2003.01.14 16:01 A C:\Documents and Settings\Byron Chilton\My Documents\website\dot\index.cgi --> www.erenetwork.com /public_html/dotguild index.cgi
2003.01.14 16:02 A C:\Documents and Settings\Byron Chilton\My Documents\website\dot\index.cgi --> www.erenetwork.com /public_html/dotguild index.cgi
2003.01.14 16:02 A C:\Documents and Settings\Byron Chilton\My Documents\website\dot\index.cgi --> www.erenetwork.com /public_html/dotguild index.cgi
2003.01.14 16:06 A C:\Documents and Settings\Byron Chilton\My Documents\website\dot\index.cgi --> www.erenetwork.com /public_html/dotguild index.cgi
2003.01.14 16:10 A C:\Documents and Settings\Byron Chilton\My Documents\website\dot\index.cgi --> www.erenetwork.com /public_html/dotguild index.cgi
2003.01.14 16:12 A C:\Documents and Settings\Byron Chilton\My Documents\website\dot\index.cgi --> www.erenetwork.com /public_html/dotguild index.cgi
2003.01.14 16:12 A C:\Documents and Settings\Byron Chilton\My Documents\website\dot\index.cgi --> www.erenetwork.com /public_html/dotguild index.cgi
2003.01.14 16:13 A C:\Documents and Settings\Byron Chilton\My Documents\website\dot\index.cgi --> www.erenetwork.com /public_html/dotguild index.cgi
2003.01.14 16:14 A C:\Documents and Settings\Byron Chilton\My Documents\website\dot\index.cgi --> www.erenetwork.com /public_html/dotguild index.cgi
2003.01.14 16:14 A C:\Documents and Settings\Byron Chilton\My Documents\website\dot\index.cgi --> www.erenetwork.com /public_html/dotguild index.cgi
2003.01.14 16:15 A C:\Documents and Settings\Byron Chilton\My Documents\website\dot\index.cgi --> www.erenetwork.com /public_html/dotguild index.cgi
2003.01.14 16:16 A C:\Documents and Settings\Byron Chilton\My Documents\website\dot\index.cgi --> www.erenetwork.com /public_html/dotguild index.cgi
2003.01.14 16:30 B C:\Documents and Settings\Byron Chilton\My Documents\website\dot\visit.dat --> www.erenetwork.com /public_html/dotguild visit.dat
2003.01.14 16:30 A C:\Documents and Settings\Byron Chilton\My Documents\website\dot\visit.dat --> www.erenetwork.com /public_html/dotguild visit.dat
2003.01.15 16:15 B C:\Documents and Settings\Byron Chilton\My Documents\website\dot\wateing.list <-- Erenetw /public_html/dotguild wateing.list
2003.01.15 16:15 B C:\Documents and Settings\Byron Chilton\My Documents\website\dot\wateing.list --> www.erenetwork.com /public_html/dotguild wateing.list
2003.01.15 16:17 B C:\Documents and Settings\Byron Chilton\My Documents\website\dot\wateing.list --> www.erenetwork.com /public_html/dotguild wateing.list
2003.01.15 16:26 A C:\Documents and Settings\Byron Chilton\My Documents\website\dot\index.cgi --> www.erenetwork.com /public_html/dotguild index.cgi
2003.01.15 16:26 A C:\Documents and Settings\Byron Chilton\My Documents\website\dot\index.cgi --> www.erenetwork.com /public_html/dotguild index.cgi
2003.01.15 16:27 A C:\Documents and Settings\Byron Chilton\My Documents\website\dot\index.cgi --> www.erenetwork.com /public_html/dotguild index.cgi
2003.01.15 16:29 A C:\Documents and Settings\Byron Chilton\My Documents\website\dot\wateing.list --> www.erenetwork.com /public_html/dotguild wateing.list
2003.02.16 16:52 A C:\Documents and Settings\Byron Chilton\My Documents\website\dot\cookie.lib --> www.erenetwork.com /public_html/eqguilded cookie.lib
2003.03.09 22:23 B C:\Documents and Settings\Byron Chilton\My Documents\website\dot\links.dat <-- Erenetw /public_html/dotguild links.dat
2003.03.09 22:23 A C:\Documents and Settings\Byron Chilton\My Documents\website\dot\links.dat <-- Erenetw /public_html/dotguild links.dat
2003.03.09 22:25 A C:\Documents and Settings\Byron Chilton\My Documents\website\dot\links.dat --> www.erenetwork.com /public_html/dotguild links.dat
2003.03.09 22:25 A C:\Documents and Settings\Byron Chilton\My Documents\website\dot\links.dat --> www.erenetwork.com /public_html/dotguild links.dat
2003.03.21 15:44 A C:\Documents and Settings\Byron Chilton\My Documents\website\dot\links.dat --> www.erenetwork.com /public_html/dotguild links.dat
2003.03.21 15:44 A C:\Documents and Settings\Byron Chilton\My Documents\website\dot\links.dat --> www.erenetwork.com /public_html/dotguild links.dat
2003.06.16 17:03 A C:\Documents and Settings\Byron Chilton\My Documents\website\dot\old\photo.lst --> www.eqguilded.com /public_html/data photo.lst
2003.06.16 17:49 A C:\Documents and Settings\Byron Chilton\My Documents\website\dot\old\mmore.lst --> www.eqguilded.com /public_html/data mmore.lst
2003.06.16 17:49 A C:\Documents and Settings\Byron Chilton\My Documents\website\dot\old\nice.lst --> www.eqguilded.com /public_html/data nice.lst
2003.06.16 17:49 A C:\Documents and Settings\Byron Chilton\My Documents\website\dot\old\photo.lst --> www.eqguilded.com /public_html/data photo.lst
2003.06.16 17:49 A C:\Documents and Settings\Byron Chilton\My Documents\website\dot\old\reject.lst --> www.eqguilded.com /public_html/data reject.lst
2003.06.16 17:49 A C:\Documents and Settings\Byron Chilton\My Documents\website\dot\old\unrestraid.lst --> www.eqguilded.com /public_html/data unrestraid.lst
2003.06.16 17:50 A C:\Documents and Settings\Byron Chilton\My Documents\website\dot\old\firework.lst --> www.eqguilded.com /public_html/data firework.lst
