101.11.11 20:12 B D:\website\ravensnew\cgi\msg\logo.gif --> www.erenetwork.com /public_html/ravens/cgi/msg logo.gif
101.11.11 20:12 A D:\website\ravensnew\cgi\msg\msg.cgi --> www.erenetwork.com /public_html/ravens/cgi/msg msg.cgi
101.11.11 20:20 A D:\website\ravensnew\cgi\msg\msg.cgi --> www.erenetwork.com /public_html/ravens/cgi/msg msg.cgi
101.11.11 20:22 A D:\website\ravensnew\cgi\msg\msg.cgi --> www.erenetwork.com /public_html/ravens/cgi/msg msg.cgi
101.11.11 20:22 A D:\website\ravensnew\cgi\msg\msg.cgi --> www.erenetwork.com /public_html/ravens/cgi/msg msg.cgi
101.11.11 20:28 A D:\website\ravensnew\cgi\msg\1 --> www.erenetwork.com /public_html/ravens/cgi/msg/msges 1
101.11.11 20:29 A D:\website\ravensnew\cgi\msg\1 --> www.erenetwork.com /public_html/ravens/cgi/msg/msges 1
101.11.11 20:30 A D:\website\ravensnew\cgi\msg\1 --> www.erenetwork.com /public_html/ravens/cgi/msg/msges 1
101.11.11 20:32 A D:\website\ravensnew\cgi\msg\msg.cgi --> www.erenetwork.com /public_html/ravens/cgi/msg msg.cgi
101.11.11 20:33 A D:\website\ravensnew\cgi\msg\msg.cgi --> www.erenetwork.com /public_html/ravens/cgi/msg msg.cgi
101.11.11 20:35 A D:\website\ravensnew\cgi\msg\msg.cgi --> www.erenetwork.com /public_html/ravens/cgi/msg msg.cgi
101.11.11 20:37 A D:\website\ravensnew\cgi\msg\msg.cgi --> www.erenetwork.com /public_html/ravens/cgi/msg msg.cgi
101.11.11 20:38 A D:\website\ravensnew\cgi\msg\msg.cgi --> www.erenetwork.com /public_html/ravens/cgi/msg msg.cgi
101.11.11 20:38 A D:\website\ravensnew\cgi\msg\msg.cgi --> www.erenetwork.com /public_html/ravens/cgi/msg msg.cgi
101.11.11 20:39 A D:\website\ravensnew\cgi\msg\msg.cgi --> www.erenetwork.com /public_html/ravens/cgi/msg msg.cgi
101.11.11 20:42 A D:\website\ravensnew\cgi\msg\msg.cgi --> www.erenetwork.com /public_html/ravens/cgi/msg msg.cgi
101.11.11 20:43 A D:\website\ravensnew\cgi\msg\msg.cgi --> www.erenetwork.com /public_html/ravens/cgi/msg msg.cgi
101.11.11 20:43 A D:\website\ravensnew\cgi\msg\msg.cgi --> www.erenetwork.com /public_html/ravens/cgi/msg msg.cgi
101.11.11 20:44 A D:\website\ravensnew\cgi\msg\msg.cgi --> www.erenetwork.com /public_html/ravens/cgi/msg msg.cgi
101.11.11 20:44 A D:\website\ravensnew\cgi\msg\msg.cgi --> www.erenetwork.com /public_html/ravens/cgi/msg msg.cgi
101.11.11 20:49 A D:\website\ravensnew\cgi\msg\msg.cgi --> www.erenetwork.com /public_html/ravens/cgi/msg msg.cgi
101.11.11 20:51 A D:\website\ravensnew\cgi\msg\msg.cgi --> www.erenetwork.com /public_html/ravens/cgi/msg msg.cgi
101.11.11 20:53 A D:\website\ravensnew\cgi\msg\1 --> www.erenetwork.com /public_html/ravens/cgi/msg/msges 1
101.11.11 20:53 A D:\website\ravensnew\cgi\msg\msg.cgi --> www.erenetwork.com /public_html/ravens/cgi/msg msg.cgi
101.11.11 20:54 A D:\website\ravensnew\cgi\msg\msg.cgi --> www.erenetwork.com /public_html/ravens/cgi/msg msg.cgi
101.11.11 20:56 A D:\website\ravensnew\cgi\msg\msg.cgi --> www.erenetwork.com /public_html/ravens/cgi/msg msg.cgi
101.11.11 20:57 A D:\website\ravensnew\cgi\msg\msg.cgi --> www.erenetwork.com /public_html/ravens/cgi/msg msg.cgi
101.11.11 20:58 A D:\website\ravensnew\cgi\msg\msg.cgi --> www.erenetwork.com /public_html/ravens/cgi/msg msg.cgi
101.11.11 20:58 A D:\website\ravensnew\cgi\msg\msg.cgi --> www.erenetwork.com /public_html/ravens/cgi/msg msg.cgi
101.11.11 21:00 A D:\website\ravensnew\cgi\msg\msg.cgi --> www.erenetwork.com /public_html/ravens/cgi/msg msg.cgi
101.11.11 21:02 A D:\website\ravensnew\cgi\msg\msg.cgi --> www.erenetwork.com /public_html/ravens/cgi/msg msg.cgi
101.11.11 21:04 A D:\website\ravensnew\cgi\msg\msg.cgi --> www.erenetwork.com /public_html/ravens/cgi/msg msg.cgi
101.11.11 21:05 A D:\website\ravensnew\cgi\msg\msg.cgi --> www.erenetwork.com /public_html/ravens/cgi/msg msg.cgi
101.11.11 21:06 A D:\website\ravensnew\cgi\msg\msg.cgi --> www.erenetwork.com /public_html/ravens/cgi/msg msg.cgi
101.11.11 21:07 A D:\website\ravensnew\cgi\msg\msg.cgi --> www.erenetwork.com /public_html/ravens/cgi/msg msg.cgi
101.11.11 21:11 A D:\website\ravensnew\cgi\msg\msg.cgi --> www.erenetwork.com /public_html/ravens/cgi/msg msg.cgi
101.11.11 21:16 A D:\website\ravensnew\cgi\msg\msg.cgi --> www.erenetwork.com /public_html/ravens/cgi/msg msg.cgi
101.11.11 21:17 A D:\website\ravensnew\cgi\msg\count.txt --> www.erenetwork.com /public_html/ravens/cgi/msg count.txt
101.11.11 21:17 A D:\website\ravensnew\cgi\msg\1 <-- ERE /public_html/ravens/cgi/msg/msges 1
101.11.11 21:17 A D:\website\ravensnew\cgi\msg\msg.cgi --> www.erenetwork.com /public_html/ravens/cgi/msg msg.cgi
101.11.11 21:19 A D:\website\ravensnew\cgi\msg\msg.cgi --> www.erenetwork.com /public_html/ravens/cgi/msg msg.cgi
101.11.11 21:19 A D:\website\ravensnew\cgi\msg\count.txt --> www.erenetwork.com /public_html/ravens/cgi/msg count.txt
101.11.11 21:20 A D:\website\ravensnew\cgi\msg\count.txt --> www.erenetwork.com /public_html/ravens/cgi/msg count.txt
101.11.11 21:22 A D:\website\ravensnew\cgi\msg\msg.cgi --> www.erenetwork.com /public_html/ravens/cgi/msg msg.cgi
101.11.11 21:22 A D:\website\ravensnew\cgi\msg\msg.cgi --> www.erenetwork.com /public_html/ravens/cgi/msg msg.cgi
101.11.11 21:23 A D:\website\ravensnew\cgi\msg\msg.cgi --> www.erenetwork.com /public_html/ravens/cgi/msg msg.cgi
101.11.11 21:23 A D:\website\ravensnew\cgi\msg\count.txt --> www.erenetwork.com /public_html/ravens/cgi/msg count.txt
101.11.11 21:23 A D:\website\ravensnew\cgi\msg\count.txt --> www.erenetwork.com /public_html/ravens/cgi/msg count.txt
101.11.11 21:24 A D:\website\ravensnew\cgi\msg\msg.cgi --> www.erenetwork.com /public_html/ravens/cgi/msg msg.cgi
101.11.11 21:28 A D:\website\ravensnew\cgi\msg\msg.cgi --> www.erenetwork.com /public_html/ravens/cgi/msg msg.cgi
101.11.11 21:28 A D:\website\ravensnew\cgi\msg\count.txt --> www.erenetwork.com /public_html/ravens/cgi/msg count.txt
101.11.11 21:29 A D:\website\ravensnew\cgi\msg\msg.cgi --> www.erenetwork.com /public_html/ravens/cgi/msg msg.cgi
101.11.11 21:36 A D:\website\ravensnew\cgi\msg\msg.cgi --> www.erenetwork.com /public_html/ravens/cgi/msg msg.cgi
101.11.11 21:40 A D:\website\ravensnew\cgi\msg\msg.cgi --> www.erenetwork.com /public_html/ravens/cgi/msg msg.cgi
101.11.11 21:40 A D:\website\ravensnew\cgi\msg\msg.cgi --> www.erenetwork.com /public_html/ravens/cgi/msg msg.cgi
101.11.11 21:42 A D:\website\ravensnew\cgi\msg\msg.cgi --> www.erenetwork.com /public_html/ravens/cgi/msg msg.cgi
101.11.11 21:43 A D:\website\ravensnew\cgi\msg\msg.cgi --> www.erenetwork.com /public_html/ravens/cgi/msg msg.cgi
101.11.11 21:47 A D:\website\ravensnew\cgi\msg\msg.cgi --> www.erenetwork.com /public_html/ravens/cgi/msg msg.cgi
101.11.11 21:48 A D:\website\ravensnew\cgi\msg\msg.cgi --> www.erenetwork.com /public_html/ravens/cgi/msg msg.cgi
101.11.11 21:49 A D:\website\ravensnew\cgi\msg\msg.cgi --> www.erenetwork.com /public_html/ravens/cgi/msg msg.cgi
