98.01.08 02:54 B C:\d0tt.com\404.shtml <-- addr /usr6/home/byron/public_html 404.shtml
98.01.08 02:54 B C:\d0tt.com\90s.shtml <-- addr /usr6/home/byron/public_html 90s.shtml
98.01.08 02:54 B C:\d0tt.com\adam.shtml <-- addr /usr6/home/byron/public_html adam.shtml
98.01.08 02:54 B C:\d0tt.com\ads.jpg <-- addr /usr6/home/byron/public_html ads.jpg
98.01.08 02:54 B C:\d0tt.com\ads.shtml <-- addr /usr6/home/byron/public_html ads.shtml
98.01.08 02:54 B C:\d0tt.com\b1.jpg <-- addr /usr6/home/byron/public_html b1.jpg
98.01.08 02:55 B C:\d0tt.com\banbot.JPG <-- addr /usr6/home/byron/public_html banbot.JPG
98.01.08 02:55 B C:\d0tt.com\banner.gif <-- addr /usr6/home/byron/public_html banner.gif
98.01.08 02:55 B C:\d0tt.com\banner.shtml <-- addr /usr6/home/byron/public_html banner.shtml
98.01.08 02:55 B C:\d0tt.com\bantop.JPG <-- addr /usr6/home/byron/public_html bantop.JPG
98.01.08 02:55 B C:\d0tt.com\blind.shtml <-- addr /usr6/home/byron/public_html blind.shtml
98.01.08 02:55 B C:\d0tt.com\blueleft.gif <-- addr /usr6/home/byron/public_html blueleft.gif
98.01.08 02:55 B C:\d0tt.com\blueright.gif <-- addr /usr6/home/byron/public_html blueright.gif
98.01.08 02:55 B C:\d0tt.com\chat.html <-- addr /usr6/home/byron/public_html chat.html
98.01.08 02:55 B C:\d0tt.com\compt1.shtml <-- addr /usr6/home/byron/public_html compt1.shtml
98.01.08 02:55 B C:\d0tt.com\compt2.html <-- addr /usr6/home/byron/public_html compt2.html
98.01.08 02:55 B C:\d0tt.com\domain.shtml <-- addr /usr6/home/byron/public_html domain.shtml
98.01.08 02:55 B C:\d0tt.com\dot.JPG <-- addr /usr6/home/byron/public_html dot.JPG
98.01.08 02:55 B C:\d0tt.com\email.shtml <-- addr /usr6/home/byron/public_html email.shtml
98.01.08 02:55 B C:\d0tt.com\firsttime.shtml <-- addr /usr6/home/byron/public_html firsttime.shtml
98.01.08 02:55 B C:\d0tt.com\frog.shtml <-- addr /usr6/home/byron/public_html frog.shtml
98.01.08 02:55 B C:\d0tt.com\funny.shtml <-- addr /usr6/home/byron/public_html funny.shtml
98.01.08 02:55 B C:\d0tt.com\girls.shtml <-- addr /usr6/home/byron/public_html girls.shtml
98.01.08 02:55 B C:\d0tt.com\guest.shtml <-- addr /usr6/home/byron/public_html guest.shtml
98.01.08 02:55 B C:\d0tt.com\guestbook.data <-- addr /usr6/home/byron/public_html guestbook.data
98.01.08 02:55 B C:\d0tt.com\guys.shtml <-- addr /usr6/home/byron/public_html guys.shtml
98.01.08 02:55 B C:\d0tt.com\imac.gif <-- addr /usr6/home/byron/public_html imac.gif
98.01.08 02:56 B C:\d0tt.com\imac.shtml <-- addr /usr6/home/byron/public_html imac.shtml
98.01.08 02:56 B C:\d0tt.com\index.shtml <-- addr /usr6/home/byron/public_html index.shtml
98.01.08 02:56 B C:\d0tt.com\index2.shtml <-- addr /usr6/home/byron/public_html index2.shtml
98.01.08 02:56 B C:\d0tt.com\intchip.jpg <-- addr /usr6/home/byron/public_html intchip.jpg
98.01.08 02:56 B C:\d0tt.com\johnny.shtml <-- addr /usr6/home/byron/public_html johnny.shtml
98.01.08 02:56 B C:\d0tt.com\jokes.shtml <-- addr /usr6/home/byron/public_html jokes.shtml
98.01.08 02:56 B C:\d0tt.com\lcdgts_a.gif <-- addr /usr6/home/byron/public_html lcdgts_a.gif
98.01.08 02:56 B C:\d0tt.com\LiveCounter.class <-- addr /usr6/home/byron/public_html LiveCounter.class
98.01.08 02:56 B C:\d0tt.com\logo.gif <-- addr /usr6/home/byron/public_html logo.gif
98.01.08 02:56 B C:\d0tt.com\logo.jpg <-- addr /usr6/home/byron/public_html logo.jpg
98.01.08 02:56 B C:\d0tt.com\main.html <-- addr /usr6/home/byron/public_html main.html
98.01.08 02:56 B C:\d0tt.com\nerd.shtml <-- addr /usr6/home/byron/public_html nerd.shtml
98.01.08 02:56 B C:\d0tt.com\newp.shtml <-- addr /usr6/home/byron/public_html newp.shtml
98.01.08 02:56 B C:\d0tt.com\nodrug.jpg <-- addr /usr6/home/byron/public_html nodrug.jpg
98.01.08 02:56 B C:\d0tt.com\Page1.html <-- addr /usr6/home/byron/public_html Page1.html
98.01.08 02:56 B C:\d0tt.com\Page2.html <-- addr /usr6/home/byron/public_html Page2.html
98.01.08 02:56 B C:\d0tt.com\perl.shtml <-- addr /usr6/home/byron/public_html perl.shtml
98.01.08 02:56 B C:\d0tt.com\pic1.gif <-- addr /usr6/home/byron/public_html pic1.gif
98.01.08 02:56 B C:\d0tt.com\pic2.gif <-- addr /usr6/home/byron/public_html pic2.gif
98.01.08 02:56 B C:\d0tt.com\pic3.gif <-- addr /usr6/home/byron/public_html pic3.gif
98.01.08 02:56 B C:\d0tt.com\post.shtml <-- addr /usr6/home/byron/public_html post.shtml
98.01.08 02:56 B C:\d0tt.com\quote.shtml <-- addr /usr6/home/byron/public_html quote.shtml
98.01.08 02:56 B C:\d0tt.com\rank.shtml <-- addr /usr6/home/byron/public_html rank.shtml
98.01.08 02:56 B C:\d0tt.com\redleft.gif <-- addr /usr6/home/byron/public_html redleft.gif
98.01.08 02:56 B C:\d0tt.com\redright.gif <-- addr /usr6/home/byron/public_html redright.gif
98.01.08 02:56 B C:\d0tt.com\remote.shtml <-- addr /usr6/home/byron/public_html remote.shtml
98.01.08 02:56 B C:\d0tt.com\sbl.JPG <-- addr /usr6/home/byron/public_html sbl.JPG
98.01.08 02:57 B C:\d0tt.com\search.shtml <-- addr /usr6/home/byron/public_html search.shtml
98.01.08 02:57 B C:\d0tt.com\sendasite.shtml <-- addr /usr6/home/byron/public_html sendasite.shtml
98.01.08 02:57 B C:\d0tt.com\shit.shtml <-- addr /usr6/home/byron/public_html shit.shtml
98.01.08 02:57 B C:\d0tt.com\ss.bmp <-- addr /usr6/home/byron/public_html ss.bmp
98.01.08 02:57 B C:\d0tt.com\ss.shtml <-- addr /usr6/home/byron/public_html ss.shtml
98.01.08 02:57 B C:\d0tt.com\subd.jpg <-- addr /usr6/home/byron/public_html subd.jpg
98.01.08 02:57 B C:\d0tt.com\tbru.shtml <-- addr /usr6/home/byron/public_html tbru.shtml
98.01.08 02:57 B C:\d0tt.com\tee.shtml <-- addr /usr6/home/byron/public_html tee.shtml
98.01.08 02:57 B C:\d0tt.com\test.jpg <-- addr /usr6/home/byron/public_html test.jpg
98.01.08 02:58 B C:\d0tt.com\toothb~1.bmp <-- addr /usr6/home/byron/public_html toothb~1.bmp
98.01.08 02:58 B C:\d0tt.com\wav.shtml <-- addr /usr6/home/byron/public_html wav.shtml
98.01.08 02:58 B C:\d0tt.com\yourad.gif <-- addr /usr6/home/byron/public_html yourad.gif
98.01.16 01:23 B C:\d0tt.com\domain.shtml --> ftp.addr.com /usr6/home/byron/public_html domain.shtml
98.01.16 01:24 B C:\d0tt.com\index2.shtml --> ftp.addr.com /usr6/home/byron/public_html index2.shtml
98.01.16 01:28 A C:\d0tt.com\index2.shtml --> ftp.addr.com /usr6/home/byron/public_html index2.shtml
98.01.16 01:29 A C:\d0tt.com\index2.shtml --> ftp.addr.com /usr6/home/byron/public_html index2.shtml
98.01.16 01:30 A C:\d0tt.com\index2.shtml --> ftp.addr.com /usr6/home/byron/public_html index2.shtml
98.01.16 01:38 A C:\d0tt.com\404.shtml --> ftp.addr.com /usr6/home/byron/public_html/cgi-bin/ssi 404.shtml
