2003.06.20 16:56 B C:\Documents and Settings\Byron Chilton\My Documents\website\oldcrap\ere\counter\1\-.gif --> www.eqguilded.com /public_html/counter/1 -.gif
2003.06.20 16:56 B C:\Documents and Settings\Byron Chilton\My Documents\website\oldcrap\ere\counter\1\0.gif --> www.eqguilded.com /public_html/counter/1 0.gif
2003.06.20 16:56 B C:\Documents and Settings\Byron Chilton\My Documents\website\oldcrap\ere\counter\1\1.gif --> www.eqguilded.com /public_html/counter/1 1.gif
2003.06.20 16:56 B C:\Documents and Settings\Byron Chilton\My Documents\website\oldcrap\ere\counter\1\2.gif --> www.eqguilded.com /public_html/counter/1 2.gif
2003.06.20 16:56 B C:\Documents and Settings\Byron Chilton\My Documents\website\oldcrap\ere\counter\1\3.gif --> www.eqguilded.com /public_html/counter/1 3.gif
2003.06.20 16:56 B C:\Documents and Settings\Byron Chilton\My Documents\website\oldcrap\ere\counter\1\4.gif --> www.eqguilded.com /public_html/counter/1 4.gif
2003.06.20 16:56 B C:\Documents and Settings\Byron Chilton\My Documents\website\oldcrap\ere\counter\1\5.gif --> www.eqguilded.com /public_html/counter/1 5.gif
2003.06.20 16:56 B C:\Documents and Settings\Byron Chilton\My Documents\website\oldcrap\ere\counter\1\6.gif --> www.eqguilded.com /public_html/counter/1 6.gif
2003.06.20 16:56 B C:\Documents and Settings\Byron Chilton\My Documents\website\oldcrap\ere\counter\1\7.gif --> www.eqguilded.com /public_html/counter/1 7.gif
2003.06.20 16:56 B C:\Documents and Settings\Byron Chilton\My Documents\website\oldcrap\ere\counter\1\8.gif --> www.eqguilded.com /public_html/counter/1 8.gif
2003.06.20 16:56 B C:\Documents and Settings\Byron Chilton\My Documents\website\oldcrap\ere\counter\1\9.gif --> www.eqguilded.com /public_html/counter/1 9.gif
2003.06.20 16:56 B C:\Documents and Settings\Byron Chilton\My Documents\website\oldcrap\ere\counter\1\a.gif --> www.eqguilded.com /public_html/counter/1 a.gif
2003.06.20 16:56 B C:\Documents and Settings\Byron Chilton\My Documents\website\oldcrap\ere\counter\1\p.gif --> www.eqguilded.com /public_html/counter/1 p.gif
2003.06.20 16:56 B C:\Documents and Settings\Byron Chilton\My Documents\website\oldcrap\ere\counter\1\pspbrwse.jbf --> www.eqguilded.com /public_html/counter/1 pspbrwse.jbf
2003.06.20 17:14 B C:\Documents and Settings\Byron Chilton\My Documents\website\oldcrap\ere\counter\1\0.gif --> www.eqguilded.com /public_html/counter/1 0.gif
2003.06.20 17:14 B C:\Documents and Settings\Byron Chilton\My Documents\website\oldcrap\ere\counter\1\1.gif --> www.eqguilded.com /public_html/counter/1 1.gif
2003.06.20 17:14 B C:\Documents and Settings\Byron Chilton\My Documents\website\oldcrap\ere\counter\1\2.gif --> www.eqguilded.com /public_html/counter/1 2.gif
2003.06.20 17:14 B C:\Documents and Settings\Byron Chilton\My Documents\website\oldcrap\ere\counter\1\3.gif --> www.eqguilded.com /public_html/counter/1 3.gif
2003.06.20 17:14 B C:\Documents and Settings\Byron Chilton\My Documents\website\oldcrap\ere\counter\1\4.gif --> www.eqguilded.com /public_html/counter/1 4.gif
2003.06.20 17:14 B C:\Documents and Settings\Byron Chilton\My Documents\website\oldcrap\ere\counter\1\5.gif --> www.eqguilded.com /public_html/counter/1 5.gif
2003.06.20 17:14 B C:\Documents and Settings\Byron Chilton\My Documents\website\oldcrap\ere\counter\1\6.gif --> www.eqguilded.com /public_html/counter/1 6.gif
2003.06.20 17:14 B C:\Documents and Settings\Byron Chilton\My Documents\website\oldcrap\ere\counter\1\7.gif --> www.eqguilded.com /public_html/counter/1 7.gif
2003.06.20 17:14 B C:\Documents and Settings\Byron Chilton\My Documents\website\oldcrap\ere\counter\1\8.gif --> www.eqguilded.com /public_html/counter/1 8.gif
2003.06.20 17:14 B C:\Documents and Settings\Byron Chilton\My Documents\website\oldcrap\ere\counter\1\9.gif --> www.eqguilded.com /public_html/counter/1 9.gif
