Last_Visited|05/31/04 - 18:04:24
158|05/28/04 - 13:51:22
164|05/28/04 - 13:50:20
160|05/28/04 - 13:49:57
144|05/28/04 - 13:49:50
officer|05/28/04 - 13:47:38
membersonly|05/25/04 - 18:01:52
apply|05/12/04 - 07:05:55
general|05/12/04 - 11:59:07
79|05/25/04 - 18:46:50
145|05/25/04 - 18:45:09
48|05/25/04 - 12:48:04
raid|05/25/04 - 07:19:52
141|05/25/04 - 12:45:34
134|05/25/04 - 12:45:05
143|05/25/04 - 12:44:44
142|05/25/04 - 12:44:25
135|05/25/04 - 12:43:16
131|05/23/04 - 14:33:35
133|05/23/04 - 14:33:23
104|05/23/04 - 14:32:37
124|05/23/04 - 14:31:20
128|05/23/04 - 14:30:56
132|05/23/04 - 14:28:09
110|05/22/04 - 14:21:29
113|05/22/04 - 14:21:11
129|05/22/04 - 14:19:55
44|05/22/04 - 14:19:07
123|05/22/04 - 14:18:20
127|05/22/04 - 14:17:57
122|05/22/04 - 14:17:41
114|05/22/04 - 14:17:04
126|05/22/04 - 14:16:11
130|05/22/04 - 14:16:08
115|05/21/04 - 14:40:32
111|05/21/04 - 14:39:55
118|05/21/04 - 14:39:42
120|05/21/04 - 14:37:53
121|05/21/04 - 14:35:09
Logged_Off|05/21/04 - 14:32:35
26|05/19/04 - 05:38:40
106|05/19/04 - 05:37:18
92|05/19/04 - 05:35:22
117|05/19/04 - 05:29:56
102|05/18/04 - 05:20:12
112|05/18/04 - 05:19:20
77|05/14/04 - 14:00:34
trade|05/10/04 - 09:01:39
103|05/14/04 - 13:59:56
96|05/14/04 - 13:57:40
56|05/14/04 - 13:57:00
45|05/14/04 - 13:55:46
99|05/14/04 - 13:53:47
49|05/14/04 - 13:51:56
52|05/14/04 - 13:51:41
78|05/11/04 - 08:00:58
86|05/11/04 - 08:00:25
93|05/11/04 - 07:59:51
84|05/10/04 - 17:50:49
85|05/10/04 - 17:50:33
76|05/10/04 - 17:49:53
