Last_Visited|06/03/04 - 09:58:51
166|06/02/04 - 08:54:48
179|06/02/04 - 08:54:25
officer|06/02/04 - 00:14:15
membersonly|06/02/04 - 08:05:50
162|06/02/04 - 04:16:43
178|06/02/04 - 04:15:46
79|06/02/04 - 04:15:28
general|06/01/04 - 21:25:50
164|06/01/04 - 14:32:56
171|06/01/04 - 14:32:02
flag|05/31/04 - 20:56:23
epic|05/31/04 - 23:51:51
raid|05/31/04 - 00:03:36
apply|05/31/04 - 09:40:18
158|06/01/04 - 04:06:49
163|06/01/04 - 04:01:54
144|05/26/04 - 04:26:12
86|05/12/04 - 07:12:01
123|05/20/04 - 08:40:37
130|05/22/04 - 09:30:41
131|05/22/04 - 15:55:50
133|05/23/04 - 00:38:40
104|05/24/04 - 20:21:33
141|05/25/04 - 08:24:48
134|05/25/04 - 09:01:44
145|05/25/04 - 21:39:05
143|05/25/04 - 23:12:30
139|05/25/04 - 23:59:36
142|05/26/04 - 00:04:25
147|05/26/04 - 00:10:18
132|05/25/04 - 04:01:32
126|05/23/04 - 05:11:33
129|05/22/04 - 05:05:55
125|05/22/04 - 05:02:37
115|05/22/04 - 05:02:24
114|05/22/04 - 05:00:42
120|05/22/04 - 04:58:45
124|05/22/04 - 04:58:29
128|05/22/04 - 04:58:23
103|05/20/04 - 03:54:54
49|05/20/04 - 03:54:45
52|05/20/04 - 03:54:30
117|05/20/04 - 03:53:55
118|05/20/04 - 03:53:36
121|05/20/04 - 03:51:55
122|05/20/04 - 03:50:56
77|05/16/04 - 16:12:38
106|05/17/04 - 08:14:28
92|05/17/04 - 08:22:14
111|05/18/04 - 12:57:08
97|05/12/04 - 10:16:17
94|05/12/04 - 21:28:19
98|05/13/04 - 10:14:11
100|05/13/04 - 10:34:28
80|05/13/04 - 17:50:41
101|05/15/04 - 00:26:20
99|05/15/04 - 01:49:35
96|05/15/04 - 07:28:13
78|05/15/04 - 07:34:31
107|05/15/04 - 12:22:04
105|05/16/04 - 16:12:56
108|05/16/04 - 17:54:50
51|05/17/04 - 10:17:29
116|05/18/04 - 09:17:57
109|05/18/04 - 19:25:20
119|05/18/04 - 21:27:26
41|05/19/04 - 02:30:56
73|05/19/04 - 03:07:58
102|05/13/04 - 14:08:02
110|05/17/04 - 01:57:22
112|05/17/04 - 11:32:39
113|05/18/04 - 12:03:55
37|05/17/04 - 21:02:00
