17|05/31/04 - 18:40:32
22|05/31/04 - 18:40:32
Last_Visited|05/31/04 - 18:40:32
63|05/31/04 - 18:39:59
epic|05/28/04 - 02:32:49
173|05/31/04 - 18:39:34
flag|05/31/04 - 18:39:34
150|05/31/04 - 18:33:57
146|05/31/04 - 18:32:16
raid|05/31/04 - 00:03:36
133|05/31/04 - 18:31:54
130|05/31/04 - 18:30:39
141|05/31/04 - 18:29:41
139|05/31/04 - 18:28:20
163|05/31/04 - 18:26:27
171|05/31/04 - 18:25:41
membersonly|05/31/04 - 10:05:47
general|05/31/04 - 10:46:22
174|05/31/04 - 18:09:40
79|05/31/04 - 18:07:16
162|05/31/04 - 18:04:54
161|05/31/04 - 17:58:28
73|05/19/04 - 16:47:33
52|05/19/04 - 16:47:15
103|05/19/04 - 16:46:45
117|05/19/04 - 16:43:09
90|05/19/04 - 16:31:48
62|05/19/04 - 16:07:16
88|05/19/04 - 16:06:44
89|05/19/04 - 16:06:24
54|05/19/04 - 16:06:04
44|05/19/04 - 16:05:37
122|05/19/04 - 16:02:04
41|05/10/04 - 16:08:41
51|05/10/04 - 16:08:21
24|05/10/04 - 15:59:53
