196|04/05/04 - 22:36:30
Last_Visited|04/05/04 - 22:36:30
31|04/05/04 - 22:36:11
178|04/05/04 - 22:32:36
apply|04/05/04 - 21:03:31
flag|03/23/04 - 08:35:47
bard|03/15/04 - 11:31:07
64|03/22/04 - 04:10:04
74|03/22/04 - 04:09:05
30|03/21/04 - 23:40:37
79|03/21/04 - 23:40:13
91|03/21/04 - 23:39:50
raid|03/20/04 - 09:47:00
121|03/21/04 - 23:37:00
125|03/21/04 - 23:36:46
133|03/21/04 - 23:35:49
135|03/21/04 - 23:35:24
148|03/21/04 - 23:34:56
membersonly|03/21/04 - 10:43:34
95|03/21/04 - 23:33:44
55|03/21/04 - 23:32:57
56|03/21/04 - 23:32:13
44|03/21/04 - 23:31:54
48|03/21/04 - 23:30:30
