Last_Visited|05/30/04 - 16:38:26
50|05/30/04 - 16:01:35
apply|05/30/04 - 15:44:40
168|05/30/04 - 16:00:11
167|05/30/04 - 15:59:46
membersonly|05/30/04 - 13:08:01
161|05/30/04 - 15:58:15
63|05/30/04 - 09:56:13
epic|05/28/04 - 02:32:49
165|05/30/04 - 09:55:55
raid|05/30/04 - 09:06:07
162|05/29/04 - 11:10:56
157|05/28/04 - 00:55:55
17|05/27/04 - 16:48:52
148|05/27/04 - 11:32:48
139|05/26/04 - 17:22:35
145|05/26/04 - 17:22:31
87|05/25/04 - 19:02:09
88|05/25/04 - 19:02:00
trade|05/09/04 - 23:56:27
146|05/25/04 - 19:01:49
143|05/25/04 - 19:01:36
79|05/25/04 - 19:01:26
general|05/12/04 - 11:59:07
19|05/22/04 - 20:20:33
73|05/22/04 - 20:20:12
131|05/22/04 - 20:19:49
129|05/22/04 - 16:24:55
104|05/22/04 - 16:16:23
130|05/22/04 - 15:22:03
126|05/22/04 - 15:21:50
71|05/21/04 - 22:40:11
48|05/21/04 - 22:40:03
114|05/21/04 - 22:39:42
123|05/21/04 - 22:39:32
127|05/21/04 - 22:39:13
122|05/21/04 - 22:39:05
115|05/21/04 - 22:39:00
117|05/20/04 - 08:01:28
125|05/20/04 - 08:01:08
100|05/19/04 - 20:46:55
75|05/19/04 - 20:46:33
36|05/19/04 - 20:46:22
31|05/19/04 - 20:46:13
12|05/19/04 - 20:46:02
6|05/19/04 - 20:45:56
8|05/19/04 - 20:45:43
91|05/19/04 - 20:45:31
110|05/19/04 - 20:44:56
119|05/19/04 - 17:36:49
41|05/19/04 - 17:36:34
113|05/19/04 - 17:32:25
105|05/15/04 - 19:27:57
51|05/15/04 - 19:27:29
107|05/15/04 - 14:19:23
99|05/15/04 - 02:58:51
103|05/14/04 - 22:00:41
86|05/14/04 - 20:31:07
78|05/14/04 - 20:31:00
96|05/13/04 - 16:21:32
98|05/13/04 - 16:21:22
80|05/13/04 - 16:19:58
101|05/13/04 - 16:19:18
102|05/13/04 - 16:19:04
90|05/12/04 - 16:22:31
97|05/12/04 - 16:20:15
94|05/12/04 - 16:18:07
85|05/11/04 - 17:23:28
93|05/11/04 - 15:20:36
89|05/10/04 - 16:43:21
84|05/09/04 - 21:41:00
83|05/09/04 - 13:54:03
67|05/09/04 - 11:22:23
82|05/09/04 - 11:20:04
