162|06/02/04 - 07:10:05
Last_Visited|06/02/04 - 07:10:05
membersonly|06/02/04 - 06:10:50
179|06/02/04 - 07:08:46
officer|06/02/04 - 00:14:15
92|06/01/04 - 09:27:00
174|05/31/04 - 18:15:11
general|05/31/04 - 10:46:22
171|05/31/04 - 16:48:18
166|05/31/04 - 16:37:41
145|05/28/04 - 07:49:31
159|05/28/04 - 07:49:08
161|05/28/04 - 07:44:31
160|05/28/04 - 07:43:57
139|05/27/04 - 17:49:49
158|05/27/04 - 17:49:26
156|05/27/04 - 11:31:32
132|05/25/04 - 12:35:00
Logged_Off|05/24/04 - 14:23:01
123|05/21/04 - 14:29:04
122|05/21/04 - 14:28:38
115|05/21/04 - 14:27:28
124|05/21/04 - 14:26:22
128|05/21/04 - 14:26:18
114|05/19/04 - 14:18:36
106|05/19/04 - 12:28:47
121|05/19/04 - 12:26:25
110|05/19/04 - 07:46:25
118|05/19/04 - 07:37:59
120|05/19/04 - 07:34:12
111|05/19/04 - 07:32:41
77|05/14/04 - 13:32:03
94|05/11/04 - 11:29:13
17|05/11/04 - 09:04:15
epic|05/11/04 - 08:06:45
93|05/11/04 - 09:03:38
apply|05/11/04 - 03:45:40
