membersonly|06/02/04 - 14:38:16
Last_Visited|06/02/04 - 20:28:16
complaints|06/02/04 - 14:42:35
171|06/02/04 - 18:35:25
161|06/02/04 - 18:34:46
183|06/02/04 - 18:34:13
flag|05/31/04 - 20:56:23
epic|06/02/04 - 13:16:17
trade|06/02/04 - 07:21:55
raid|06/02/04 - 12:02:01
apply|06/02/04 - 08:34:19
general|06/01/04 - 21:25:50
149|06/02/04 - 14:43:43
146|06/02/04 - 14:42:58
169|06/02/04 - 14:41:01
168|06/02/04 - 14:40:45
177|06/02/04 - 14:40:33
176|06/02/04 - 14:40:11
163|06/02/04 - 14:38:38
182|06/02/04 - 14:38:16
178|06/02/04 - 14:33:47
174|05/31/04 - 19:57:21
133|05/31/04 - 00:40:57
139|05/31/04 - 00:39:51
167|05/31/04 - 00:38:57
131|05/30/04 - 06:27:29
86|05/30/04 - 06:22:35
162|05/29/04 - 23:58:05
145|05/29/04 - 23:57:51
159|05/29/04 - 23:57:36
143|05/27/04 - 00:31:17
141|05/26/04 - 09:02:45
142|05/26/04 - 08:59:09
79|05/26/04 - 08:49:47
84|05/26/04 - 08:49:23
50|05/26/04 - 08:49:12
104|05/23/04 - 15:23:08
119|05/22/04 - 09:58:42
114|05/22/04 - 09:53:18
130|05/22/04 - 09:53:04
41|05/21/04 - 23:31:02
78|05/21/04 - 21:42:58
15|05/20/04 - 18:17:40
71|05/20/04 - 18:17:07
17|05/20/04 - 18:16:44
5|05/20/04 - 18:16:33
63|05/20/04 - 18:16:18
87|05/20/04 - 18:16:04
62|05/20/04 - 18:15:35
110|05/20/04 - 18:12:33
123|05/20/04 - 18:10:22
127|05/20/04 - 18:10:07
126|05/20/04 - 18:09:07
99|05/19/04 - 16:35:39
108|05/19/04 - 16:34:41
97|05/19/04 - 14:59:20
122|05/19/04 - 13:59:07
112|05/18/04 - 19:47:35
73|05/18/04 - 19:36:48
109|05/18/04 - 19:25:20
65|05/15/04 - 04:17:34
66|05/15/04 - 04:16:21
85|05/15/04 - 04:15:57
94|05/15/04 - 04:11:20
93|05/15/04 - 04:10:40
105|05/15/04 - 04:05:01
96|05/14/04 - 04:01:35
80|05/14/04 - 03:58:42
