Logged_Off|05/22/04 - 12:31:04
Last_Visited|05/22/04 - 12:31:04
112|05/22/04 - 12:30:48
129|05/22/04 - 12:29:40
general|05/21/04 - 22:38:54
107|05/16/04 - 15:55:25
membersonly|05/16/04 - 11:08:51
105|05/14/04 - 17:06:06
99|05/14/04 - 17:05:49
98|05/14/04 - 17:05:36
104|05/14/04 - 17:05:17
96|05/12/04 - 11:51:38
93|05/12/04 - 11:51:21
raid|05/10/04 - 11:37:39
86|05/10/04 - 12:05:57
78|05/09/04 - 14:42:33
45|05/08/04 - 21:35:27
80|05/08/04 - 21:35:15
41|05/08/04 - 21:34:36
82|05/08/04 - 21:34:19
83|05/08/04 - 21:34:13
61|05/07/04 - 17:32:57
73|05/07/04 - 15:04:23
48|05/07/04 - 12:35:28
epic|05/07/04 - 08:36:05
63|05/07/04 - 12:34:12
17|05/07/04 - 12:33:41
27|05/07/04 - 11:55:36
