187|06/03/04 - 07:43:35
Last_Visited|06/03/04 - 07:43:35
officer|06/03/04 - 07:35:43
183|06/03/04 - 07:27:28
complaints|06/03/04 - 02:26:47
membersonly|06/03/04 - 06:59:29
186|06/03/04 - 06:59:40
185|06/03/04 - 06:58:16
179|06/02/04 - 22:38:14
146|06/02/04 - 08:37:30
157|06/02/04 - 08:36:53
raid|06/02/04 - 08:32:09
178|06/02/04 - 02:02:16
174|06/01/04 - 10:53:20
general|06/01/04 - 10:53:20
Logged_Off|06/01/04 - 07:12:22
141|06/01/04 - 05:41:55
171|06/01/04 - 05:41:16
166|06/01/04 - 05:40:02
flag|05/30/04 - 23:48:27
170|05/30/04 - 23:48:28
163|05/30/04 - 23:29:53
162|05/30/04 - 23:24:21
167|05/30/04 - 23:24:04
161|05/30/04 - 23:20:43
164|05/30/04 - 23:20:17
160|05/30/04 - 23:12:42
156|05/30/04 - 23:10:59
159|05/27/04 - 22:14:11
128|05/26/04 - 21:35:37
144|05/26/04 - 21:35:31
142|05/26/04 - 12:48:14
139|05/26/04 - 12:29:42
152|05/26/04 - 12:28:14
132|05/26/04 - 12:27:03
121|05/26/04 - 12:08:46
148|05/26/04 - 05:03:40
145|05/25/04 - 15:18:28
143|05/25/04 - 15:18:05
apply|05/25/04 - 07:22:42
134|05/25/04 - 08:12:28
135|05/24/04 - 16:21:11
136|05/24/04 - 16:18:03
137|05/24/04 - 16:17:33
119|05/24/04 - 03:31:06
52|05/23/04 - 21:42:38
113|05/23/04 - 21:42:00
93|05/23/04 - 21:41:32
104|05/23/04 - 21:40:50
133|05/23/04 - 21:40:40
129|05/22/04 - 21:46:40
131|05/22/04 - 18:57:10
130|05/22/04 - 07:48:32
114|05/22/04 - 07:47:25
115|05/21/04 - 07:58:15
125|05/20/04 - 23:46:54
122|05/20/04 - 23:46:26
127|05/20/04 - 23:46:11
123|05/20/04 - 23:45:54
106|05/20/04 - 04:45:28
117|05/19/04 - 22:20:36
124|05/19/04 - 22:18:16
111|05/19/04 - 09:00:41
120|05/19/04 - 08:56:29
118|05/19/04 - 01:15:44
116|05/18/04 - 06:20:44
102|05/17/04 - 07:13:31
110|05/17/04 - 07:12:54
109|05/16/04 - 18:11:27
76|05/16/04 - 16:33:43
92|05/16/04 - 16:31:42
77|05/16/04 - 16:12:38
78|05/16/04 - 16:06:22
51|05/16/04 - 16:02:35
108|05/16/04 - 16:00:46
103|05/14/04 - 07:52:53
96|05/14/04 - 07:50:21
41|05/14/04 - 07:49:53
18|05/13/04 - 12:18:04
22|05/13/04 - 12:17:19
epic|05/12/04 - 06:55:20
48|05/13/04 - 12:16:41
49|05/13/04 - 12:16:31
80|05/13/04 - 12:13:22
97|05/13/04 - 05:33:55
95|05/12/04 - 04:04:49
