185|06/03/04 - 07:12:49
Last_Visited|06/03/04 - 07:12:49
officer|06/03/04 - 02:31:02
79|06/02/04 - 00:46:58
general|06/01/04 - 21:25:50
15|06/01/04 - 16:27:25
flag|05/31/04 - 20:56:23
175|06/01/04 - 16:27:05
epic|06/01/04 - 08:21:18
raid|05/31/04 - 00:03:36
apply|06/01/04 - 09:43:58
membersonly|06/01/04 - 16:23:44
162|06/01/04 - 16:23:44
171|06/01/04 - 16:14:47
84|06/01/04 - 16:14:22
176|06/01/04 - 16:13:39
37|06/01/04 - 08:18:03
44|06/01/04 - 07:41:15
170|06/01/04 - 07:41:00
172|06/01/04 - 07:40:45
173|06/01/04 - 07:40:21
156|06/01/04 - 07:32:08
174|06/01/04 - 07:31:22
121|06/01/04 - 07:24:03
106|06/01/04 - 07:23:46
34|06/01/04 - 07:22:09
169|06/01/04 - 07:16:31
168|06/01/04 - 07:16:08
92|06/01/04 - 07:12:40
164|06/01/04 - 06:52:35
166|06/01/04 - 06:49:58
118|05/30/04 - 23:09:23
17|05/30/04 - 23:07:51
87|05/30/04 - 23:06:29
71|05/30/04 - 23:06:03
63|05/30/04 - 23:05:31
54|05/30/04 - 23:05:02
53|05/30/04 - 23:04:51
59|05/30/04 - 23:04:38
88|05/30/04 - 23:04:16
165|05/30/04 - 23:00:41
146|05/30/04 - 22:59:09
167|05/30/04 - 08:20:41
139|05/29/04 - 06:51:22
161|05/29/04 - 06:50:25
151|05/29/04 - 06:50:06
157|05/29/04 - 06:49:35
149|05/29/04 - 06:47:52
128|05/29/04 - 06:47:29
160|05/29/04 - 06:47:12
158|05/28/04 - 13:34:57
Logged_Off|05/28/04 - 09:09:07
76|05/27/04 - 08:12:19
50|05/27/04 - 08:08:16
22|05/27/04 - 08:07:25
150|05/27/04 - 08:05:29
148|05/27/04 - 08:02:54
152|05/26/04 - 16:39:39
144|05/26/04 - 16:38:02
147|05/26/04 - 07:12:27
143|05/26/04 - 07:11:21
7|05/25/04 - 15:19:51
26|05/25/04 - 15:18:22
5|05/25/04 - 15:16:06
140|05/25/04 - 15:15:28
70|05/25/04 - 07:40:46
117|05/25/04 - 07:29:56
52|05/25/04 - 07:29:42
49|05/25/04 - 07:29:37
103|05/25/04 - 07:28:40
48|05/25/04 - 07:27:26
113|05/25/04 - 07:27:05
13|05/25/04 - 07:26:19
134|05/25/04 - 07:24:00
135|05/25/04 - 07:22:42
132|05/25/04 - 07:21:58
85|05/24/04 - 11:38:00
1|05/24/04 - 11:35:05
69|05/24/04 - 11:34:48
111|05/20/04 - 13:54:38
124|05/20/04 - 13:50:52
