Last_Visited|
175|06/01/04 - 20:36:04
epic|06/01/04 - 08:21:18
membersonly|06/01/04 - 20:24:10
163|06/01/04 - 20:34:23
63|05/31/04 - 19:27:08
5|05/31/04 - 19:24:08
59|05/31/04 - 19:23:18
88|05/31/04 - 19:22:43
general|05/31/04 - 10:46:22
173|05/31/04 - 19:22:15
170|05/31/04 - 19:21:49
flag|05/31/04 - 18:42:09
172|05/31/04 - 18:42:41
174|05/31/04 - 18:37:22
157|05/31/04 - 18:36:32
raid|05/31/04 - 00:03:36
171|05/31/04 - 18:32:42
165|05/30/04 - 19:48:37
15|05/30/04 - 19:48:00
44|05/30/04 - 19:47:21
167|05/30/04 - 12:34:34
162|05/28/04 - 21:04:45
79|05/28/04 - 20:50:50
50|05/28/04 - 20:50:28
apply|05/12/04 - 07:05:55
161|05/28/04 - 10:32:03
149|05/28/04 - 10:30:34
148|05/28/04 - 10:29:42
145|05/26/04 - 19:09:08
146|05/25/04 - 19:51:32
48|05/25/04 - 19:50:44
134|05/25/04 - 19:49:41
139|05/25/04 - 19:49:23
141|05/25/04 - 19:44:31
142|05/25/04 - 19:44:06
143|05/25/04 - 19:43:49
1|05/22/04 - 19:09:28
65|05/22/04 - 19:08:17
69|05/22/04 - 19:07:53
84|05/22/04 - 19:07:43
130|05/22/04 - 19:05:14
126|05/22/04 - 19:04:22
131|05/22/04 - 19:00:25
104|05/22/04 - 19:00:21
115|05/21/04 - 14:12:19
49|05/21/04 - 14:11:56
52|05/21/04 - 14:11:53
117|05/21/04 - 14:05:58
103|05/21/04 - 13:55:53
123|05/20/04 - 17:39:26
127|05/20/04 - 17:18:35
105|05/17/04 - 22:12:17
73|05/17/04 - 22:10:45
114|05/17/04 - 22:10:31
86|05/17/04 - 22:09:35
94|05/17/04 - 22:09:24
41|05/17/04 - 22:01:47
109|05/17/04 - 22:01:09
85|05/17/04 - 22:00:22
