Logged_Off|06/02/04 - 08:53:30
Last_Visited|06/02/04 - 08:53:30
92|06/02/04 - 05:13:23
34|06/02/04 - 05:12:03
166|06/02/04 - 05:11:14
officer|06/02/04 - 00:14:15
164|05/29/04 - 00:43:24
156|05/29/04 - 00:40:03
apply|05/12/04 - 07:05:55
121|05/22/04 - 03:35:09
128|05/22/04 - 03:34:58
120|05/22/04 - 03:32:29
111|05/22/04 - 03:29:44
106|05/22/04 - 03:28:51
51|05/16/04 - 00:34:34
membersonly|05/15/04 - 14:52:33
50|05/16/04 - 00:33:38
66|05/16/04 - 00:32:35
85|05/16/04 - 00:32:13
107|05/16/04 - 00:31:37
76|05/15/04 - 01:37:10
