epic|06/02/04 - 23:33:51
Last_Visited|06/03/04 - 11:49:12
181|06/03/04 - 00:07:44
184|06/03/04 - 00:07:24
5|06/03/04 - 00:07:09
70|06/02/04 - 10:50:15
37|06/02/04 - 10:49:27
175|06/02/04 - 10:49:11
22|06/02/04 - 10:39:33
148|06/02/04 - 10:35:05
raid|06/02/04 - 08:45:57
168|06/02/04 - 10:33:34
177|06/02/04 - 10:33:14
176|06/02/04 - 10:32:32
169|06/02/04 - 10:31:56
84|06/02/04 - 10:31:08
50|06/02/04 - 10:30:12
apply|06/02/04 - 08:34:19
174|06/01/04 - 10:49:02
general|06/01/04 - 07:22:27
79|06/01/04 - 10:47:07
172|05/31/04 - 20:17:05
flag|05/31/04 - 19:24:51
membersonly|05/31/04 - 10:05:47
157|05/31/04 - 20:11:14
149|05/31/04 - 20:10:59
