Last_Visited|06/03/04 - 00:58:37
182|06/03/04 - 00:42:53
178|06/03/04 - 00:41:57
141|06/03/04 - 00:39:48
162|06/03/04 - 00:39:02
163|06/03/04 - 00:38:28
171|06/03/04 - 00:37:48
130|06/03/04 - 00:37:35
membersonly|06/03/04 - 00:18:24
71|05/31/04 - 06:50:10
epic|05/28/04 - 02:32:49
170|05/31/04 - 06:49:41
flag|05/30/04 - 23:48:27
157|05/31/04 - 06:48:58
146|05/31/04 - 06:48:13
165|05/31/04 - 06:45:37
149|05/31/04 - 06:44:51
151|05/31/04 - 06:39:58
150|05/31/04 - 06:34:46
raid|05/31/04 - 00:03:36
161|05/31/04 - 06:34:15
167|05/30/04 - 12:30:53
159|05/30/04 - 12:28:51
145|05/30/04 - 12:27:33
131|05/29/04 - 12:46:11
general|05/12/04 - 11:59:07
139|05/26/04 - 13:17:13
152|05/26/04 - 13:16:24
143|05/26/04 - 13:16:17
147|05/26/04 - 06:29:00
142|05/26/04 - 06:28:50
148|05/26/04 - 06:28:35
48|05/26/04 - 06:28:05
134|05/26/04 - 01:45:26
104|05/25/04 - 04:59:15
137|05/25/04 - 04:59:09
136|05/25/04 - 04:58:59
133|05/25/04 - 04:58:45
126|05/25/04 - 04:58:32
114|05/25/04 - 04:57:53
115|05/22/04 - 23:45:06
105|05/22/04 - 23:44:50
117|05/22/04 - 23:43:52
52|05/22/04 - 23:43:43
49|05/22/04 - 23:43:38
108|05/22/04 - 01:30:01
25|05/22/04 - 01:29:42
27|05/21/04 - 22:56:24
31|05/21/04 - 22:56:19
36|05/21/04 - 22:56:16
12|05/21/04 - 22:55:50
23|05/21/04 - 22:55:27
6|05/21/04 - 22:55:22
24|05/21/04 - 22:54:14
35|05/21/04 - 22:54:10
60|05/21/04 - 22:54:05
57|05/21/04 - 22:54:01
58|05/21/04 - 22:53:57
42|05/21/04 - 22:53:54
100|05/21/04 - 22:53:35
47|05/21/04 - 22:52:56
56|05/21/04 - 22:52:53
75|05/21/04 - 22:52:47
61|05/21/04 - 22:52:44
45|05/21/04 - 22:52:16
74|05/21/04 - 22:52:13
93|05/21/04 - 22:51:59
67|05/21/04 - 22:51:56
80|05/21/04 - 22:51:52
96|05/21/04 - 22:51:49
107|05/21/04 - 22:51:31
122|05/21/04 - 14:51:17
127|05/21/04 - 14:50:52
123|05/21/04 - 14:50:24
125|05/21/04 - 14:50:20
41|05/21/04 - 14:48:46
119|05/21/04 - 14:45:38
78|05/21/04 - 14:44:44
99|05/21/04 - 14:43:56
101|05/21/04 - 14:43:22
98|05/21/04 - 14:36:41
94|05/21/04 - 14:36:34
86|05/21/04 - 14:36:29
97|05/21/04 - 14:36:21
103|05/19/04 - 21:15:44
51|05/19/04 - 04:19:24
116|05/19/04 - 04:18:15
109|05/19/04 - 04:17:09
73|05/19/04 - 04:02:22
15|05/19/04 - 03:39:07
44|05/19/04 - 03:38:55
