Last_Visited|06/02/04 - 23:21:11
15|06/02/04 - 23:14:55
173|06/02/04 - 23:14:32
flag|05/31/04 - 20:56:23
26|06/02/04 - 23:13:57
118|06/02/04 - 23:13:05
160|06/02/04 - 23:12:43
164|06/02/04 - 23:12:06
166|06/02/04 - 23:11:10
92|06/02/04 - 23:09:01
officer|06/02/04 - 00:14:15
133|06/02/04 - 23:08:32
139|06/02/04 - 23:07:57
145|06/02/04 - 23:06:52
161|06/02/04 - 23:05:42
162|06/02/04 - 23:04:14
141|06/02/04 - 23:01:14
178|06/02/04 - 23:00:48
182|06/02/04 - 23:00:01
membersonly|06/02/04 - 22:14:04
50|06/02/04 - 22:59:34
168|06/02/04 - 22:59:14
176|06/02/04 - 22:58:40
apply|06/02/04 - 08:34:19
174|06/02/04 - 22:57:42
general|06/01/04 - 21:25:50
171|06/01/04 - 18:24:48
79|06/01/04 - 15:10:00
131|06/01/04 - 13:44:41
104|06/01/04 - 13:42:09
