membersonly|05/25/04 - 16:42:43
Last_Visited|05/25/04 - 17:25:18
raid|05/25/04 - 07:19:52
71|05/25/04 - 15:02:20
epic|05/25/04 - 13:46:47
145|05/25/04 - 15:01:58
142|05/25/04 - 15:01:33
139|05/25/04 - 15:01:18
general|05/18/04 - 12:03:55
115|05/21/04 - 22:24:34
127|05/20/04 - 12:50:51
123|05/20/04 - 12:50:40
125|05/20/04 - 12:50:26
117|05/20/04 - 12:49:28
122|05/19/04 - 18:51:26
84|05/18/04 - 20:40:46
apply|05/12/04 - 07:05:55
51|05/18/04 - 20:39:08
114|05/18/04 - 20:39:01
119|05/18/04 - 20:29:36
116|05/18/04 - 14:46:16
109|05/16/04 - 19:29:43
105|05/16/04 - 19:28:58
102|05/15/04 - 13:46:08
41|05/15/04 - 13:40:28
104|05/15/04 - 13:31:35
107|05/15/04 - 13:31:10
103|05/15/04 - 13:27:14
98|05/13/04 - 14:05:58
99|05/13/04 - 14:04:33
100|05/13/04 - 14:04:03
101|05/13/04 - 14:03:07
80|05/13/04 - 14:02:11
90|05/12/04 - 09:11:24
97|05/12/04 - 09:10:17
96|05/12/04 - 09:05:53
93|05/11/04 - 20:16:53
95|05/11/04 - 20:16:34
85|05/11/04 - 20:03:12
94|05/11/04 - 20:01:08
17|05/11/04 - 08:09:38
48|05/10/04 - 19:28:24
91|05/10/04 - 16:41:50
83|05/10/04 - 15:36:17
86|05/10/04 - 14:54:20
trade|05/10/04 - 09:01:39
87|05/10/04 - 14:49:20
78|05/09/04 - 08:21:53
79|05/08/04 - 20:35:28
82|05/08/04 - 20:18:53
66|05/07/04 - 19:30:45
43|05/07/04 - 19:29:34
72|05/07/04 - 19:28:16
52|05/07/04 - 19:26:36
74|05/07/04 - 19:23:49
73|05/07/04 - 14:25:49
70|05/06/04 - 17:35:16
67|05/06/04 - 17:22:19
62|05/06/04 - 12:53:37
15|05/06/04 - 12:49:20
18|05/06/04 - 12:48:59
44|05/06/04 - 12:48:37
flag|05/06/04 - 06:03:34
63|05/06/04 - 12:47:54
69|05/06/04 - 12:45:03
65|05/06/04 - 12:43:57
68|05/06/04 - 12:43:32
56|05/06/04 - 12:39:06
59|05/05/04 - 17:43:57
50|05/05/04 - 17:43:31
61|05/05/04 - 17:43:06
Logged_Off|05/05/04 - 16:57:25
22|05/05/04 - 12:38:52
60|05/05/04 - 12:36:35
58|05/05/04 - 12:36:25
57|05/05/04 - 12:35:57
40|05/05/04 - 12:32:23
55|05/04/04 - 20:27:51
11|05/04/04 - 20:27:06
21|05/04/04 - 20:26:05
16|05/04/04 - 20:23:47
27|05/04/04 - 20:17:55
54|05/04/04 - 20:12:41
37|05/04/04 - 12:48:38
12|05/04/04 - 12:37:53
49|05/04/04 - 12:37:15
