Last_Visited|06/03/04 - 07:51:45
trade|06/02/04 - 07:21:55
membersonly|06/03/04 - 07:51:19
182|06/03/04 - 07:51:20
complaints|06/03/04 - 02:26:47
183|06/03/04 - 07:12:24
raid|06/02/04 - 12:02:01
146|06/03/04 - 07:09:09
apply|06/02/04 - 08:34:19
84|05/12/04 - 07:05:55
169|05/30/04 - 22:03:19
168|05/31/04 - 09:40:18
177|06/01/04 - 20:02:01
176|06/02/04 - 08:34:19
86|05/12/04 - 07:12:01
123|05/20/04 - 08:40:37
131|05/22/04 - 15:55:50
133|05/23/04 - 00:38:40
104|05/24/04 - 20:21:33
134|05/25/04 - 09:01:44
143|05/26/04 - 06:59:18
139|05/26/04 - 10:05:03
152|05/26/04 - 16:39:39
145|05/28/04 - 01:45:37
167|05/30/04 - 10:27:40
161|05/30/04 - 21:53:26
130|06/01/04 - 08:27:36
171|06/01/04 - 11:28:49
163|06/01/04 - 20:24:10
162|06/02/04 - 06:10:50
141|06/02/04 - 11:57:08
178|06/02/04 - 13:57:51
general|06/01/04 - 21:25:50
174|06/02/04 - 06:57:26
79|06/02/04 - 06:56:12
flag|05/31/04 - 20:56:23
epic|05/31/04 - 23:51:51
172|06/01/04 - 06:15:56
170|05/31/04 - 06:22:39
157|05/31/04 - 06:22:00
159|05/28/04 - 09:39:06
165|05/30/04 - 15:35:10
103|05/14/04 - 06:29:15
117|05/20/04 - 06:20:23
48|05/25/04 - 07:19:52
147|05/26/04 - 06:09:53
150|05/26/04 - 08:18:54
151|05/26/04 - 08:27:56
148|05/28/04 - 01:37:33
149|05/28/04 - 07:21:33
71|05/21/04 - 13:06:51
5|05/25/04 - 07:47:16
87|05/25/04 - 13:46:47
17|05/26/04 - 11:06:39
63|05/28/04 - 02:32:49
142|05/26/04 - 11:58:15
97|05/12/04 - 10:16:17
94|05/12/04 - 21:28:19
98|05/13/04 - 10:14:11
100|05/13/04 - 10:34:28
80|05/13/04 - 17:50:41
101|05/15/04 - 00:26:20
99|05/15/04 - 01:49:35
96|05/15/04 - 07:28:13
78|05/15/04 - 07:34:31
107|05/15/04 - 12:22:04
105|05/16/04 - 16:12:56
108|05/16/04 - 17:54:50
51|05/17/04 - 10:17:29
116|05/18/04 - 09:17:57
109|05/18/04 - 19:25:20
119|05/18/04 - 21:27:26
41|05/19/04 - 02:30:56
73|05/19/04 - 03:07:58
125|05/20/04 - 07:46:37
127|05/20/04 - 09:02:47
115|05/21/04 - 15:13:33
122|05/21/04 - 23:04:23
114|05/22/04 - 02:49:10
126|05/22/04 - 10:26:50
136|05/24/04 - 08:19:39
137|05/24/04 - 16:00:01
102|05/13/04 - 14:08:02
110|05/17/04 - 01:57:22
112|05/17/04 - 11:32:39
113|05/18/04 - 12:03:55
