Logged_Off|05/30/04 - 09:03:09
Last_Visited|05/30/04 - 09:03:09
apply|05/12/04 - 07:05:55
general|05/12/04 - 11:59:07
113|05/22/04 - 12:22:34
129|05/22/04 - 12:19:33
122|05/20/04 - 06:57:40
123|05/20/04 - 06:56:23
membersonly|05/19/04 - 18:49:15
119|05/19/04 - 09:18:00
114|05/19/04 - 09:17:47
117|05/19/04 - 09:16:59
raid|05/19/04 - 07:19:35
41|05/19/04 - 06:52:03
73|05/19/04 - 06:51:43
115|05/18/04 - 12:44:20
116|05/18/04 - 07:32:20
51|05/18/04 - 06:59:07
110|05/17/04 - 06:49:57
107|05/16/04 - 10:43:43
108|05/16/04 - 10:42:13
105|05/16/04 - 10:41:14
96|05/15/04 - 13:16:26
78|05/15/04 - 13:16:01
103|05/15/04 - 06:50:35
101|05/15/04 - 06:49:52
99|05/15/04 - 06:48:31
104|05/14/04 - 11:48:38
102|05/13/04 - 19:12:43
100|05/13/04 - 19:10:02
98|05/13/04 - 19:09:25
80|05/13/04 - 12:39:39
84|05/13/04 - 09:40:44
94|05/12/04 - 16:10:32
90|05/12/04 - 12:17:58
epic|05/12/04 - 06:55:20
79|05/12/04 - 12:11:57
97|05/12/04 - 10:48:16
95|05/12/04 - 06:46:05
48|05/12/04 - 06:45:40
93|05/12/04 - 06:45:13
91|05/10/04 - 18:53:03
89|05/10/04 - 13:44:59
trade|05/10/04 - 09:01:39
87|05/10/04 - 06:43:04
85|05/10/04 - 06:42:01
86|05/10/04 - 06:39:58
