Last_Visited|06/02/04 - 02:25:53
174|06/02/04 - 02:24:50
general|06/01/04 - 16:58:35
79|06/01/04 - 19:12:00
162|06/01/04 - 19:10:53
171|06/01/04 - 19:10:37
raid|05/31/04 - 00:03:36
membersonly|05/31/04 - 10:05:47
148|05/30/04 - 06:37:08
149|05/30/04 - 06:36:09
165|05/30/04 - 06:35:22
157|05/30/04 - 06:34:47
Logged_Off|05/17/04 - 03:32:33
18|05/17/04 - 03:30:30
15|05/17/04 - 03:29:00
44|05/17/04 - 03:28:50
epic|05/12/04 - 06:55:20
89|05/17/04 - 03:27:39
62|05/17/04 - 03:27:24
59|05/17/04 - 03:27:11
54|05/17/04 - 03:26:58
53|05/17/04 - 03:26:44
48|05/17/04 - 03:25:40
49|05/17/04 - 03:25:16
52|05/17/04 - 03:24:51
