Last_Visited|06/02/04 - 07:24:41
general|06/01/04 - 21:25:50
178|06/02/04 - 07:23:23
membersonly|06/02/04 - 06:10:50
174|06/01/04 - 17:38:42
165|05/30/04 - 13:38:18
146|05/30/04 - 13:36:17
157|05/30/04 - 13:36:08
149|05/30/04 - 13:35:05
148|05/30/04 - 13:34:23
48|05/30/04 - 13:33:38
raid|05/30/04 - 09:06:07
167|05/30/04 - 13:31:30
17|05/28/04 - 14:06:27
63|05/28/04 - 14:05:39
epic|05/28/04 - 02:32:49
161|05/28/04 - 14:03:25
163|05/28/04 - 14:01:48
159|05/28/04 - 14:01:30
139|05/27/04 - 12:03:16
145|05/27/04 - 12:01:56
79|05/27/04 - 12:00:49
112|05/25/04 - 07:22:05
113|05/25/04 - 07:21:45
126|05/25/04 - 07:17:47
137|05/25/04 - 07:16:55
114|05/24/04 - 12:41:11
131|05/24/04 - 12:34:15
73|05/24/04 - 12:30:40
119|05/24/04 - 12:30:12
104|05/24/04 - 12:27:13
125|05/23/04 - 10:15:03
122|05/20/04 - 07:20:59
