Logged_Off|06/03/04 - 12:16:57
Last_Visited|06/03/04 - 12:16:57
membersonly|06/03/04 - 07:58:37
apply|06/02/04 - 08:34:19
174|06/03/04 - 11:51:41
general|06/03/04 - 10:32:24
complaints|06/03/04 - 07:44:16
171|06/03/04 - 10:48:18
162|06/03/04 - 10:48:07
182|06/03/04 - 10:46:49
184|06/03/04 - 08:01:52
epic|06/02/04 - 23:33:51
188|06/03/04 - 07:44:17
183|06/03/04 - 07:41:35
178|06/02/04 - 14:32:04
5|06/02/04 - 13:16:19
145|06/02/04 - 12:39:16
161|06/02/04 - 12:36:12
146|06/02/04 - 09:15:24
148|06/02/04 - 09:12:54
117|06/02/04 - 09:08:53
raid|06/02/04 - 08:45:57
176|06/02/04 - 09:01:54
177|06/02/04 - 09:01:21
168|06/02/04 - 09:00:38
84|06/02/04 - 09:00:13
167|06/01/04 - 08:46:18
157|05/28/04 - 08:14:25
159|05/28/04 - 08:10:41
139|05/26/04 - 14:07:11
142|05/26/04 - 12:14:42
149|05/26/04 - 11:11:32
152|05/26/04 - 11:07:19
147|05/26/04 - 09:00:01
143|05/25/04 - 23:49:17
87|05/25/04 - 23:36:57
48|05/25/04 - 23:35:40
140|05/25/04 - 13:43:03
134|05/25/04 - 10:50:03
141|05/25/04 - 10:45:51
136|05/25/04 - 07:46:24
130|05/24/04 - 09:46:59
126|05/24/04 - 09:43:10
135|05/24/04 - 07:39:51
104|05/24/04 - 07:27:00
114|05/24/04 - 07:23:00
15|05/24/04 - 07:17:53
103|05/24/04 - 07:08:30
133|05/24/04 - 07:07:06
122|05/24/04 - 07:03:44
71|05/21/04 - 13:06:52
52|05/21/04 - 09:16:46
115|05/21/04 - 09:12:25
123|05/20/04 - 10:18:31
44|05/20/04 - 10:04:51
127|05/20/04 - 09:06:48
125|05/20/04 - 08:25:49
119|05/19/04 - 10:18:55
110|05/18/04 - 13:19:43
116|05/18/04 - 10:18:36
73|05/17/04 - 13:33:50
105|05/17/04 - 13:25:17
78|05/15/04 - 15:40:32
56|05/15/04 - 08:27:18
49|05/14/04 - 13:10:39
40|05/13/04 - 12:12:41
82|05/13/04 - 12:12:12
72|05/13/04 - 12:11:50
99|05/13/04 - 11:56:17
101|05/13/04 - 11:54:20
80|05/13/04 - 11:53:38
79|05/13/04 - 11:52:36
98|05/13/04 - 09:46:53
61|05/12/04 - 15:00:33
94|05/12/04 - 14:55:58
86|05/12/04 - 10:02:31
96|05/12/04 - 09:58:26
97|05/12/04 - 09:38:33
