enc|03/19/04 - 16:19:31
Last_Visited|03/22/04 - 02:10:43
147|03/22/04 - 02:09:50
officer|03/21/04 - 12:52:51
148|03/21/04 - 02:47:31
membersonly|03/20/04 - 23:28:29
106|03/21/04 - 02:46:50
general|03/20/04 - 10:10:29
130|03/21/04 - 02:45:40
128|03/21/04 - 02:45:20
143|03/21/04 - 02:43:59
87|03/21/04 - 02:39:56
98|03/19/04 - 19:02:41
epic|03/18/04 - 21:28:21
134|03/17/04 - 08:28:01
139|03/17/04 - 08:27:26
Logged_Off|03/17/04 - 08:26:29
94|03/15/04 - 03:53:32
74|03/15/04 - 03:52:45
48|03/15/04 - 03:50:41
flag|03/14/04 - 19:53:01
trade|03/09/04 - 13:20:28
druid|03/01/04 - 16:15:09
81|03/15/04 - 03:49:34
107|03/15/04 - 03:48:05
mage|03/13/04 - 15:32:14
116|03/14/04 - 18:30:31
52|03/14/04 - 18:29:37
82|03/13/04 - 15:27:36
101|03/12/04 - 13:08:28
63|03/11/04 - 10:19:10
99|03/11/04 - 10:18:01
46|03/10/04 - 08:13:50
70|03/09/04 - 09:00:10
90|03/09/04 - 08:58:21
91|03/09/04 - 08:56:54
raid|03/04/04 - 09:02:04
103|03/09/04 - 08:56:12
53|03/09/04 - 08:54:25
27|03/09/04 - 08:54:04
57|03/09/04 - 08:51:42
102|03/09/04 - 08:13:54
26|03/09/04 - 08:08:54
