Last_Visited|06/03/04 - 07:36:08
187|06/03/04 - 07:35:43
officer|06/03/04 - 07:35:43
186|06/03/04 - 07:17:18
185|06/03/04 - 07:16:24
membersonly|06/03/04 - 06:59:29
complaints|06/03/04 - 02:26:47
183|06/03/04 - 07:16:00
182|06/02/04 - 22:36:04
179|06/02/04 - 21:06:12
146|06/02/04 - 19:51:47
raid|06/02/04 - 12:02:01
apply|06/02/04 - 08:34:19
172|06/02/04 - 10:56:31
flag|05/31/04 - 20:56:23
173|06/02/04 - 10:56:03
180|06/02/04 - 10:55:23
trade|06/02/04 - 07:21:55
general|06/01/04 - 21:25:50
177|06/02/04 - 07:11:41
171|06/02/04 - 07:10:58
178|06/02/04 - 07:10:20
92|06/02/04 - 07:09:39
34|06/01/04 - 07:46:21
174|06/01/04 - 06:57:36
141|06/01/04 - 06:57:23
170|05/31/04 - 10:18:04
169|05/31/04 - 10:17:45
166|05/31/04 - 10:12:12
Logged_Off|05/31/04 - 10:08:47
164|05/31/04 - 08:31:47
168|05/30/04 - 18:10:10
163|05/30/04 - 13:08:48
162|05/30/04 - 13:08:19
167|05/30/04 - 13:08:06
161|05/30/04 - 13:08:01
149|05/28/04 - 21:12:56
159|05/28/04 - 09:39:06
145|05/28/04 - 09:36:41
160|05/28/04 - 09:31:40
86|05/12/04 - 07:12:01
123|05/20/04 - 08:40:37
130|05/22/04 - 09:30:41
131|05/22/04 - 15:55:50
133|05/23/04 - 00:38:40
104|05/24/04 - 20:21:33
134|05/25/04 - 09:01:44
143|05/26/04 - 06:59:18
139|05/26/04 - 10:05:03
152|05/26/04 - 16:39:39
157|05/27/04 - 19:22:14
148|05/27/04 - 19:20:10
158|05/27/04 - 19:19:34
156|05/27/04 - 11:25:32
144|05/27/04 - 11:25:10
epic|05/26/04 - 11:06:39
71|05/21/04 - 13:06:51
5|05/25/04 - 07:47:16
87|05/25/04 - 13:46:47
17|05/26/04 - 11:06:39
132|05/26/04 - 13:24:06
142|05/26/04 - 12:47:08
103|05/14/04 - 06:29:15
117|05/20/04 - 06:20:23
48|05/25/04 - 07:19:52
147|05/26/04 - 06:09:53
150|05/26/04 - 08:18:54
151|05/26/04 - 08:27:56
138|05/24/04 - 16:35:57
137|05/24/04 - 16:35:22
136|05/24/04 - 07:49:18
135|05/24/04 - 07:48:28
97|05/12/04 - 10:16:17
94|05/12/04 - 21:28:19
98|05/13/04 - 10:14:11
100|05/13/04 - 10:34:28
80|05/13/04 - 17:50:41
101|05/15/04 - 00:26:20
99|05/15/04 - 01:49:35
96|05/15/04 - 07:28:13
78|05/15/04 - 07:34:31
107|05/15/04 - 12:22:04
105|05/16/04 - 16:12:56
108|05/16/04 - 17:54:50
51|05/17/04 - 10:17:29
116|05/18/04 - 09:17:57
109|05/18/04 - 19:25:20
119|05/18/04 - 21:27:26
41|05/19/04 - 02:30:56
73|05/19/04 - 03:07:58
125|05/20/04 - 07:46:37
127|05/20/04 - 09:02:47
115|05/21/04 - 15:13:33
122|05/21/04 - 23:04:23
114|05/22/04 - 02:49:10
126|05/22/04 - 10:26:50
129|05/22/04 - 22:13:13
128|05/22/04 - 22:11:29
90|05/21/04 - 18:23:34
124|05/20/04 - 09:04:22
118|05/19/04 - 12:40:26
120|05/19/04 - 12:39:30
121|05/19/04 - 12:37:21
79|05/12/04 - 11:59:07
102|05/13/04 - 14:08:02
110|05/17/04 - 01:57:22
112|05/17/04 - 11:32:39
113|05/18/04 - 12:03:55
111|05/18/04 - 12:59:28
106|05/17/04 - 09:20:06
77|05/17/04 - 07:24:56
84|05/14/04 - 12:26:17
