86|06/03/04 - 13:24:27
Last_Visited|06/03/04 - 13:24:27
membersonly|06/03/04 - 07:58:37
general|06/03/04 - 10:32:24
174|06/03/04 - 13:24:04
officer|06/03/04 - 07:35:43
182|06/03/04 - 11:35:34
141|06/03/04 - 11:35:28
162|06/03/04 - 11:35:20
178|06/03/04 - 11:33:18
106|06/03/04 - 11:30:25
166|06/03/04 - 11:29:21
187|06/03/04 - 11:28:57
156|06/03/04 - 09:12:51
185|06/03/04 - 09:10:25
160|06/03/04 - 08:35:15
186|06/03/04 - 08:27:45
130|05/27/04 - 17:55:01
131|05/27/04 - 17:51:52
79|05/27/04 - 17:48:11
148|05/27/04 - 17:46:45
149|05/27/04 - 17:46:29
raid|05/27/04 - 17:32:57
apply|05/12/04 - 07:05:55
139|05/27/04 - 17:41:42
145|05/27/04 - 17:41:14
157|05/27/04 - 17:40:17
142|05/26/04 - 11:55:00
104|05/23/04 - 10:14:14
133|05/23/04 - 10:14:06
Logged_Off|05/23/04 - 10:12:11
109|05/17/04 - 10:20:30
112|05/17/04 - 10:19:11
51|05/17/04 - 10:17:29
73|05/17/04 - 10:14:45
