Last_Visited|06/02/04 - 20:19:28
146|06/02/04 - 19:37:56
raid|06/02/04 - 12:02:01
162|06/02/04 - 19:37:07
178|06/02/04 - 19:36:43
182|06/02/04 - 19:35:40
membersonly|06/02/04 - 14:38:16
130|06/02/04 - 00:34:46
171|06/02/04 - 00:34:23
141|06/02/04 - 00:30:59
151|06/01/04 - 01:45:53
157|05/31/04 - 21:32:37
150|05/31/04 - 21:26:30
149|05/31/04 - 21:25:50
165|05/31/04 - 21:24:05
161|05/31/04 - 21:22:17
167|05/30/04 - 18:38:08
163|05/28/04 - 23:59:09
159|05/28/04 - 23:57:44
139|05/26/04 - 21:59:31
143|05/26/04 - 21:59:23
145|05/26/04 - 21:59:13
142|05/25/04 - 22:59:45
112|05/24/04 - 20:55:15
113|05/24/04 - 20:55:07
138|05/24/04 - 20:54:54
general|05/24/04 - 12:48:54
135|05/24/04 - 08:24:48
apply|05/24/04 - 06:18:31
136|05/24/04 - 08:24:23
134|05/24/04 - 08:24:15
48|05/23/04 - 18:07:33
133|05/23/04 - 18:07:25
104|05/23/04 - 01:04:10
131|05/23/04 - 01:03:33
117|05/21/04 - 17:16:20
115|05/21/04 - 08:02:24
122|05/20/04 - 23:12:52
127|05/20/04 - 23:12:39
123|05/20/04 - 23:12:14
126|05/20/04 - 23:11:53
125|05/20/04 - 23:11:42
41|05/19/04 - 08:12:36
119|05/19/04 - 08:12:03
114|05/18/04 - 17:31:16
109|05/18/04 - 00:34:42
73|05/18/04 - 00:32:46
105|05/16/04 - 11:15:14
108|05/16/04 - 11:14:49
107|05/15/04 - 23:24:23
98|05/15/04 - 11:35:35
99|05/15/04 - 10:09:53
103|05/14/04 - 17:20:28
79|05/14/04 - 08:15:05
100|05/14/04 - 08:12:23
101|05/14/04 - 08:11:56
80|05/14/04 - 08:10:06
84|05/13/04 - 07:19:09
82|05/13/04 - 07:18:53
96|05/12/04 - 19:11:40
97|05/12/04 - 19:04:26
86|05/11/04 - 21:59:44
93|05/11/04 - 21:59:28
94|05/11/04 - 21:58:29
