Logged_Off|05/10/04 - 10:34:23
Last_Visited|05/10/04 - 10:34:23
60|05/05/04 - 14:13:37
56|05/05/04 - 14:13:20
57|05/05/04 - 14:13:04
membersonly|05/05/04 - 13:14:29
18|05/03/04 - 04:26:04
flag|05/02/04 - 11:49:42
25|05/03/04 - 04:25:10
35|05/03/04 - 04:24:32
41|05/03/04 - 04:23:46
27|05/02/04 - 09:54:59
12|05/02/04 - 09:52:01
24|05/02/04 - 09:50:38
23|05/02/04 - 09:50:08
20|04/30/04 - 04:37:39
dump|04/29/04 - 14:31:14
19|04/30/04 - 04:35:40
general|04/29/04 - 11:08:21
14|04/30/04 - 04:28:23
6|04/28/04 - 04:44:57
8|04/28/04 - 04:44:37
