176|06/01/04 - 17:45:36
Last_Visited|06/01/04 - 17:45:36
apply|06/01/04 - 09:43:58
174|06/01/04 - 17:41:22
general|05/12/04 - 11:59:07
membersonly|05/30/04 - 21:53:26
161|05/30/04 - 22:21:14
145|05/30/04 - 22:20:57
159|05/30/04 - 22:18:53
146|05/30/04 - 22:17:16
165|05/30/04 - 22:16:58
149|05/30/04 - 22:16:09
157|05/30/04 - 22:15:40
raid|05/30/04 - 20:50:22
144|05/30/04 - 22:14:00
160|05/30/04 - 22:13:24
164|05/30/04 - 22:13:12
156|05/30/04 - 22:07:36
166|05/30/04 - 22:03:06
officer|05/30/04 - 10:16:37
114|05/23/04 - 21:07:40
73|05/23/04 - 21:04:16
41|05/23/04 - 20:58:04
127|05/23/04 - 20:55:06
126|05/23/04 - 20:53:39
133|05/23/04 - 20:53:31
104|05/23/04 - 20:46:27
38|05/23/04 - 10:33:29
113|05/23/04 - 10:32:55
112|05/23/04 - 10:32:48
110|05/23/04 - 10:32:23
102|05/23/04 - 10:31:31
79|05/23/04 - 10:27:36
95|05/23/04 - 10:27:11
119|05/23/04 - 02:28:52
106|05/23/04 - 02:27:04
118|05/23/04 - 02:26:48
128|05/23/04 - 02:22:27
132|05/23/04 - 02:21:04
84|05/13/04 - 06:16:19
85|05/12/04 - 15:16:07
91|05/12/04 - 15:14:58
93|05/12/04 - 12:55:15
78|05/12/04 - 12:54:07
96|05/12/04 - 12:53:42
