Last_Visited|06/03/04 - 09:44:05
178|06/03/04 - 09:44:00
182|06/03/04 - 09:39:55
membersonly|06/03/04 - 07:58:37
173|06/02/04 - 14:23:03
flag|05/31/04 - 20:56:23
epic|06/02/04 - 13:16:17
trade|06/02/04 - 07:21:55
raid|06/02/04 - 12:02:01
176|06/02/04 - 14:20:26
apply|06/02/04 - 08:34:19
174|06/02/04 - 14:19:57
general|06/01/04 - 21:25:50
171|06/01/04 - 13:19:14
87|05/31/04 - 23:14:50
169|05/31/04 - 23:13:49
168|05/31/04 - 23:13:35
170|05/31/04 - 06:25:32
161|05/31/04 - 06:24:58
167|05/30/04 - 07:17:42
163|05/30/04 - 07:17:31
165|05/29/04 - 09:41:54
162|05/28/04 - 17:03:36
63|05/28/04 - 06:12:30
146|05/28/04 - 02:02:49
157|05/28/04 - 02:02:38
145|05/28/04 - 02:02:04
159|05/28/04 - 02:01:12
148|05/27/04 - 03:49:19
151|05/27/04 - 03:48:24
139|05/26/04 - 13:15:06
143|05/26/04 - 12:28:49
152|05/26/04 - 12:28:13
142|05/26/04 - 12:26:05
117|05/26/04 - 05:56:35
147|05/26/04 - 05:54:40
84|05/26/04 - 05:54:26
50|05/26/04 - 05:53:56
5|05/25/04 - 09:32:59
140|05/25/04 - 09:32:52
88|05/25/04 - 09:32:31
141|05/25/04 - 09:29:44
134|05/25/04 - 09:29:25
135|05/25/04 - 07:40:27
136|05/24/04 - 16:00:12
137|05/24/04 - 16:00:02
138|05/24/04 - 15:57:43
48|05/24/04 - 03:17:06
104|05/24/04 - 03:16:46
133|05/23/04 - 07:11:25
114|05/22/04 - 04:11:47
130|05/22/04 - 04:11:21
129|05/22/04 - 04:09:46
119|05/21/04 - 07:05:59
115|05/21/04 - 07:05:16
122|05/21/04 - 02:17:10
125|05/20/04 - 20:19:11
127|05/20/04 - 20:19:01
123|05/20/04 - 07:04:18
112|05/18/04 - 08:24:55
113|05/18/04 - 08:24:51
73|05/17/04 - 09:53:11
103|05/17/04 - 02:12:31
110|05/17/04 - 01:57:23
102|05/16/04 - 03:11:14
99|05/16/04 - 03:09:02
101|05/16/04 - 03:08:21
105|05/16/04 - 03:03:31
107|05/16/04 - 03:02:48
96|05/13/04 - 09:04:17
95|05/13/04 - 04:44:39
94|05/13/04 - 04:38:56
97|05/12/04 - 14:25:44
49|05/12/04 - 05:11:49
52|05/12/04 - 05:11:38
85|05/12/04 - 04:58:07
91|05/12/04 - 04:57:52
