161|06/03/04 - 05:07:37
Last_Visited|06/03/04 - 05:07:37
171|06/03/04 - 05:07:16
141|06/03/04 - 03:54:56
178|06/03/04 - 03:54:28
182|06/03/04 - 03:51:49
membersonly|06/03/04 - 03:51:37
139|06/01/04 - 02:32:48
145|06/01/04 - 02:31:52
163|06/01/04 - 02:31:02
162|06/01/04 - 02:30:11
167|06/01/04 - 02:29:30
apply|05/31/04 - 09:40:18
168|06/01/04 - 02:21:37
169|06/01/04 - 02:21:21
165|05/29/04 - 00:07:59
146|05/29/04 - 00:07:04
149|05/29/04 - 00:06:21
157|05/29/04 - 00:05:55
raid|05/28/04 - 22:05:15
79|05/29/04 - 00:05:04
general|05/12/04 - 11:59:07
159|05/29/04 - 00:02:43
86|05/27/04 - 04:52:17
143|05/27/04 - 04:51:36
84|05/25/04 - 01:43:37
135|05/25/04 - 01:43:13
19|05/25/04 - 01:14:25
43|05/25/04 - 01:14:12
72|05/25/04 - 01:13:36
82|05/25/04 - 01:13:29
91|05/25/04 - 01:13:12
95|05/25/04 - 01:13:03
102|05/25/04 - 01:11:25
110|05/25/04 - 01:10:57
138|05/25/04 - 01:10:40
112|05/25/04 - 01:10:28
113|05/25/04 - 01:10:07
115|05/21/04 - 22:08:43
122|05/21/04 - 04:51:43
125|05/21/04 - 04:51:35
126|05/21/04 - 04:51:03
119|05/20/04 - 03:07:28
73|05/20/04 - 02:50:19
99|05/18/04 - 04:17:23
107|05/18/04 - 04:17:08
108|05/18/04 - 04:16:31
114|05/18/04 - 04:14:54
109|05/18/04 - 04:13:23
100|05/15/04 - 01:52:27
80|05/15/04 - 01:51:08
104|05/15/04 - 01:50:57
96|05/15/04 - 01:50:33
101|05/15/04 - 01:50:04
105|05/14/04 - 22:45:39
62|05/12/04 - 04:17:55
89|05/12/04 - 04:17:26
52|05/12/04 - 04:16:53
48|05/12/04 - 04:16:02
94|05/12/04 - 04:14:01
51|05/12/04 - 04:13:25
75|05/12/04 - 04:13:12
45|05/12/04 - 04:12:15
41|05/12/04 - 04:00:15
67|05/12/04 - 03:43:24
93|05/12/04 - 03:39:42
85|05/12/04 - 03:39:03
