229|04/14/04 - 13:40:42
Last_Visited|04/14/04 - 13:40:42
membersonly|04/14/04 - 09:18:17
raid|04/09/04 - 13:26:44
133|04/13/04 - 00:46:34
dump|04/05/04 - 20:29:04
230|04/13/04 - 00:45:45
235|04/13/04 - 00:45:10
general|04/10/04 - 20:00:31
193|04/13/04 - 00:44:30
214|04/13/04 - 00:44:11
55|04/13/04 - 00:43:39
56|04/13/04 - 00:43:12
94|04/13/04 - 00:41:28
flag|04/11/04 - 09:51:00
215|04/13/04 - 00:39:51
125|04/13/04 - 00:39:14
bard|04/02/04 - 15:50:03
206|04/03/04 - 12:23:06
160|04/03/04 - 12:21:42
135|04/03/04 - 12:20:45
195|04/03/04 - 12:19:29
180|04/01/04 - 23:31:52
49|04/01/04 - 23:31:11
205|04/01/04 - 23:24:28
121|04/01/04 - 23:19:23
48|04/01/04 - 23:06:22
204|04/01/04 - 23:05:56
trade|04/01/04 - 23:05:56
91|04/01/04 - 23:04:11
61|04/01/04 - 23:03:19
159|04/01/04 - 23:00:45
192|04/01/04 - 22:57:50
199|04/01/04 - 22:57:23
