98|03/29/04 - 16:50:57
Last_Visited|03/29/04 - 16:50:57
182|03/29/04 - 16:50:44
enc|03/29/04 - 08:29:57
dump|03/22/04 - 18:25:49
wiz|03/14/04 - 11:20:56
war|03/22/04 - 12:06:42
shm|03/23/04 - 13:11:07
rog|03/19/04 - 20:58:05
rng|03/23/04 - 13:32:14
pally|03/18/04 - 16:07:17
mage|03/13/04 - 15:32:14
cleric|03/14/04 - 11:19:36
bard|03/15/04 - 11:31:07
flag|03/29/04 - 00:10:05
epic|03/26/04 - 09:13:32
trade|03/09/04 - 13:20:28
raid|03/24/04 - 14:14:51
membersonly|03/28/04 - 10:31:27
apply|03/27/04 - 17:24:43
general|03/29/04 - 00:15:26
Logged_Off|03/26/04 - 12:58:03
46|03/09/04 - 09:42:01
114|03/13/04 - 09:39:17
122|03/15/04 - 04:25:40
119|03/15/04 - 23:48:45
123|03/16/04 - 08:06:00
135|03/16/04 - 19:06:12
133|03/17/04 - 01:51:05
131|03/17/04 - 01:51:19
49|03/17/04 - 01:53:48
136|03/17/04 - 05:51:48
107|03/17/04 - 05:50:33
134|03/16/04 - 14:35:59
99|03/11/04 - 10:05:09
82|03/14/04 - 10:36:46
