174|06/02/04 - 21:22:16
Last_Visited|06/02/04 - 21:22:16
79|06/02/04 - 21:21:58
general|06/01/04 - 21:25:50
123|06/02/04 - 21:21:40
117|06/02/04 - 21:20:55
173|06/02/04 - 21:20:01
170|06/02/04 - 21:19:20
18|06/02/04 - 21:19:12
15|06/02/04 - 21:18:58
183|06/02/04 - 21:18:39
complaints|06/02/04 - 14:42:35
epic|06/02/04 - 13:16:17
flag|05/31/04 - 20:56:23
trade|06/02/04 - 07:21:55
raid|06/02/04 - 12:02:01
membersonly|06/02/04 - 14:38:16
182|06/02/04 - 15:22:21
63|06/01/04 - 23:58:58
157|06/01/04 - 23:58:36
178|06/01/04 - 23:57:29
148|05/31/04 - 23:52:10
146|05/31/04 - 23:52:02
87|05/31/04 - 23:50:32
162|05/31/04 - 18:46:33
161|05/31/04 - 18:46:08
172|05/31/04 - 11:07:24
171|05/31/04 - 11:00:49
165|05/30/04 - 22:07:26
167|05/30/04 - 21:52:40
163|05/28/04 - 23:25:20
159|05/28/04 - 10:26:24
145|05/28/04 - 02:30:33
17|05/27/04 - 00:16:44
143|05/26/04 - 23:38:33
139|05/26/04 - 23:38:31
142|05/26/04 - 12:04:21
152|05/26/04 - 09:53:21
151|05/26/04 - 09:52:42
48|05/26/04 - 00:43:15
37|05/26/04 - 00:37:38
22|05/26/04 - 00:37:36
70|05/26/04 - 00:37:34
71|05/26/04 - 00:37:33
5|05/26/04 - 00:37:31
52|05/26/04 - 00:21:19
103|05/26/04 - 00:21:19
147|05/26/04 - 00:10:18
86|05/26/04 - 00:03:47
131|05/26/04 - 00:03:41
133|05/26/04 - 00:03:39
104|05/26/04 - 00:03:36
141|05/26/04 - 00:03:35
134|05/26/04 - 00:03:31
119|05/22/04 - 11:31:50
126|05/22/04 - 11:29:53
130|05/22/04 - 11:29:51
114|05/22/04 - 07:43:29
115|05/21/04 - 15:13:33
125|05/20/04 - 23:27:44
127|05/20/04 - 23:27:36
122|05/20/04 - 23:27:34
73|05/19/04 - 18:36:55
109|05/18/04 - 11:12:32
78|05/17/04 - 02:53:52
107|05/16/04 - 20:56:41
108|05/16/04 - 20:56:38
105|05/16/04 - 20:56:36
51|05/16/04 - 06:37:49
99|05/14/04 - 11:52:50
96|05/14/04 - 11:52:33
98|05/13/04 - 11:32:02
100|05/13/04 - 11:32:00
101|05/13/04 - 11:31:59
80|05/13/04 - 11:31:57
94|05/12/04 - 22:34:59
93|05/12/04 - 06:05:21
