Logged_Off|06/03/04 - 07:02:13
Last_Visited|06/03/04 - 07:02:13
182|06/03/04 - 06:55:56
membersonly|06/03/04 - 03:51:37
178|06/03/04 - 06:55:44
141|06/03/04 - 06:55:34
raid|06/02/04 - 12:02:01
146|06/03/04 - 06:54:50
148|06/03/04 - 06:54:38
176|06/03/04 - 06:54:20
apply|06/02/04 - 08:34:19
183|06/03/04 - 06:53:30
complaints|06/03/04 - 02:26:47
184|06/03/04 - 06:53:14
5|06/03/04 - 06:53:08
181|06/03/04 - 06:52:57
epic|06/02/04 - 23:33:51
174|06/02/04 - 08:04:15
general|06/01/04 - 21:25:50
79|06/02/04 - 08:04:04
177|06/02/04 - 08:03:44
168|06/02/04 - 08:03:09
162|06/02/04 - 08:01:40
163|06/02/04 - 07:59:42
171|06/02/04 - 07:59:18
180|06/02/04 - 07:57:43
trade|06/02/04 - 07:21:55
87|06/02/04 - 07:55:27
84|06/01/04 - 08:28:29
169|06/01/04 - 08:28:25
130|06/01/04 - 08:27:36
167|06/01/04 - 08:24:07
131|06/01/04 - 08:23:33
175|06/01/04 - 08:22:56
157|06/01/04 - 08:22:22
70|06/01/04 - 08:19:51
37|06/01/04 - 08:19:16
63|06/01/04 - 08:15:46
172|06/01/04 - 08:14:50
170|06/01/04 - 08:14:26
15|06/01/04 - 08:14:20
173|06/01/04 - 08:14:04
flag|05/31/04 - 20:56:23
161|05/30/04 - 08:37:05
159|05/30/04 - 08:36:58
145|05/30/04 - 08:36:50
165|05/30/04 - 08:30:07
149|05/30/04 - 08:29:48
151|05/30/04 - 08:22:39
150|05/30/04 - 08:21:29
147|05/30/04 - 08:21:22
48|05/30/04 - 08:21:17
117|05/30/04 - 08:20:39
139|05/28/04 - 06:26:23
134|05/28/04 - 06:26:13
104|05/28/04 - 06:26:08
133|05/28/04 - 06:26:00
123|05/28/04 - 06:25:34
143|05/28/04 - 06:25:22
17|05/28/04 - 06:21:45
71|05/28/04 - 06:21:23
22|05/28/04 - 06:21:03
114|05/17/04 - 23:28:06
73|05/17/04 - 23:27:58
109|05/17/04 - 23:27:55
41|05/17/04 - 23:27:31
51|05/17/04 - 23:27:27
108|05/17/04 - 23:27:06
105|05/17/04 - 23:26:45
107|05/17/04 - 23:26:40
78|05/17/04 - 23:26:36
96|05/17/04 - 23:26:32
99|05/17/04 - 23:25:39
101|05/17/04 - 23:25:32
80|05/17/04 - 23:24:57
100|05/17/04 - 23:24:38
98|05/17/04 - 23:24:32
94|05/17/04 - 23:23:45
97|05/17/04 - 23:22:46
86|05/17/04 - 23:22:42
93|05/17/04 - 23:22:28
49|05/17/04 - 23:21:39
52|05/17/04 - 23:21:32
103|05/17/04 - 23:21:13
