2002.03.23 22:15 B D:\website\aicc\Images\aicclogo.gif <-- ere /public_html/aicc/Images aicclogo.gif
2002.03.23 22:15 B D:\website\aicc\Images\aiccspot.gif <-- ere /public_html/aicc/Images aiccspot.gif
2002.03.23 22:15 B D:\website\aicc\Images\fbactmnu.gif <-- ere /public_html/aicc/Images fbactmnu.gif
2002.03.23 22:15 B D:\website\aicc\Images\fbCon.gif <-- ere /public_html/aicc/Images fbCon.gif
2002.03.23 22:15 B D:\website\aicc\Images\fbDS1.gif <-- ere /public_html/aicc/Images fbDS1.gif
2002.03.23 22:15 B D:\website\aicc\Images\fbDS2.gif <-- ere /public_html/aicc/Images fbDS2.gif
2002.03.23 22:15 B D:\website\aicc\Images\fbgreet1.gif <-- ere /public_html/aicc/Images fbgreet1.gif
2002.03.23 22:15 B D:\website\aicc\Images\fbgreet2.gif <-- ere /public_html/aicc/Images fbgreet2.gif
2002.03.23 22:15 B D:\website\aicc\Images\fbgreet3.gif <-- ere /public_html/aicc/Images fbgreet3.gif
2002.03.23 22:15 B D:\website\aicc\Images\fbgreet4.gif <-- ere /public_html/aicc/Images fbgreet4.gif
2002.03.23 22:15 B D:\website\aicc\Images\fbLoad.gif <-- ere /public_html/aicc/Images fbLoad.gif
2002.03.23 22:15 B D:\website\aicc\Images\fbnew1.gif <-- ere /public_html/aicc/Images fbnew1.gif
2002.03.23 22:15 B D:\website\aicc\Images\fbnew2.gif <-- ere /public_html/aicc/Images fbnew2.gif
2002.03.23 22:15 B D:\website\aicc\Images\fbReg1.gif <-- ere /public_html/aicc/Images fbReg1.gif
2002.03.23 22:15 B D:\website\aicc\Images\fbReg2.gif <-- ere /public_html/aicc/Images fbReg2.gif
2002.03.23 22:15 B D:\website\aicc\Images\fbRelay1.gif <-- ere /public_html/aicc/Images fbRelay1.gif
2002.03.23 22:15 B D:\website\aicc\Images\fbRelay2.gif <-- ere /public_html/aicc/Images fbRelay2.gif
2002.03.23 22:15 B D:\website\aicc\Images\fbSave1.gif <-- ere /public_html/aicc/Images fbSave1.gif
2002.03.23 22:15 B D:\website\aicc\Images\gharchon.gif <-- ere /public_html/aicc/Images gharchon.gif
2002.03.23 22:15 B D:\website\aicc\Images\mys'.gif <-- ere /public_html/aicc/Images mys'.gif
2002.03.23 22:15 B D:\website\aicc\Images\nehasha.gif <-- ere /public_html/aicc/Images nehasha.gif
2002.03.23 22:15 B D:\website\aicc\Images\padawan.gif <-- ere /public_html/aicc/Images padawan.gif
2002.03.23 22:15 B D:\website\aicc\Images\reddrgn.gif <-- ere /public_html/aicc/Images reddrgn.gif
