2002.02.21 21:46 B D:\website\bots\charbutten.gif --> www.erenetwork.com /public_html/bots charbutten.gif
2002.02.21 21:46 B D:\website\bots\chardata.gif --> www.erenetwork.com /public_html/bots chardata.gif
2002.02.21 21:46 B D:\website\bots\commandbutten.gif --> www.erenetwork.com /public_html/bots commandbutten.gif
2002.02.21 21:46 B D:\website\bots\greentext.gif --> www.erenetwork.com /public_html/bots greentext.gif
2002.02.21 21:46 B D:\website\bots\index.html --> www.erenetwork.com /public_html/bots index.html
2002.02.21 21:46 B D:\website\bots\keyA.gif --> www.erenetwork.com /public_html/bots keyA.gif
2002.02.21 21:46 B D:\website\bots\keys.gif --> www.erenetwork.com /public_html/bots keys.gif
2002.02.21 21:46 B D:\website\bots\Keyswin.gif --> www.erenetwork.com /public_html/bots Keyswin.gif
2002.02.21 21:46 B D:\website\bots\loadtriger.gif --> www.erenetwork.com /public_html/bots loadtriger.gif
2002.02.21 21:46 B D:\website\bots\logo.gif --> www.erenetwork.com /public_html/bots logo.gif
2002.02.21 21:46 B D:\website\bots\signtriger.gif --> www.erenetwork.com /public_html/bots signtriger.gif
2002.02.21 21:46 B D:\website\bots\triggers.gif --> www.erenetwork.com /public_html/bots triggers.gif
2002.02.21 21:46 B D:\website\bots\triggerswin.gif --> www.erenetwork.com /public_html/bots triggerswin.gif
2002.02.21 21:50 B D:\website\bots\index2.html <-- fc / index2.html
2002.02.21 21:51 B D:\website\bots\index2.html --> ftp.fortunecity.com / index2.html
2002.02.21 21:52 B D:\website\bots\index2.html --> ftp.fortunecity.com / index2.html
2002.02.21 21:52 B D:\website\bots\index2.html --> ftp.fortunecity.com / index2.html
2002.02.21 21:55 B D:\website\bots\logo.gif --> www.erenetwork.com /public_html/bots logo.gif
2002.02.21 22:09 B D:\website\bots\index.html --> www.erenetwork.com /public_html/bots index.html
2002.02.21 22:10 B D:\website\bots\index.html --> www.erenetwork.com /public_html/bots index.html
2002.02.21 22:14 B D:\website\bots\index.html --> www.erenetwork.com /public_html/bots index.html
2002.02.21 22:32 B D:\website\bots\index.html --> www.erenetwork.com /public_html/bots index.html
2002.02.21 22:34 B D:\website\bots\index.html --> www.erenetwork.com /public_html/bots index.html
2002.02.21 22:35 B D:\website\bots\index.html --> www.erenetwork.com /public_html/bots index.html
2002.02.21 22:37 B D:\website\bots\index.html --> www.erenetwork.com /public_html/bots index.html
2002.02.21 22:38 B D:\website\bots\index.html --> www.erenetwork.com /public_html/bots index.html
2002.02.21 22:38 B D:\website\bots\index.html --> www.erenetwork.com /public_html/bots index.html
2002.02.21 22:40 B D:\website\bots\index.html --> www.erenetwork.com /public_html/bots index.html
2002.02.21 22:42 B D:\website\bots\index.html --> www.erenetwork.com /public_html/bots index.html
2002.02.22 22:24 B D:\website\bots\index.html --> www.erenetwork.com /public_html/bots index.html
2002.02.22 22:30 B D:\website\bots\index2.html <-- ere /public_html/bots index2.html
