2003.06.16 16:54 A C:\Documents and Settings\Byron Chilton\My Documents\website\eqguilded\admin\index.cgi <-- eqgild /public_html/admin index.cgi
2003.06.16 16:54 A C:\Documents and Settings\Byron Chilton\My Documents\website\eqguilded\admin\index.cgi --> www.eqguilded.com /public_html/admin index.cgi
2003.06.16 16:56 A C:\Documents and Settings\Byron Chilton\My Documents\website\eqguilded\admin\index.cgi --> www.eqguilded.com /public_html/admin index.cgi
2003.06.16 19:15 A C:\Documents and Settings\Byron Chilton\My Documents\website\eqguilded\admin\index.cgi --> www.eqguilded.com /public_html/admin index.cgi
2003.06.16 19:16 A C:\Documents and Settings\Byron Chilton\My Documents\website\eqguilded\admin\index.cgi --> www.eqguilded.com /public_html/admin index.cgi
2003.06.16 19:18 A C:\Documents and Settings\Byron Chilton\My Documents\website\eqguilded\admin\index.cgi --> www.eqguilded.com /public_html/admin index.cgi
2003.06.16 19:18 A C:\Documents and Settings\Byron Chilton\My Documents\website\eqguilded\admin\index.cgi --> www.eqguilded.com /public_html/admin index.cgi
2003.06.16 19:22 A C:\Documents and Settings\Byron Chilton\My Documents\website\eqguilded\admin\index.cgi --> www.eqguilded.com /public_html/admin index.cgi
2003.06.16 19:24 A C:\Documents and Settings\Byron Chilton\My Documents\website\eqguilded\admin\1.hlp <-- eqgild /public_html/help 1.hlp
2003.06.16 19:25 A C:\Documents and Settings\Byron Chilton\My Documents\website\eqguilded\admin\help.cnt --> www.eqguilded.com /public_html/admin help.cnt
2003.06.16 19:30 A C:\Documents and Settings\Byron Chilton\My Documents\website\eqguilded\admin\index.cgi --> www.eqguilded.com /public_html/admin index.cgi
2003.06.16 19:30 A C:\Documents and Settings\Byron Chilton\My Documents\website\eqguilded\admin\index.cgi --> www.eqguilded.com /public_html/admin index.cgi
2003.06.16 19:31 A C:\Documents and Settings\Byron Chilton\My Documents\website\eqguilded\admin\index.cgi --> www.eqguilded.com /public_html/admin index.cgi
2003.06.16 19:32 A C:\Documents and Settings\Byron Chilton\My Documents\website\eqguilded\admin\help.cnt --> www.eqguilded.com /public_html/admin help.cnt
2003.06.16 19:32 A C:\Documents and Settings\Byron Chilton\My Documents\website\eqguilded\admin\index.cgi --> www.eqguilded.com /public_html/admin index.cgi
2003.06.16 19:35 A C:\Documents and Settings\Byron Chilton\My Documents\website\eqguilded\admin\index.cgi --> www.eqguilded.com /public_html/admin index.cgi
2003.06.16 19:38 A C:\Documents and Settings\Byron Chilton\My Documents\website\eqguilded\admin\index.cgi --> www.eqguilded.com /public_html/admin index.cgi
2003.06.16 19:39 A C:\Documents and Settings\Byron Chilton\My Documents\website\eqguilded\admin\index.cgi --> www.eqguilded.com /public_html/admin index.cgi
2003.06.16 19:43 A C:\Documents and Settings\Byron Chilton\My Documents\website\eqguilded\admin\index.cgi --> www.eqguilded.com /public_html/admin index.cgi
2003.06.16 19:44 A C:\Documents and Settings\Byron Chilton\My Documents\website\eqguilded\admin\index.cgi --> www.eqguilded.com /public_html/admin index.cgi
2003.06.16 19:50 A C:\Documents and Settings\Byron Chilton\My Documents\website\eqguilded\admin\index.cgi --> www.eqguilded.com /public_html index.cgi
2003.06.16 19:51 A C:\Documents and Settings\Byron Chilton\My Documents\website\eqguilded\admin\index.cgi --> www.eqguilded.com /public_html/admin index.cgi
2003.06.16 20:00 A C:\Documents and Settings\Byron Chilton\My Documents\website\eqguilded\admin\index.cgi --> www.eqguilded.com /public_html/admin index.cgi
2003.06.16 20:01 A C:\Documents and Settings\Byron Chilton\My Documents\website\eqguilded\admin\index.cgi --> www.eqguilded.com /public_html/admin index.cgi
2003.06.16 20:01 A C:\Documents and Settings\Byron Chilton\My Documents\website\eqguilded\admin\head.lst --> www.eqguilded.com /public_html/items head.lst
2003.06.16 20:01 A C:\Documents and Settings\Byron Chilton\My Documents\website\eqguilded\admin\hand.lst --> www.eqguilded.com /public_html/items hand.lst
2003.06.16 20:09 A C:\Documents and Settings\Byron Chilton\My Documents\website\eqguilded\admin\index.cgi --> www.eqguilded.com /public_html/admin index.cgi
2003.06.16 20:16 A C:\Documents and Settings\Byron Chilton\My Documents\website\eqguilded\admin\index.cgi --> www.eqguilded.com /public_html/admin index.cgi
2003.06.16 20:16 A C:\Documents and Settings\Byron Chilton\My Documents\website\eqguilded\admin\index.cgi --> www.eqguilded.com /public_html/admin index.cgi
2003.06.16 20:32 A C:\Documents and Settings\Byron Chilton\My Documents\website\eqguilded\admin\index.cgi --> www.eqguilded.com /public_html/admin index.cgi
2003.06.16 20:38 A C:\Documents and Settings\Byron Chilton\My Documents\website\eqguilded\admin\index.cgi --> www.eqguilded.com /public_html/admin index.cgi
2003.06.16 20:43 A C:\Documents and Settings\Byron Chilton\My Documents\website\eqguilded\admin\index.cgi --> www.eqguilded.com /public_html/admin index.cgi
2003.06.16 20:46 A C:\Documents and Settings\Byron Chilton\My Documents\website\eqguilded\admin\index.cgi --> www.eqguilded.com /public_html/admin index.cgi
2003.06.16 20:47 A C:\Documents and Settings\Byron Chilton\My Documents\website\eqguilded\admin\index.cgi --> www.eqguilded.com /public_html/admin index.cgi
2003.06.16 20:48 A C:\Documents and Settings\Byron Chilton\My Documents\website\eqguilded\admin\index.cgi --> www.eqguilded.com /public_html/admin index.cgi
2003.06.16 20:49 A C:\Documents and Settings\Byron Chilton\My Documents\website\eqguilded\admin\index.cgi --> www.eqguilded.com /public_html/admin index.cgi
2003.06.16 21:03 A C:\Documents and Settings\Byron Chilton\My Documents\website\eqguilded\admin\index.cgi --> www.eqguilded.com /public_html/admin index.cgi
2003.06.16 21:04 A C:\Documents and Settings\Byron Chilton\My Documents\website\eqguilded\admin\index.cgi --> www.eqguilded.com /public_html/admin index.cgi
2003.06.16 21:04 A C:\Documents and Settings\Byron Chilton\My Documents\website\eqguilded\admin\index.cgi --> www.eqguilded.com /public_html/admin index.cgi
2003.06.16 21:07 A C:\Documents and Settings\Byron Chilton\My Documents\website\eqguilded\admin\index.cgi --> www.eqguilded.com /public_html/admin index.cgi
2003.06.16 21:11 A C:\Documents and Settings\Byron Chilton\My Documents\website\eqguilded\admin\index.cgi --> www.eqguilded.com /public_html/admin index.cgi
2003.06.16 21:11 A C:\Documents and Settings\Byron Chilton\My Documents\website\eqguilded\admin\index.cgi --> www.eqguilded.com /public_html/admin index.cgi
2003.06.16 21:16 A C:\Documents and Settings\Byron Chilton\My Documents\website\eqguilded\admin\index.cgi --> www.eqguilded.com /public_html/admin index.cgi
2003.06.16 21:17 A C:\Documents and Settings\Byron Chilton\My Documents\website\eqguilded\admin\index.cgi --> www.eqguilded.com /public_html/admin index.cgi
2003.06.19 16:42 B C:\Documents and Settings\Byron Chilton\My Documents\website\eqguilded\admin\index.cgi --> www.eqguilded.com /public_html/admin index.cgi
2003.06.19 16:42 A C:\Documents and Settings\Byron Chilton\My Documents\website\eqguilded\admin\index.cgi --> www.eqguilded.com /public_html/admin index.cgi
2003.06.19 16:47 A C:\Documents and Settings\Byron Chilton\My Documents\website\eqguilded\admin\index.cgi --> www.eqguilded.com /public_html/admin index.cgi
2003.06.19 16:55 A C:\Documents and Settings\Byron Chilton\My Documents\website\eqguilded\admin\index.cgi --> www.eqguilded.com /public_html/admin index.cgi
2003.06.19 19:44 A C:\Documents and Settings\Byron Chilton\My Documents\website\eqguilded\admin\index.cgi --> www.eqguilded.com /public_html/admin index.cgi
2003.07.01 16:25 A C:\Documents and Settings\Byron Chilton\My Documents\website\eqguilded\admin\index.cgi --> www.eqguilded.com /public_html/admin index.cgi
2003.09.15 14:10 A C:\Documents and Settings\Byron Chilton\My Documents\website\eqguilded\admin\index.cgi --> www.eqguilded.com /public_html/admin index.cgi
2003.09.15 14:13 A C:\Documents and Settings\Byron Chilton\My Documents\website\eqguilded\admin\index.cgi --> www.eqguilded.com /public_html/admin index.cgi
2003.09.15 14:14 A C:\Documents and Settings\Byron Chilton\My Documents\website\eqguilded\admin\index.cgi --> www.eqguilded.com /public_html/admin index.cgi
2003.09.15 14:15 A C:\Documents and Settings\Byron Chilton\My Documents\website\eqguilded\admin\index.cgi --> www.eqguilded.com /public_html/admin index.cgi
2003.09.15 14:16 A C:\Documents and Settings\Byron Chilton\My Documents\website\eqguilded\admin\index.cgi --> www.eqguilded.com /public_html/admin index.cgi
2003.09.15 14:17 A C:\Documents and Settings\Byron Chilton\My Documents\website\eqguilded\admin\index.cgi --> www.eqguilded.com /public_html/admin index.cgi
2003.09.15 14:20 A C:\Documents and Settings\Byron Chilton\My Documents\website\eqguilded\admin\index.cgi --> www.eqguilded.com /public_html/admin index.cgi
2003.09.15 14:20 A C:\Documents and Settings\Byron Chilton\My Documents\website\eqguilded\admin\index.cgi --> www.eqguilded.com /public_html/admin index.cgi
2003.09.15 14:21 A C:\Documents and Settings\Byron Chilton\My Documents\website\eqguilded\admin\index.cgi --> www.eqguilded.com /public_html/admin index.cgi
2003.09.15 14:21 A C:\Documents and Settings\Byron Chilton\My Documents\website\eqguilded\admin\index.cgi --> www.eqguilded.com /public_html/admin index.cgi
2003.09.15 14:22 A C:\Documents and Settings\Byron Chilton\My Documents\website\eqguilded\admin\index.cgi --> www.eqguilded.com /public_html/admin index.cgi
2003.09.15 14:23 A C:\Documents and Settings\Byron Chilton\My Documents\website\eqguilded\admin\index.cgi --> www.eqguilded.com /public_html/admin index.cgi
2003.09.15 14:25 A C:\Documents and Settings\Byron Chilton\My Documents\website\eqguilded\admin\index.cgi --> www.eqguilded.com /public_html/admin index.cgi
2003.09.15 14:26 A C:\Documents and Settings\Byron Chilton\My Documents\website\eqguilded\admin\index.cgi --> www.eqguilded.com /public_html/admin index.cgi
2003.09.15 14:27 A C:\Documents and Settings\Byron Chilton\My Documents\website\eqguilded\admin\index.cgi --> www.eqguilded.com /public_html/admin index.cgi
2003.09.15 14:28 A C:\Documents and Settings\Byron Chilton\My Documents\website\eqguilded\admin\index.cgi --> www.eqguilded.com /public_html/admin index.cgi
2003.09.15 14:29 A C:\Documents and Settings\Byron Chilton\My Documents\website\eqguilded\admin\index.cgi --> www.eqguilded.com /public_html/admin index.cgi
2003.09.15 14:30 A C:\Documents and Settings\Byron Chilton\My Documents\website\eqguilded\admin\index.cgi --> www.eqguilded.com /public_html/admin index.cgi
2003.09.15 14:33 A C:\Documents and Settings\Byron Chilton\My Documents\website\eqguilded\admin\index.cgi --> www.eqguilded.com /public_html/admin index.cgi
2003.09.15 14:33 A C:\Documents and Settings\Byron Chilton\My Documents\website\eqguilded\admin\index.cgi --> www.eqguilded.com /public_html/admin index.cgi
