98.01.01 21:04 B C:\d0tt.com\sp\people\BackKyle.gif <-- addr /usr6/home/byron/public_html/sp/people BackKyle.gif
98.01.01 21:04 B C:\d0tt.com\sp\people\bplayer.gif <-- addr /usr6/home/byron/public_html/sp/people bplayer.gif
98.01.01 21:04 B C:\d0tt.com\sp\people\Cartman.gif <-- addr /usr6/home/byron/public_html/sp/people Cartman.gif
98.01.01 21:04 B C:\d0tt.com\sp\people\cbn1.gif <-- addr /usr6/home/byron/public_html/sp/people cbn1.gif
98.01.01 21:04 B C:\d0tt.com\sp\people\cff1.gif <-- addr /usr6/home/byron/public_html/sp/people cff1.gif
98.01.01 21:04 B C:\d0tt.com\sp\people\cfs1.gif <-- addr /usr6/home/byron/public_html/sp/people cfs1.gif
98.01.01 21:04 B C:\d0tt.com\sp\people\football.gif <-- addr /usr6/home/byron/public_html/sp/people football.gif
98.01.01 21:04 B C:\d0tt.com\sp\people\gsd1.gif <-- addr /usr6/home/byron/public_html/sp/people gsd1.gif
98.01.01 21:04 B C:\d0tt.com\sp\people\hff2.gif <-- addr /usr6/home/byron/public_html/sp/people hff2.gif
98.01.01 21:04 B C:\d0tt.com\sp\people\hff3.gif <-- addr /usr6/home/byron/public_html/sp/people hff3.gif
98.01.01 21:04 B C:\d0tt.com\sp\people\ifn1.gif <-- addr /usr6/home/byron/public_html/sp/people ifn1.gif
98.01.01 21:04 B C:\d0tt.com\sp\people\ift1.gif <-- addr /usr6/home/byron/public_html/sp/people ift1.gif
98.01.01 21:04 B C:\d0tt.com\sp\people\Kenny.gif <-- addr /usr6/home/byron/public_html/sp/people Kenny.gif
98.01.01 21:04 B C:\d0tt.com\sp\people\Kennyback.gif <-- addr /usr6/home/byron/public_html/sp/people Kennyback.gif
98.01.01 21:04 B C:\d0tt.com\sp\people\kennydead.gif <-- addr /usr6/home/byron/public_html/sp/people kennydead.gif
98.01.01 21:04 B C:\d0tt.com\sp\people\kfb1.gif <-- addr /usr6/home/byron/public_html/sp/people kfb1.gif
98.01.01 21:04 B C:\d0tt.com\sp\people\kfd1.gif <-- addr /usr6/home/byron/public_html/sp/people kfd1.gif
98.01.01 21:04 B C:\d0tt.com\sp\people\kfh1.gif <-- addr /usr6/home/byron/public_html/sp/people kfh1.gif
98.01.01 21:04 B C:\d0tt.com\sp\people\Kyle.gif <-- addr /usr6/home/byron/public_html/sp/people Kyle.gif
98.01.01 21:05 B C:\d0tt.com\sp\people\Kylepush.gif <-- addr /usr6/home/byron/public_html/sp/people Kylepush.gif
98.01.01 21:05 B C:\d0tt.com\sp\people\poofs.gif <-- addr /usr6/home/byron/public_html/sp/people poofs.gif
98.01.01 21:05 B C:\d0tt.com\sp\people\rplayer.gif <-- addr /usr6/home/byron/public_html/sp/people rplayer.gif
98.01.01 21:05 B C:\d0tt.com\sp\people\sbn1.gif <-- addr /usr6/home/byron/public_html/sp/people sbn1.gif
98.01.01 21:05 B C:\d0tt.com\sp\people\sczlbut2.gif <-- addr /usr6/home/byron/public_html/sp/people sczlbut2.gif
98.01.01 21:05 B C:\d0tt.com\sp\people\Stan.gif <-- addr /usr6/home/byron/public_html/sp/people Stan.gif
