2002.02.10 00:27 B D:\website\mailsys\bottm.jpg --> www.erenetwork.com /public_html/mailsys bottm.jpg
2002.02.10 00:27 B D:\website\mailsys\delete.jpg --> www.erenetwork.com /public_html/mailsys delete.jpg
2002.02.10 00:27 B D:\website\mailsys\index.html --> www.erenetwork.com /public_html/mailsys index.html
2002.02.10 00:27 B D:\website\mailsys\index2.html --> www.erenetwork.com /public_html/mailsys index2.html
2002.02.10 00:27 B D:\website\mailsys\left.jpg --> www.erenetwork.com /public_html/mailsys left.jpg
2002.02.10 00:27 B D:\website\mailsys\mailjoin.jpg --> www.erenetwork.com /public_html/mailsys mailjoin.jpg
2002.02.10 00:27 B D:\website\mailsys\mailread.jpg --> www.erenetwork.com /public_html/mailsys mailread.jpg
2002.02.10 00:27 B D:\website\mailsys\readfurn.jpg --> www.erenetwork.com /public_html/mailsys readfurn.jpg
2002.02.10 00:27 B D:\website\mailsys\right.jpg --> www.erenetwork.com /public_html/mailsys right.jpg
2002.02.10 00:27 B D:\website\mailsys\send.jpg --> www.erenetwork.com /public_html/mailsys send.jpg
2002.02.10 00:27 B D:\website\mailsys\top.jpg --> www.erenetwork.com /public_html/mailsys top.jpg
2002.02.10 00:27 B D:\website\mailsys\index.html --> www.erenetwork.com /public_html/mailsys index.html
2002.02.11 23:34 B D:\website\mailsys\index2.html --> www.erenetwork.com /public_html/mailsys index2.html
2002.02.14 21:02 B D:\website\mailsys\bottm.jpg --> www.erenetwork.com /public_html/mailsys bottm.jpg
2002.02.14 21:02 B D:\website\mailsys\delete.jpg --> www.erenetwork.com /public_html/mailsys delete.jpg
2002.02.14 21:02 B D:\website\mailsys\index.html --> www.erenetwork.com /public_html/mailsys index.html
2002.02.14 21:02 B D:\website\mailsys\index2.html --> www.erenetwork.com /public_html/mailsys index2.html
2002.02.14 21:02 B D:\website\mailsys\left.jpg --> www.erenetwork.com /public_html/mailsys left.jpg
2002.02.14 21:02 B D:\website\mailsys\mailjoin.jpg --> www.erenetwork.com /public_html/mailsys mailjoin.jpg
2002.02.14 21:03 B D:\website\mailsys\mailread.jpg --> www.erenetwork.com /public_html/mailsys mailread.jpg
2002.02.14 21:03 B D:\website\mailsys\readfurn.jpg --> www.erenetwork.com /public_html/mailsys readfurn.jpg
2002.02.14 21:03 B D:\website\mailsys\right.jpg --> www.erenetwork.com /public_html/mailsys right.jpg
2002.02.14 21:03 B D:\website\mailsys\send.jpg --> www.erenetwork.com /public_html/mailsys send.jpg
2002.02.14 21:03 B D:\website\mailsys\top.jpg --> www.erenetwork.com /public_html/mailsys top.jpg
2002.02.14 21:04 B D:\website\mailsys\index2.html --> www.erenetwork.com /public_html/mailsys index2.html
2002.02.14 21:04 B D:\website\mailsys\send.jpg --> www.erenetwork.com /public_html/mailsys send.jpg
2002.02.14 21:04 B D:\website\mailsys\right.jpg --> www.erenetwork.com /public_html/mailsys right.jpg
2002.02.14 21:05 B D:\website\mailsys\right.jpg --> www.erenetwork.com /public_html/mailsys right.jpg
2002.02.14 21:06 B D:\website\mailsys\index2.html --> www.erenetwork.com /public_html/mailsys index2.html
2002.02.14 21:08 B D:\website\mailsys\index2.html --> www.erenetwork.com /public_html/mailsys index2.html
2002.02.14 21:08 B D:\website\mailsys\index2.html --> www.erenetwork.com /public_html/mailsys index2.html
2002.02.16 13:19 B D:\website\mailsys\index2.html --> www.erenetwork.com /public_html/mailsys index2.html
2002.02.16 13:20 B D:\website\mailsys\index2.html --> www.erenetwork.com /public_html/mailsys index2.html
2002.02.16 14:13 B D:\website\mailsys\index2.html --> www.erenetwork.com /public_html/mailsys index2.html
2002.02.16 14:15 B D:\website\mailsys\index2.html --> www.erenetwork.com /public_html/mailsys index2.html
2002.02.16 14:16 B D:\website\mailsys\index2.html --> www.erenetwork.com /public_html/mailsys index2.html
2002.02.16 14:18 B D:\website\mailsys\index2.html --> www.erenetwork.com /public_html/mailsys index2.html
2002.02.16 14:21 B D:\website\mailsys\index2.html --> www.erenetwork.com /public_html/mailsys index2.html
2002.02.16 14:27 B D:\website\mailsys\top.jpg --> www.erenetwork.com /public_html/mailsys top.jpg
2002.02.16 14:28 B D:\website\mailsys\right.jpg --> www.erenetwork.com /public_html/mailsys right.jpg
2002.02.16 14:28 B D:\website\mailsys\right.jpg --> www.erenetwork.com /public_html/mailsys right.jpg
2002.02.16 14:30 B D:\website\mailsys\delete.jpg --> www.erenetwork.com /public_html/mailsys delete.jpg
2002.02.16 14:30 B D:\website\mailsys\mailjoin.jpg --> www.erenetwork.com /public_html/mailsys mailjoin.jpg
2002.02.16 14:30 B D:\website\mailsys\mailread.jpg --> www.erenetwork.com /public_html/mailsys mailread.jpg
2002.02.16 14:30 B D:\website\mailsys\readfurn.jpg --> www.erenetwork.com /public_html/mailsys readfurn.jpg
2002.02.16 14:30 B D:\website\mailsys\send.jpg --> www.erenetwork.com /public_html/mailsys send.jpg
2002.02.16 14:31 B D:\website\mailsys\index.html --> www.erenetwork.com /public_html/mailsys index.html
2002.02.17 10:21 B D:\website\mailsys\check.jpg --> www.erenetwork.com /public_html/mailsys check.jpg
2002.02.17 10:21 B D:\website\mailsys\index2.html --> www.erenetwork.com /public_html/mailsys index2.html
2002.02.21 17:45 B D:\website\mailsys\index2.html --> www.erenetwork.com /public_html/mailsys index2.html
2002.02.23 23:58 B D:\website\mailsys\index2.html --> www.erenetwork.com /public_html/mailsys index2.html
2002.02.23 23:58 B D:\website\mailsys\suggest.jpg --> www.erenetwork.com /public_html/mailsys suggest.jpg
2002.02.24 11:30 B D:\website\mailsys\card.jpg --> www.erenetwork.com /public_html/mailsys card.jpg
2002.02.24 11:30 B D:\website\mailsys\index2.html --> www.erenetwork.com /public_html/mailsys index2.html
2002.02.24 11:34 B D:\website\mailsys\bottm.jpg --> www.erenetwork.com /public_html/mailsys bottm.jpg
2002.02.24 11:34 B D:\website\mailsys\index2.html --> www.erenetwork.com /public_html/mailsys index2.html
2002.02.24 11:34 B D:\website\mailsys\top.jpg --> www.erenetwork.com /public_html/mailsys top.jpg
2002.02.24 11:38 B D:\website\mailsys\devider.jpg --> www.erenetwork.com /public_html/mailsys devider.jpg
2002.02.24 11:38 B D:\website\mailsys\index2.html --> www.erenetwork.com /public_html/mailsys index2.html
2002.02.24 11:38 B D:\website\mailsys\index.html --> www.erenetwork.com /public_html/mailsys index.html
2002.02.24 11:40 B D:\website\mailsys\index.html --> www.erenetwork.com /public_html/mailsys index.html
2002.02.24 11:40 B D:\website\mailsys\index2.html --> www.erenetwork.com /public_html/mailsys index2.html
2002.02.24 11:44 B D:\website\mailsys\index2.html --> www.erenetwork.com /public_html/mailsys index2.html
2002.02.24 11:45 B D:\website\mailsys\index2.html --> www.erenetwork.com /public_html/mailsys index2.html
2002.02.24 11:53 B D:\website\mailsys\index2.html --> www.erenetwork.com /public_html/mailsys/images index2.html
2002.02.24 12:10 B D:\website\mailsys\index2.html --> www.erenetwork.com /public_html/mailsys index2.html
2002.02.24 23:28 B D:\website\mailsys\index.html --> www.erenetwork.com /public_html/mailsys index.html
2002.02.25 00:02 B D:\website\mailsys\index2.html --> www.erenetwork.com /public_html/mailsys index2.html
2002.02.25 00:12 A D:\website\mailsys\index2.html --> www.erenetwork.com /public_html/mailsys index2.html
2002.03.15 18:09 B D:\website\mailsys\top.jpg --> www.erenetwork.com /public_html/mailsys top.jpg
2002.03.17 12:59 B D:\website\mailsys\index2.html --> www.erenetwork.com /public_html/mailsys index2.html
2002.03.17 13:02 B D:\website\mailsys\index2.html --> www.erenetwork.com /public_html/mailsys index2.html
2002.03.17 13:03 A D:\website\mailsys\index2.html --> www.erenetwork.com /public_html/mailsys index2.html
2002.03.17 13:03 B D:\website\mailsys\index2.html --> www.erenetwork.com /public_html/mailsys index2.html
2002.03.17 13:04 B D:\website\mailsys\index2.html --> www.erenetwork.com /public_html/mailsys index2.html
2002.03.17 13:04 B D:\website\mailsys\index2.html --> www.erenetwork.com /public_html/mailsys index2.html
2002.03.17 13:08 B D:\website\mailsys\index2.html --> www.erenetwork.com /public_html/mailsys index2.html
2002.03.23 00:13 B D:\website\mailsys\index2.html --> www.erenetwork.com /public_html/mailsys index2.html
2002.03.23 00:16 B D:\website\mailsys\index2.html --> www.erenetwork.com /public_html/mailsys index2.html
