101.11.11 20:14 A D:\website\ravensnew\cgi\msg\data\keny.msg <-- ERE /public_html/ravens/cgi/msg/data keny.msg
101.11.11 20:15 A D:\website\ravensnew\cgi\msg\data\keny.msg --> www.erenetwork.com /public_html/ravens/cgi/msg/data keny.msg
101.11.11 20:21 A D:\website\ravensnew\cgi\msg\data\keny.msg --> www.erenetwork.com /public_html/ravens/cgi/msg/data keny.msg
101.11.11 20:44 A D:\website\ravensnew\cgi\msg\data\keny.msg --> www.erenetwork.com /public_html/ravens/cgi/msg/data keny.msg
101.11.11 20:45 A D:\website\ravensnew\cgi\msg\data\keny.msg --> www.erenetwork.com /public_html/ravens/cgi/msg/data keny.msg
101.11.11 20:45 A D:\website\ravensnew\cgi\msg\data\keny.msg --> www.erenetwork.com /public_html/ravens/cgi/msg/data keny.msg
101.11.11 20:46 A D:\website\ravensnew\cgi\msg\data\keny.msg --> www.erenetwork.com /public_html/ravens/cgi/msg/data keny.msg
101.11.11 20:49 A D:\website\ravensnew\cgi\msg\data\keny.msg --> www.erenetwork.com /public_html/ravens/cgi/msg/data keny.msg
101.11.11 20:50 A D:\website\ravensnew\cgi\msg\data\keny.msg --> www.erenetwork.com /public_html/ravens/cgi/msg/data keny.msg
101.11.11 20:50 A D:\website\ravensnew\cgi\msg\data\keny --> www.erenetwork.com /public_html/ravens/cgi/msg/data keny
101.11.11 20:51 A D:\website\ravensnew\cgi\msg\data\keny --> www.erenetwork.com /public_html/ravens/cgi/msg/data keny
101.11.11 20:53 A D:\website\ravensnew\cgi\msg\data\keny --> www.erenetwork.com /public_html/ravens/cgi/msg/data keny
101.11.11 20:54 A D:\website\ravensnew\cgi\msg\data\keny --> www.erenetwork.com /public_html/ravens/cgi/msg/data keny
101.11.11 20:54 A D:\website\ravensnew\cgi\msg\data\keny --> www.erenetwork.com /public_html/ravens/cgi/msg/data keny
101.11.11 20:56 A D:\website\ravensnew\cgi\msg\data\keny --> www.erenetwork.com /public_html/ravens/cgi/msg/data keny
101.11.11 20:57 A D:\website\ravensnew\cgi\msg\data\keny --> www.erenetwork.com /public_html/ravens/cgi/msg/dat keny
101.11.11 20:59 A D:\website\ravensnew\cgi\msg\data\keny --> www.erenetwork.com /public_html/ravens/cgi/msg/dat keny
101.11.11 20:59 A D:\website\ravensnew\cgi\msg\data\keny --> www.erenetwork.com /public_html/ravens/cgi/msg/dat keny
101.11.11 21:00 A D:\website\ravensnew\cgi\msg\data\keny.msg --> www.erenetwork.com /public_html/ravens/cgi/msg/dat keny.msg
101.11.11 21:02 A D:\website\ravensnew\cgi\msg\data\keny.msg --> www.erenetwork.com /public_html/ravens/cgi/msg/dat keny.msg
101.11.11 21:03 A D:\website\ravensnew\cgi\msg\data\keny.msg --> www.erenetwork.com /public_html/ravens/cgi/msg/dat keny.msg
101.11.11 21:05 A D:\website\ravensnew\cgi\msg\data\keny.msg --> www.erenetwork.com /public_html/ravens/cgi/msg/dat keny.msg
101.11.11 21:40 A D:\website\ravensnew\cgi\msg\data\keny.msg --> www.erenetwork.com /public_html/ravens/cgi/msg/dat keny.msg
101.11.11 21:41 A D:\website\ravensnew\cgi\msg\data\keny.msg --> www.erenetwork.com /public_html/ravens/cgi/msg/dat keny.msg
101.11.11 21:42 A D:\website\ravensnew\cgi\msg\data\keny.msg --> www.erenetwork.com /public_html/ravens/cgi/msg/dat keny.msg
101.11.11 21:43 A D:\website\ravensnew\cgi\msg\data\keny.msg --> www.erenetwork.com /public_html/ravens/cgi/msg/dat keny.msg
101.11.11 22:16 A D:\website\ravensnew\cgi\msg\data\keny.msg --> www.erenetwork.com /public_html/ravens/cgi/msg/dat keny.msg
