2003.02.16 17:28 A C:\Documents and Settings\Byron Chilton\My Documents\website\eqguilded\data\dot.dat <-- Erenetw /public_html/eqguilded/data dot.dat
2003.02.16 17:28 A C:\Documents and Settings\Byron Chilton\My Documents\website\eqguilded\data\dot.link <-- Erenetw /public_html/eqguilded/data dot.link
2003.02.16 17:28 A C:\Documents and Settings\Byron Chilton\My Documents\website\eqguilded\data\dot.mem <-- Erenetw /public_html/eqguilded/data dot.mem
2003.02.16 17:28 A C:\Documents and Settings\Byron Chilton\My Documents\website\eqguilded\data\dot.news <-- Erenetw /public_html/eqguilded/data dot.news
2003.02.16 17:28 A C:\Documents and Settings\Byron Chilton\My Documents\website\eqguilded\data\dot.page <-- Erenetw /public_html/eqguilded/data dot.page
2003.02.16 17:29 A C:\Documents and Settings\Byron Chilton\My Documents\website\eqguilded\data\dot.head --> www.erenetwork.com /public_html/eqguilded/data dot.head
2003.02.16 17:29 A C:\Documents and Settings\Byron Chilton\My Documents\website\eqguilded\data\dot.foot --> www.erenetwork.com /public_html/eqguilded/data dot.foot
2003.02.16 17:30 A C:\Documents and Settings\Byron Chilton\My Documents\website\eqguilded\data\dot.mem --> www.erenetwork.com /public_html/eqguilded/data dot.mem
2003.02.16 17:35 A C:\Documents and Settings\Byron Chilton\My Documents\website\eqguilded\data\dot.mem --> www.erenetwork.com /public_html/eqguilded/data dot.mem
2003.02.16 17:45 A C:\Documents and Settings\Byron Chilton\My Documents\website\eqguilded\data\dot.off --> www.erenetwork.com /public_html/eqguilded/data dot.off
2003.02.16 18:59 A C:\Documents and Settings\Byron Chilton\My Documents\website\eqguilded\data\dot.page --> www.erenetwork.com /public_html/eqguilded/data dot.page
2003.02.16 19:08 A C:\Documents and Settings\Byron Chilton\My Documents\website\eqguilded\data\dot.page --> www.erenetwork.com /public_html/eqguilded/data dot.page
2003.02.16 20:52 A C:\Documents and Settings\Byron Chilton\My Documents\website\eqguilded\data\dot.link --> www.erenetwork.com /public_html/eqguilded/data dot.link
2003.02.16 20:58 A C:\Documents and Settings\Byron Chilton\My Documents\website\eqguilded\data\dot.mem --> www.erenetwork.com /public_html/eqguilded/data dot.mem
2003.02.16 21:18 A C:\Documents and Settings\Byron Chilton\My Documents\website\eqguilded\data\dot.mem --> www.erenetwork.com /public_html/eqguilded/data dot.mem
2003.02.16 21:21 A C:\Documents and Settings\Byron Chilton\My Documents\website\eqguilded\data\dot.mem --> www.erenetwork.com /public_html/eqguilded/data dot.mem
2003.02.16 21:21 A C:\Documents and Settings\Byron Chilton\My Documents\website\eqguilded\data\dot.mem --> www.erenetwork.com /public_html/eqguilded/data dot.mem
2003.02.16 21:22 A C:\Documents and Settings\Byron Chilton\My Documents\website\eqguilded\data\dot.mem --> www.erenetwork.com /public_html/eqguilded/data dot.mem
2003.02.16 21:24 A C:\Documents and Settings\Byron Chilton\My Documents\website\eqguilded\data\dot.mem --> www.erenetwork.com /public_html/eqguilded/data dot.mem
2003.02.16 21:56 A C:\Documents and Settings\Byron Chilton\My Documents\website\eqguilded\data\dot.mem --> www.erenetwork.com /public_html/eqguilded/data dot.mem
2003.02.16 22:01 A C:\Documents and Settings\Byron Chilton\My Documents\website\eqguilded\data\dot.mem --> www.erenetwork.com /public_html/eqguilded/data dot.mem
2003.02.16 22:07 A C:\Documents and Settings\Byron Chilton\My Documents\website\eqguilded\data\dot.dat --> www.erenetwork.com /public_html/eqguilded/data dot.dat
2003.02.16 22:13 A C:\Documents and Settings\Byron Chilton\My Documents\website\eqguilded\data\dot.rank --> www.erenetwork.com /public_html/eqguilded/data dot.rank
2003.02.16 22:13 A C:\Documents and Settings\Byron Chilton\My Documents\website\eqguilded\data\dot.wate --> www.erenetwork.com /public_html/eqguilded/data dot.wate
2003.02.16 22:20 A C:\Documents and Settings\Byron Chilton\My Documents\website\eqguilded\data\dot.rank --> www.erenetwork.com /public_html/eqguilded/data dot.rank
2003.02.17 15:22 A C:\Documents and Settings\Byron Chilton\My Documents\website\eqguilded\data\dot.dat --> www.erenetwork.com /public_html/eqguilded/data dot.dat
2003.02.17 15:30 A C:\Documents and Settings\Byron Chilton\My Documents\website\eqguilded\data\dot.dat --> www.erenetwork.com /public_html/eqguilded/data dot.dat
2003.02.17 15:31 A C:\Documents and Settings\Byron Chilton\My Documents\website\eqguilded\data\dot.dat --> www.erenetwork.com /public_html/eqguilded/data dot.dat
2003.02.17 15:32 A C:\Documents and Settings\Byron Chilton\My Documents\website\eqguilded\data\dot.dat --> www.erenetwork.com /public_html/eqguilded/data dot.dat
2003.02.17 15:40 A C:\Documents and Settings\Byron Chilton\My Documents\website\eqguilded\data\dot.rank --> www.erenetwork.com /public_html/eqguilded/data dot.rank
2003.02.17 15:42 A C:\Documents and Settings\Byron Chilton\My Documents\website\eqguilded\data\dot.rank --> www.erenetwork.com /public_html/eqguilded/data dot.rank
2003.02.17 15:43 A C:\Documents and Settings\Byron Chilton\My Documents\website\eqguilded\data\dot.rank --> www.erenetwork.com /public_html/eqguilded/data dot.rank
2003.02.17 15:44 A C:\Documents and Settings\Byron Chilton\My Documents\website\eqguilded\data\dot.rank --> www.erenetwork.com /public_html/eqguilded/data dot.rank
2003.02.17 15:45 A C:\Documents and Settings\Byron Chilton\My Documents\website\eqguilded\data\dot.rank --> www.erenetwork.com /public_html/eqguilded/data dot.rank
2003.02.17 15:46 A C:\Documents and Settings\Byron Chilton\My Documents\website\eqguilded\data\dot.rank --> www.erenetwork.com /public_html/eqguilded/data dot.rank
2003.02.17 15:49 A C:\Documents and Settings\Byron Chilton\My Documents\website\eqguilded\data\dot.rank --> www.erenetwork.com /public_html/eqguilded/data dot.rank
2003.02.17 15:50 A C:\Documents and Settings\Byron Chilton\My Documents\website\eqguilded\data\dot.rank --> www.erenetwork.com /public_html/eqguilded/data dot.rank
2003.02.17 15:51 A C:\Documents and Settings\Byron Chilton\My Documents\website\eqguilded\data\dot.rank --> www.erenetwork.com /public_html/eqguilded/data dot.rank
2003.02.17 15:51 A C:\Documents and Settings\Byron Chilton\My Documents\website\eqguilded\data\dot.rank --> www.erenetwork.com /public_html/eqguilded/data dot.rank
2003.02.17 15:53 A C:\Documents and Settings\Byron Chilton\My Documents\website\eqguilded\data\dot.rank --> www.erenetwork.com /public_html/eqguilded/data dot.rank
2003.02.17 15:54 A C:\Documents and Settings\Byron Chilton\My Documents\website\eqguilded\data\dot.rank --> www.erenetwork.com /public_html/eqguilded/data dot.rank
2003.02.17 15:58 A C:\Documents and Settings\Byron Chilton\My Documents\website\eqguilded\data\dot.rank --> www.erenetwork.com /public_html/eqguilded/data dot.rank
2003.02.17 15:59 A C:\Documents and Settings\Byron Chilton\My Documents\website\eqguilded\data\dot.rank --> www.erenetwork.com /public_html/eqguilded/data dot.rank
2003.02.17 16:00 A C:\Documents and Settings\Byron Chilton\My Documents\website\eqguilded\data\dot.rank --> www.erenetwork.com /public_html/eqguilded/data dot.rank
2003.02.17 16:05 A C:\Documents and Settings\Byron Chilton\My Documents\website\eqguilded\data\dot.rank --> www.erenetwork.com /public_html/eqguilded/data dot.rank
2003.02.17 16:10 A C:\Documents and Settings\Byron Chilton\My Documents\website\eqguilded\data\dot.rank --> www.erenetwork.com /public_html/eqguilded/data dot.rank
2003.02.17 16:11 A C:\Documents and Settings\Byron Chilton\My Documents\website\eqguilded\data\dot.rank --> www.erenetwork.com /public_html/eqguilded/data dot.rank
2003.02.17 16:13 A C:\Documents and Settings\Byron Chilton\My Documents\website\eqguilded\data\dot.rank --> www.erenetwork.com /public_html/eqguilded/data dot.rank
2003.02.17 16:16 A C:\Documents and Settings\Byron Chilton\My Documents\website\eqguilded\data\dot.rank --> www.erenetwork.com /public_html/eqguilded/data dot.rank
2003.02.17 16:19 A C:\Documents and Settings\Byron Chilton\My Documents\website\eqguilded\data\dot.rank --> www.erenetwork.com /public_html/eqguilded/data dot.rank
2003.02.17 22:08 A C:\Documents and Settings\Byron Chilton\My Documents\website\eqguilded\data\dot2.dat --> www.erenetwork.com /public_html/eqguilded/data dot2.dat
2003.02.17 22:08 A C:\Documents and Settings\Byron Chilton\My Documents\website\eqguilded\data\dot.dat <-- Erenetw /public_html/eqguilded/data dot.dat
2003.02.17 22:23 A C:\Documents and Settings\Byron Chilton\My Documents\website\eqguilded\data\dot.wate --> www.erenetwork.com /public_html/eqguilded/data dot.wate
2003.02.18 15:37 A C:\Documents and Settings\Byron Chilton\My Documents\website\eqguilded\data\dot.mem --> www.erenetwork.com /public_html/eqguilded/data dot.mem
2003.02.18 15:37 A C:\Documents and Settings\Byron Chilton\My Documents\website\eqguilded\data\dot.wate --> www.erenetwork.com /public_html/eqguilded/data dot.wate
2003.02.18 15:39 A C:\Documents and Settings\Byron Chilton\My Documents\website\eqguilded\data\dot.mem --> www.erenetwork.com /public_html/eqguilded/data dot.mem
2003.02.18 15:40 A C:\Documents and Settings\Byron Chilton\My Documents\website\eqguilded\data\dot.mem --> www.erenetwork.com /public_html/eqguilded/data dot.mem
2003.02.18 15:40 A C:\Documents and Settings\Byron Chilton\My Documents\website\eqguilded\data\dot.wate --> www.erenetwork.com /public_html/eqguilded/data dot.wate
2003.02.18 15:46 A C:\Documents and Settings\Byron Chilton\My Documents\website\eqguilded\data\dot.dat --> www.erenetwork.com /public_html/eqguilded/data dot.dat
2003.02.18 15:48 A C:\Documents and Settings\Byron Chilton\My Documents\website\eqguilded\data\dot.mem --> www.erenetwork.com /public_html/eqguilded/data dot.mem
2003.02.18 15:48 A C:\Documents and Settings\Byron Chilton\My Documents\website\eqguilded\data\dot.wate --> www.erenetwork.com /public_html/eqguilded/data dot.wate
2003.02.18 15:48 A C:\Documents and Settings\Byron Chilton\My Documents\website\eqguilded\data\dot.dat --> www.erenetwork.com /public_html/eqguilded/data dot.dat
2003.02.18 15:49 A C:\Documents and Settings\Byron Chilton\My Documents\website\eqguilded\data\dot.dat --> www.erenetwork.com /public_html/eqguilded/data dot.dat
2003.02.18 16:47 A C:\Documents and Settings\Byron Chilton\My Documents\website\eqguilded\data\dot3.dat <-- Erenetw /public_html/eqguilded/data dot3.dat
2003.02.18 16:48 A C:\Documents and Settings\Byron Chilton\My Documents\website\eqguilded\data\dot3.dat --> www.erenetwork.com /public_html/eqguilded/data dot3.dat
2003.02.22 10:28 A C:\Documents and Settings\Byron Chilton\My Documents\website\eqguilded\data\dot.dat <-- Erenetw /public_html/eqguilded/data dot.dat
2003.02.22 10:28 A C:\Documents and Settings\Byron Chilton\My Documents\website\eqguilded\data\dot.foot <-- Erenetw /public_html/eqguilded/data dot.foot
2003.02.22 10:28 A C:\Documents and Settings\Byron Chilton\My Documents\website\eqguilded\data\dot.head <-- Erenetw /public_html/eqguilded/data dot.head
2003.02.22 10:28 A C:\Documents and Settings\Byron Chilton\My Documents\website\eqguilded\data\dot.link <-- Erenetw /public_html/eqguilded/data dot.link
2003.02.22 10:28 A C:\Documents and Settings\Byron Chilton\My Documents\website\eqguilded\data\dot.mem <-- Erenetw /public_html/eqguilded/data dot.mem
2003.02.22 10:28 A C:\Documents and Settings\Byron Chilton\My Documents\website\eqguilded\data\dot.news <-- Erenetw /public_html/eqguilded/data dot.news
2003.02.22 10:28 A C:\Documents and Settings\Byron Chilton\My Documents\website\eqguilded\data\dot.off <-- Erenetw /public_html/eqguilded/data dot.off
2003.02.22 10:28 A C:\Documents and Settings\Byron Chilton\My Documents\website\eqguilded\data\dot.page <-- Erenetw /public_html/eqguilded/data dot.page
2003.02.22 10:28 A C:\Documents and Settings\Byron Chilton\My Documents\website\eqguilded\data\dot.rank <-- Erenetw /public_html/eqguilded/data dot.rank
2003.02.22 10:28 A C:\Documents and Settings\Byron Chilton\My Documents\website\eqguilded\data\dot.wate <-- Erenetw /public_html/eqguilded/data dot.wate
2003.02.22 10:32 A C:\Documents and Settings\Byron Chilton\My Documents\website\eqguilded\data\dot.dat --> www.erenetwork.com /public_html/eqguilded/data dot.dat
2003.02.22 10:42 A C:\Documents and Settings\Byron Chilton\My Documents\website\eqguilded\data\dot.dat --> www.erenetwork.com /public_html/eqguilded/data dot.dat
2003.02.22 10:42 A C:\Documents and Settings\Byron Chilton\My Documents\website\eqguilded\data\dot.foot --> www.erenetwork.com /public_html/eqguilded/data dot.foot
2003.02.22 10:42 A C:\Documents and Settings\Byron Chilton\My Documents\website\eqguilded\data\dot.head --> www.erenetwork.com /public_html/eqguilded/data dot.head
2003.02.22 10:42 A C:\Documents and Settings\Byron Chilton\My Documents\website\eqguilded\data\dot.link --> www.erenetwork.com /public_html/eqguilded/data dot.link
2003.02.22 10:42 A C:\Documents and Settings\Byron Chilton\My Documents\website\eqguilded\data\dot.mem --> www.erenetwork.com /public_html/eqguilded/data dot.mem
2003.02.22 10:42 A C:\Documents and Settings\Byron Chilton\My Documents\website\eqguilded\data\dot.news --> www.erenetwork.com /public_html/eqguilded/data dot.news
2003.02.22 10:42 A C:\Documents and Settings\Byron Chilton\My Documents\website\eqguilded\data\dot.off --> www.erenetwork.com /public_html/eqguilded/data dot.off
2003.02.22 10:42 A C:\Documents and Settings\Byron Chilton\My Documents\website\eqguilded\data\dot.page --> www.erenetwork.com /public_html/eqguilded/data dot.page
2003.02.22 10:42 A C:\Documents and Settings\Byron Chilton\My Documents\website\eqguilded\data\dot.photo --> www.erenetwork.com /public_html/eqguilded/data dot.photo
2003.02.22 10:42 A C:\Documents and Settings\Byron Chilton\My Documents\website\eqguilded\data\dot.rank --> www.erenetwork.com /public_html/eqguilded/data dot.rank
2003.02.22 10:42 A C:\Documents and Settings\Byron Chilton\My Documents\website\eqguilded\data\dot.valt --> www.erenetwork.com /public_html/eqguilded/data dot.valt
2003.02.22 10:42 A C:\Documents and Settings\Byron Chilton\My Documents\website\eqguilded\data\dot.wate --> www.erenetwork.com /public_html/eqguilded/data dot.wate
2003.02.22 10:42 A C:\Documents and Settings\Byron Chilton\My Documents\website\eqguilded\data\dot3.dat --> www.erenetwork.com /public_html/eqguilded/data dot3.dat
2003.02.22 10:42 A C:\Documents and Settings\Byron Chilton\My Documents\website\eqguilded\data\dot.wate --> www.erenetwork.com /public_html/eqguilded/data dot.wate
2003.02.22 10:47 A C:\Documents and Settings\Byron Chilton\My Documents\website\eqguilded\data\dot.dat <-- Erenetw /public_html/eqguilded/data dot.dat
2003.02.22 10:47 A C:\Documents and Settings\Byron Chilton\My Documents\website\eqguilded\data\dot.foot <-- Erenetw /public_html/eqguilded/data dot.foot
2003.02.22 10:47 A C:\Documents and Settings\Byron Chilton\My Documents\website\eqguilded\data\dot.head <-- Erenetw /public_html/eqguilded/data dot.head
2003.02.22 10:47 A C:\Documents and Settings\Byron Chilton\My Documents\website\eqguilded\data\dot.link <-- Erenetw /public_html/eqguilded/data dot.link
2003.02.22 10:47 A C:\Documents and Settings\Byron Chilton\My Documents\website\eqguilded\data\dot.mem <-- Erenetw /public_html/eqguilded/data dot.mem
2003.02.22 10:47 A C:\Documents and Settings\Byron Chilton\My Documents\website\eqguilded\data\dot.news <-- Erenetw /public_html/eqguilded/data dot.news
2003.02.22 10:47 A C:\Documents and Settings\Byron Chilton\My Documents\website\eqguilded\data\dot.off <-- Erenetw /public_html/eqguilded/data dot.off
2003.02.22 10:47 A C:\Documents and Settings\Byron Chilton\My Documents\website\eqguilded\data\dot.page <-- Erenetw /public_html/eqguilded/data dot.page
2003.02.22 10:47 A C:\Documents and Settings\Byron Chilton\My Documents\website\eqguilded\data\dot.photo <-- Erenetw /public_html/eqguilded/data dot.photo
2003.02.22 10:47 A C:\Documents and Settings\Byron Chilton\My Documents\website\eqguilded\data\dot.rank <-- Erenetw /public_html/eqguilded/data dot.rank
2003.02.22 10:47 A C:\Documents and Settings\Byron Chilton\My Documents\website\eqguilded\data\dot.valt <-- Erenetw /public_html/eqguilded/data dot.valt
2003.02.22 10:47 A C:\Documents and Settings\Byron Chilton\My Documents\website\eqguilded\data\dot.wate <-- Erenetw /public_html/eqguilded/data dot.wate
2003.02.22 10:48 A C:\Documents and Settings\Byron Chilton\My Documents\website\eqguilded\data\dot.dat --> www.erenetwork.com /public_html/eqguilded/data dot.dat
2003.02.22 10:48 A C:\Documents and Settings\Byron Chilton\My Documents\website\eqguilded\data\dot.foot --> www.erenetwork.com /public_html/eqguilded/data dot.foot
2003.02.22 10:48 A C:\Documents and Settings\Byron Chilton\My Documents\website\eqguilded\data\dot.head --> www.erenetwork.com /public_html/eqguilded/data dot.head
2003.02.22 10:48 A C:\Documents and Settings\Byron Chilton\My Documents\website\eqguilded\data\dot.link --> www.erenetwork.com /public_html/eqguilded/data dot.link
2003.02.22 10:48 A C:\Documents and Settings\Byron Chilton\My Documents\website\eqguilded\data\dot.mem --> www.erenetwork.com /public_html/eqguilded/data dot.mem
2003.02.22 10:48 A C:\Documents and Settings\Byron Chilton\My Documents\website\eqguilded\data\dot.news --> www.erenetwork.com /public_html/eqguilded/data dot.news
2003.02.22 10:48 A C:\Documents and Settings\Byron Chilton\My Documents\website\eqguilded\data\dot.off --> www.erenetwork.com /public_html/eqguilded/data dot.off
2003.02.22 10:48 A C:\Documents and Settings\Byron Chilton\My Documents\website\eqguilded\data\dot.page --> www.erenetwork.com /public_html/eqguilded/data dot.page
2003.02.22 10:48 A C:\Documents and Settings\Byron Chilton\My Documents\website\eqguilded\data\dot.photo --> www.erenetwork.com /public_html/eqguilded/data dot.photo
2003.02.22 10:48 A C:\Documents and Settings\Byron Chilton\My Documents\website\eqguilded\data\dot.rank --> www.erenetwork.com /public_html/eqguilded/data dot.rank
2003.02.22 10:48 A C:\Documents and Settings\Byron Chilton\My Documents\website\eqguilded\data\dot.valt --> www.erenetwork.com /public_html/eqguilded/data dot.valt
2003.02.22 10:48 A C:\Documents and Settings\Byron Chilton\My Documents\website\eqguilded\data\dot.wate --> www.erenetwork.com /public_html/eqguilded/data dot.wate
2003.02.22 10:50 A C:\Documents and Settings\Byron Chilton\My Documents\website\eqguilded\data\dot.dat --> www.erenetwork.com /public_html/eqguilded/data dot.dat
2003.02.22 10:50 A C:\Documents and Settings\Byron Chilton\My Documents\website\eqguilded\data\dot.foot --> www.erenetwork.com /public_html/eqguilded/data dot.foot
2003.02.22 10:50 A C:\Documents and Settings\Byron Chilton\My Documents\website\eqguilded\data\dot.head --> www.erenetwork.com /public_html/eqguilded/data dot.head
2003.02.22 10:50 A C:\Documents and Settings\Byron Chilton\My Documents\website\eqguilded\data\dot.link --> www.erenetwork.com /public_html/eqguilded/data dot.link
2003.02.22 10:50 A C:\Documents and Settings\Byron Chilton\My Documents\website\eqguilded\data\dot.mem --> www.erenetwork.com /public_html/eqguilded/data dot.mem
2003.02.22 10:50 A C:\Documents and Settings\Byron Chilton\My Documents\website\eqguilded\data\dot.news --> www.erenetwork.com /public_html/eqguilded/data dot.news
2003.02.22 10:50 A C:\Documents and Settings\Byron Chilton\My Documents\website\eqguilded\data\dot.off --> www.erenetwork.com /public_html/eqguilded/data dot.off
2003.02.22 10:50 A C:\Documents and Settings\Byron Chilton\My Documents\website\eqguilded\data\dot.page --> www.erenetwork.com /public_html/eqguilded/data dot.page
2003.02.22 10:50 A C:\Documents and Settings\Byron Chilton\My Documents\website\eqguilded\data\dot.photo --> www.erenetwork.com /public_html/eqguilded/data dot.photo
2003.02.22 10:50 A C:\Documents and Settings\Byron Chilton\My Documents\website\eqguilded\data\dot.rank --> www.erenetwork.com /public_html/eqguilded/data dot.rank
2003.02.22 10:50 A C:\Documents and Settings\Byron Chilton\My Documents\website\eqguilded\data\dot.valt --> www.erenetwork.com /public_html/eqguilded/data dot.valt
2003.02.22 10:50 A C:\Documents and Settings\Byron Chilton\My Documents\website\eqguilded\data\dot.wate --> www.erenetwork.com /public_html/eqguilded/data dot.wate
2003.02.22 10:51 A C:\Documents and Settings\Byron Chilton\My Documents\website\eqguilded\data\dot.dat --> www.erenetwork.com /public_html/eqguilded/data dot.dat
2003.02.22 10:51 A C:\Documents and Settings\Byron Chilton\My Documents\website\eqguilded\data\dot.foot --> www.erenetwork.com /public_html/eqguilded/data dot.foot
2003.02.22 10:51 A C:\Documents and Settings\Byron Chilton\My Documents\website\eqguilded\data\dot.head --> www.erenetwork.com /public_html/eqguilded/data dot.head
2003.02.22 10:51 A C:\Documents and Settings\Byron Chilton\My Documents\website\eqguilded\data\dot.link --> www.erenetwork.com /public_html/eqguilded/data dot.link
2003.02.22 10:51 A C:\Documents and Settings\Byron Chilton\My Documents\website\eqguilded\data\dot.mem --> www.erenetwork.com /public_html/eqguilded/data dot.mem
2003.02.22 10:51 A C:\Documents and Settings\Byron Chilton\My Documents\website\eqguilded\data\dot.news --> www.erenetwork.com /public_html/eqguilded/data dot.news
2003.02.22 10:51 A C:\Documents and Settings\Byron Chilton\My Documents\website\eqguilded\data\dot.off --> www.erenetwork.com /public_html/eqguilded/data dot.off
2003.02.22 10:51 A C:\Documents and Settings\Byron Chilton\My Documents\website\eqguilded\data\dot.page --> www.erenetwork.com /public_html/eqguilded/data dot.page
2003.02.22 10:51 A C:\Documents and Settings\Byron Chilton\My Documents\website\eqguilded\data\dot.photo --> www.erenetwork.com /public_html/eqguilded/data dot.photo
2003.02.22 10:51 A C:\Documents and Settings\Byron Chilton\My Documents\website\eqguilded\data\dot.rank --> www.erenetwork.com /public_html/eqguilded/data dot.rank
2003.02.22 10:51 A C:\Documents and Settings\Byron Chilton\My Documents\website\eqguilded\data\dot.valt --> www.erenetwork.com /public_html/eqguilded/data dot.valt
2003.02.22 10:51 A C:\Documents and Settings\Byron Chilton\My Documents\website\eqguilded\data\dot.wate --> www.erenetwork.com /public_html/eqguilded/data dot.wate
2003.02.22 10:53 A C:\Documents and Settings\Byron Chilton\My Documents\website\eqguilded\data\dot.dat --> www.erenetwork.com /public_html/eqguilded/data dot.dat
2003.02.22 10:53 A C:\Documents and Settings\Byron Chilton\My Documents\website\eqguilded\data\dot.foot --> www.erenetwork.com /public_html/eqguilded/data dot.foot
2003.02.22 10:53 A C:\Documents and Settings\Byron Chilton\My Documents\website\eqguilded\data\dot.head --> www.erenetwork.com /public_html/eqguilded/data dot.head
2003.02.22 10:53 A C:\Documents and Settings\Byron Chilton\My Documents\website\eqguilded\data\dot.link --> www.erenetwork.com /public_html/eqguilded/data dot.link
2003.02.22 10:53 A C:\Documents and Settings\Byron Chilton\My Documents\website\eqguilded\data\dot.mem --> www.erenetwork.com /public_html/eqguilded/data dot.mem
2003.02.22 10:53 A C:\Documents and Settings\Byron Chilton\My Documents\website\eqguilded\data\dot.news --> www.erenetwork.com /public_html/eqguilded/data dot.news
2003.02.22 10:53 A C:\Documents and Settings\Byron Chilton\My Documents\website\eqguilded\data\dot.off --> www.erenetwork.com /public_html/eqguilded/data dot.off
2003.02.22 10:53 A C:\Documents and Settings\Byron Chilton\My Documents\website\eqguilded\data\dot.page --> www.erenetwork.com /public_html/eqguilded/data dot.page
2003.02.22 10:53 A C:\Documents and Settings\Byron Chilton\My Documents\website\eqguilded\data\dot.photo --> www.erenetwork.com /public_html/eqguilded/data dot.photo
2003.02.22 10:53 A C:\Documents and Settings\Byron Chilton\My Documents\website\eqguilded\data\dot.rank --> www.erenetwork.com /public_html/eqguilded/data dot.rank
2003.02.22 10:53 A C:\Documents and Settings\Byron Chilton\My Documents\website\eqguilded\data\dot.valt --> www.erenetwork.com /public_html/eqguilded/data dot.valt
2003.02.22 10:53 A C:\Documents and Settings\Byron Chilton\My Documents\website\eqguilded\data\dot.wate --> www.erenetwork.com /public_html/eqguilded/data dot.wate
2003.02.22 10:57 A C:\Documents and Settings\Byron Chilton\My Documents\website\eqguilded\data\dot.dat --> www.erenetwork.com /public_html/eqguilded/data dot.dat
2003.02.22 10:57 A C:\Documents and Settings\Byron Chilton\My Documents\website\eqguilded\data\dot.foot --> www.erenetwork.com /public_html/eqguilded/data dot.foot
2003.02.22 10:57 A C:\Documents and Settings\Byron Chilton\My Documents\website\eqguilded\data\dot.head --> www.erenetwork.com /public_html/eqguilded/data dot.head
2003.02.22 10:57 A C:\Documents and Settings\Byron Chilton\My Documents\website\eqguilded\data\dot.link --> www.erenetwork.com /public_html/eqguilded/data dot.link
2003.02.22 10:57 A C:\Documents and Settings\Byron Chilton\My Documents\website\eqguilded\data\dot.mem --> www.erenetwork.com /public_html/eqguilded/data dot.mem
2003.02.22 10:57 A C:\Documents and Settings\Byron Chilton\My Documents\website\eqguilded\data\dot.news --> www.erenetwork.com /public_html/eqguilded/data dot.news
2003.02.22 10:57 A C:\Documents and Settings\Byron Chilton\My Documents\website\eqguilded\data\dot.off --> www.erenetwork.com /public_html/eqguilded/data dot.off
2003.02.22 10:57 A C:\Documents and Settings\Byron Chilton\My Documents\website\eqguilded\data\dot.page --> www.erenetwork.com /public_html/eqguilded/data dot.page
2003.02.22 10:57 A C:\Documents and Settings\Byron Chilton\My Documents\website\eqguilded\data\dot.photo --> www.erenetwork.com /public_html/eqguilded/data dot.photo
2003.02.22 10:57 A C:\Documents and Settings\Byron Chilton\My Documents\website\eqguilded\data\dot.rank --> www.erenetwork.com /public_html/eqguilded/data dot.rank
2003.02.22 10:57 A C:\Documents and Settings\Byron Chilton\My Documents\website\eqguilded\data\dot.valt --> www.erenetwork.com /public_html/eqguilded/data dot.valt
2003.02.22 10:57 A C:\Documents and Settings\Byron Chilton\My Documents\website\eqguilded\data\dot.wate --> www.erenetwork.com /public_html/eqguilded/data dot.wate
2003.02.22 10:59 A C:\Documents and Settings\Byron Chilton\My Documents\website\eqguilded\data\dot.dat --> www.erenetwork.com /public_html/eqguilded/data dot.dat
2003.02.22 10:59 A C:\Documents and Settings\Byron Chilton\My Documents\website\eqguilded\data\dot.foot --> www.erenetwork.com /public_html/eqguilded/data dot.foot
2003.02.22 10:59 A C:\Documents and Settings\Byron Chilton\My Documents\website\eqguilded\data\dot.head --> www.erenetwork.com /public_html/eqguilded/data dot.head
2003.02.22 10:59 A C:\Documents and Settings\Byron Chilton\My Documents\website\eqguilded\data\dot.link --> www.erenetwork.com /public_html/eqguilded/data dot.link
2003.02.22 10:59 A C:\Documents and Settings\Byron Chilton\My Documents\website\eqguilded\data\dot.mem --> www.erenetwork.com /public_html/eqguilded/data dot.mem
2003.02.22 10:59 A C:\Documents and Settings\Byron Chilton\My Documents\website\eqguilded\data\dot.news --> www.erenetwork.com /public_html/eqguilded/data dot.news
2003.02.22 10:59 A C:\Documents and Settings\Byron Chilton\My Documents\website\eqguilded\data\dot.off --> www.erenetwork.com /public_html/eqguilded/data dot.off
2003.02.22 10:59 A C:\Documents and Settings\Byron Chilton\My Documents\website\eqguilded\data\dot.page --> www.erenetwork.com /public_html/eqguilded/data dot.page
2003.02.22 10:59 A C:\Documents and Settings\Byron Chilton\My Documents\website\eqguilded\data\dot.photo --> www.erenetwork.com /public_html/eqguilded/data dot.photo
2003.02.22 10:59 A C:\Documents and Settings\Byron Chilton\My Documents\website\eqguilded\data\dot.rank --> www.erenetwork.com /public_html/eqguilded/data dot.rank
2003.02.22 10:59 A C:\Documents and Settings\Byron Chilton\My Documents\website\eqguilded\data\dot.valt --> www.erenetwork.com /public_html/eqguilded/data dot.valt
2003.02.22 10:59 A C:\Documents and Settings\Byron Chilton\My Documents\website\eqguilded\data\dot.wate --> www.erenetwork.com /public_html/eqguilded/data dot.wate
2003.02.22 11:00 A C:\Documents and Settings\Byron Chilton\My Documents\website\eqguilded\data\dot.dat --> www.erenetwork.com /public_html/eqguilded/data dot.dat
2003.02.22 11:00 A C:\Documents and Settings\Byron Chilton\My Documents\website\eqguilded\data\dot.foot --> www.erenetwork.com /public_html/eqguilded/data dot.foot
2003.02.22 11:00 A C:\Documents and Settings\Byron Chilton\My Documents\website\eqguilded\data\dot.head --> www.erenetwork.com /public_html/eqguilded/data dot.head
2003.02.22 11:00 A C:\Documents and Settings\Byron Chilton\My Documents\website\eqguilded\data\dot.link --> www.erenetwork.com /public_html/eqguilded/data dot.link
2003.02.22 11:00 A C:\Documents and Settings\Byron Chilton\My Documents\website\eqguilded\data\dot.mem --> www.erenetwork.com /public_html/eqguilded/data dot.mem
2003.02.22 11:00 A C:\Documents and Settings\Byron Chilton\My Documents\website\eqguilded\data\dot.news --> www.erenetwork.com /public_html/eqguilded/data dot.news
2003.02.22 11:00 A C:\Documents and Settings\Byron Chilton\My Documents\website\eqguilded\data\dot.off --> www.erenetwork.com /public_html/eqguilded/data dot.off
2003.02.22 11:00 A C:\Documents and Settings\Byron Chilton\My Documents\website\eqguilded\data\dot.page --> www.erenetwork.com /public_html/eqguilded/data dot.page
2003.02.22 11:00 A C:\Documents and Settings\Byron Chilton\My Documents\website\eqguilded\data\dot.photo --> www.erenetwork.com /public_html/eqguilded/data dot.photo
2003.02.22 11:00 A C:\Documents and Settings\Byron Chilton\My Documents\website\eqguilded\data\dot.rank --> www.erenetwork.com /public_html/eqguilded/data dot.rank
2003.02.22 11:00 A C:\Documents and Settings\Byron Chilton\My Documents\website\eqguilded\data\dot.valt --> www.erenetwork.com /public_html/eqguilded/data dot.valt
2003.02.22 11:00 A C:\Documents and Settings\Byron Chilton\My Documents\website\eqguilded\data\dot.wate --> www.erenetwork.com /public_html/eqguilded/data dot.wate
2003.02.22 11:01 A C:\Documents and Settings\Byron Chilton\My Documents\website\eqguilded\data\dot.dat --> www.erenetwork.com /public_html/eqguilded/data dot.dat
2003.02.22 11:10 A C:\Documents and Settings\Byron Chilton\My Documents\website\eqguilded\data\dot.page <-- Erenetw /public_html/eqguilded/data dot.page
2003.02.22 11:10 A C:\Documents and Settings\Byron Chilton\My Documents\website\eqguilded\data\dot.dat --> www.erenetwork.com /public_html/eqguilded/data dot.dat
2003.02.22 11:10 A C:\Documents and Settings\Byron Chilton\My Documents\website\eqguilded\data\dot.foot --> www.erenetwork.com /public_html/eqguilded/data dot.foot
2003.02.22 11:10 A C:\Documents and Settings\Byron Chilton\My Documents\website\eqguilded\data\dot.head --> www.erenetwork.com /public_html/eqguilded/data dot.head
2003.02.22 11:10 A C:\Documents and Settings\Byron Chilton\My Documents\website\eqguilded\data\dot.link --> www.erenetwork.com /public_html/eqguilded/data dot.link
2003.02.22 11:10 A C:\Documents and Settings\Byron Chilton\My Documents\website\eqguilded\data\dot.mem --> www.erenetwork.com /public_html/eqguilded/data dot.mem
2003.02.22 11:10 A C:\Documents and Settings\Byron Chilton\My Documents\website\eqguilded\data\dot.news --> www.erenetwork.com /public_html/eqguilded/data dot.news
2003.02.22 11:10 A C:\Documents and Settings\Byron Chilton\My Documents\website\eqguilded\data\dot.off --> www.erenetwork.com /public_html/eqguilded/data dot.off
2003.02.22 11:10 A C:\Documents and Settings\Byron Chilton\My Documents\website\eqguilded\data\dot.page --> www.erenetwork.com /public_html/eqguilded/data dot.page
2003.02.22 11:10 A C:\Documents and Settings\Byron Chilton\My Documents\website\eqguilded\data\dot.photo --> www.erenetwork.com /public_html/eqguilded/data dot.photo
2003.02.22 11:10 A C:\Documents and Settings\Byron Chilton\My Documents\website\eqguilded\data\dot.rank --> www.erenetwork.com /public_html/eqguilded/data dot.rank
2003.02.22 11:10 A C:\Documents and Settings\Byron Chilton\My Documents\website\eqguilded\data\dot.valt --> www.erenetwork.com /public_html/eqguilded/data dot.valt
2003.02.22 11:10 A C:\Documents and Settings\Byron Chilton\My Documents\website\eqguilded\data\dot.wate --> www.erenetwork.com /public_html/eqguilded/data dot.wate
2003.02.22 11:17 A C:\Documents and Settings\Byron Chilton\My Documents\website\eqguilded\data\dot.wate --> www.erenetwork.com /public_html/eqguilded/data dot.wate
2003.02.22 11:19 A C:\Documents and Settings\Byron Chilton\My Documents\website\eqguilded\data\dot.wate --> www.erenetwork.com /public_html/eqguilded/data dot.wate
2003.02.22 11:19 A C:\Documents and Settings\Byron Chilton\My Documents\website\eqguilded\data\dot.wate --> www.erenetwork.com /public_html/eqguilded/data dot.wate
2003.02.22 11:20 A C:\Documents and Settings\Byron Chilton\My Documents\website\eqguilded\data\dot.page --> www.erenetwork.com /public_html/eqguilded/data dot.page
2003.02.22 11:23 A C:\Documents and Settings\Byron Chilton\My Documents\website\eqguilded\data\dot.dat --> www.erenetwork.com /public_html/eqguilded/data dot.dat
2003.02.22 11:23 A C:\Documents and Settings\Byron Chilton\My Documents\website\eqguilded\data\dot.foot --> www.erenetwork.com /public_html/eqguilded/data dot.foot
2003.02.22 11:23 A C:\Documents and Settings\Byron Chilton\My Documents\website\eqguilded\data\dot.head --> www.erenetwork.com /public_html/eqguilded/data dot.head
2003.02.22 11:23 A C:\Documents and Settings\Byron Chilton\My Documents\website\eqguilded\data\dot.link --> www.erenetwork.com /public_html/eqguilded/data dot.link
2003.02.22 11:23 A C:\Documents and Settings\Byron Chilton\My Documents\website\eqguilded\data\dot.mem --> www.erenetwork.com /public_html/eqguilded/data dot.mem
2003.02.22 11:23 A C:\Documents and Settings\Byron Chilton\My Documents\website\eqguilded\data\dot.news --> www.erenetwork.com /public_html/eqguilded/data dot.news
2003.02.22 11:23 A C:\Documents and Settings\Byron Chilton\My Documents\website\eqguilded\data\dot.off --> www.erenetwork.com /public_html/eqguilded/data dot.off
2003.02.22 11:23 A C:\Documents and Settings\Byron Chilton\My Documents\website\eqguilded\data\dot.page --> www.erenetwork.com /public_html/eqguilded/data dot.page
2003.02.22 11:23 A C:\Documents and Settings\Byron Chilton\My Documents\website\eqguilded\data\dot.photo --> www.erenetwork.com /public_html/eqguilded/data dot.photo
2003.02.22 11:23 A C:\Documents and Settings\Byron Chilton\My Documents\website\eqguilded\data\dot.rank --> www.erenetwork.com /public_html/eqguilded/data dot.rank
2003.02.22 11:23 A C:\Documents and Settings\Byron Chilton\My Documents\website\eqguilded\data\dot.valt --> www.erenetwork.com /public_html/eqguilded/data dot.valt
2003.02.22 11:23 A C:\Documents and Settings\Byron Chilton\My Documents\website\eqguilded\data\dot.wate --> www.erenetwork.com /public_html/eqguilded/data dot.wate
2003.02.22 11:24 A C:\Documents and Settings\Byron Chilton\My Documents\website\eqguilded\data\dot.page --> www.erenetwork.com /public_html/eqguilded/data dot.page
2003.02.22 11:27 A C:\Documents and Settings\Byron Chilton\My Documents\website\eqguilded\data\dot.dat --> www.erenetwork.com /public_html/eqguilded/data dot.dat
2003.02.22 11:27 A C:\Documents and Settings\Byron Chilton\My Documents\website\eqguilded\data\dot.foot --> www.erenetwork.com /public_html/eqguilded/data dot.foot
2003.02.22 11:27 A C:\Documents and Settings\Byron Chilton\My Documents\website\eqguilded\data\dot.head --> www.erenetwork.com /public_html/eqguilded/data dot.head
2003.02.22 11:27 A C:\Documents and Settings\Byron Chilton\My Documents\website\eqguilded\data\dot.link --> www.erenetwork.com /public_html/eqguilded/data dot.link
2003.02.22 11:27 A C:\Documents and Settings\Byron Chilton\My Documents\website\eqguilded\data\dot.mem --> www.erenetwork.com /public_html/eqguilded/data dot.mem
2003.02.22 11:27 A C:\Documents and Settings\Byron Chilton\My Documents\website\eqguilded\data\dot.news --> www.erenetwork.com /public_html/eqguilded/data dot.news
2003.02.22 11:27 A C:\Documents and Settings\Byron Chilton\My Documents\website\eqguilded\data\dot.off --> www.erenetwork.com /public_html/eqguilded/data dot.off
2003.02.22 11:27 A C:\Documents and Settings\Byron Chilton\My Documents\website\eqguilded\data\dot.page --> www.erenetwork.com /public_html/eqguilded/data dot.page
2003.02.22 11:27 A C:\Documents and Settings\Byron Chilton\My Documents\website\eqguilded\data\dot.photo --> www.erenetwork.com /public_html/eqguilded/data dot.photo
2003.02.22 11:27 A C:\Documents and Settings\Byron Chilton\My Documents\website\eqguilded\data\dot.rank --> www.erenetwork.com /public_html/eqguilded/data dot.rank
2003.02.22 11:27 A C:\Documents and Settings\Byron Chilton\My Documents\website\eqguilded\data\dot.valt --> www.erenetwork.com /public_html/eqguilded/data dot.valt
2003.02.22 11:27 A C:\Documents and Settings\Byron Chilton\My Documents\website\eqguilded\data\dot.wate --> www.erenetwork.com /public_html/eqguilded/data dot.wate
2003.02.22 11:28 A C:\Documents and Settings\Byron Chilton\My Documents\website\eqguilded\data\dot.page --> www.erenetwork.com /public_html/eqguilded/data dot.page
2003.02.22 11:29 A C:\Documents and Settings\Byron Chilton\My Documents\website\eqguilded\data\dot.page --> www.erenetwork.com /public_html/eqguilded dot.page
2003.02.22 11:29 A C:\Documents and Settings\Byron Chilton\My Documents\website\eqguilded\data\dot.page --> www.erenetwork.com /public_html/eqguilded/data dot.page
2003.02.22 11:30 A C:\Documents and Settings\Byron Chilton\My Documents\website\eqguilded\data\dot.page --> www.erenetwork.com /public_html/eqguilded/data dot.page
2003.02.22 11:31 A C:\Documents and Settings\Byron Chilton\My Documents\website\eqguilded\data\dot.page --> www.erenetwork.com /public_html/eqguilded/data dot.page
2003.02.22 11:34 A C:\Documents and Settings\Byron Chilton\My Documents\website\eqguilded\data\dot.page --> www.erenetwork.com /public_html/eqguilded/data dot.page
2003.03.11 20:02 A C:\Documents and Settings\Byron Chilton\My Documents\website\eqguilded\data\dot.head --> www.erenetwork.com /public_html/eqguilded/data dot.head
2003.03.11 20:08 A C:\Documents and Settings\Byron Chilton\My Documents\website\eqguilded\data\dot.head --> www.erenetwork.com /public_html/eqguilded/data dot.head
2003.03.11 20:09 A C:\Documents and Settings\Byron Chilton\My Documents\website\eqguilded\data\dot.foot --> www.erenetwork.com /public_html/eqguilded/data dot.foot
2003.03.11 20:09 A C:\Documents and Settings\Byron Chilton\My Documents\website\eqguilded\data\dot.head --> www.erenetwork.com /public_html/eqguilded/data dot.head
2003.03.11 20:10 A C:\Documents and Settings\Byron Chilton\My Documents\website\eqguilded\data\dot.head --> www.erenetwork.com /public_html/eqguilded/data dot.head
2003.03.11 20:11 A C:\Documents and Settings\Byron Chilton\My Documents\website\eqguilded\data\dot.head --> www.erenetwork.com /public_html/eqguilded/data dot.head
2003.03.11 20:11 A C:\Documents and Settings\Byron Chilton\My Documents\website\eqguilded\data\dot.head --> www.erenetwork.com /public_html/eqguilded/data dot.head
2003.03.11 20:12 A C:\Documents and Settings\Byron Chilton\My Documents\website\eqguilded\data\dot.head --> www.erenetwork.com /public_html/eqguilded/data dot.head
2003.03.11 20:26 A C:\Documents and Settings\Byron Chilton\My Documents\website\eqguilded\data\dot.dat --> www.erenetwork.com /public_html/eqguilded/data dot.dat
2003.03.11 21:13 A C:\Documents and Settings\Byron Chilton\My Documents\website\eqguilded\data\dot.head --> www.erenetwork.com /public_html/eqguilded/data dot.head
2003.03.11 21:17 A C:\Documents and Settings\Byron Chilton\My Documents\website\eqguilded\data\dot.head --> www.erenetwork.com /public_html/eqguilded/data dot.head
2003.03.11 21:18 A C:\Documents and Settings\Byron Chilton\My Documents\website\eqguilded\data\dot.head --> www.erenetwork.com /public_html/eqguilded/data dot.head
2003.03.11 21:22 A C:\Documents and Settings\Byron Chilton\My Documents\website\eqguilded\data\dot.head --> www.erenetwork.com /public_html/eqguilded/data dot.head
2003.03.22 13:11 A C:\Documents and Settings\Byron Chilton\My Documents\website\eqguilded\data\dot.dat <-- Erenetw /public_html/eqguilded/data dot.dat
2003.03.22 13:12 A C:\Documents and Settings\Byron Chilton\My Documents\website\eqguilded\data\dot.dat --> www.erenetwork.com /public_html/eqguilded/data dot.dat
2003.03.26 17:40 A C:\Documents and Settings\Byron Chilton\My Documents\website\eqguilded\data\dot.dat <-- eqguilded /public_html/data dot.dat
2003.03.26 17:40 A C:\Documents and Settings\Byron Chilton\My Documents\website\eqguilded\data\dot.dat --> 66.129.123.149 /public_html/data dot.dat
2003.03.26 17:54 A C:\Documents and Settings\Byron Chilton\My Documents\website\eqguilded\data\dot.dat --> 66.129.123.149 /public_html/data dot.dat
2003.03.26 17:54 A C:\Documents and Settings\Byron Chilton\My Documents\website\eqguilded\data\dot.dat --> 66.129.123.149 /public_html/data dot.dat
2003.03.26 17:54 A C:\Documents and Settings\Byron Chilton\My Documents\website\eqguilded\data\dot.dat --> 66.129.123.149 /public_html/data dot.dat
2003.03.26 17:55 A C:\Documents and Settings\Byron Chilton\My Documents\website\eqguilded\data\dot.dat --> 66.129.123.149 /public_html/data dot.dat
2003.03.26 17:56 A C:\Documents and Settings\Byron Chilton\My Documents\website\eqguilded\data\dot.dat --> 66.129.123.149 /public_html/data dot.dat
2003.03.26 17:57 A C:\Documents and Settings\Byron Chilton\My Documents\website\eqguilded\data\dot.dat --> 66.129.123.149 /public_html/data dot.dat
2003.03.26 17:58 A C:\Documents and Settings\Byron Chilton\My Documents\website\eqguilded\data\dot.dat --> 66.129.123.149 /public_html/data dot.dat
2003.03.26 17:59 A C:\Documents and Settings\Byron Chilton\My Documents\website\eqguilded\data\dot.dat --> 66.129.123.149 /public_html/data dot.dat
2003.03.26 18:03 A C:\Documents and Settings\Byron Chilton\My Documents\website\eqguilded\data\dot.dat --> 66.129.123.149 /public_html/data dot.dat
2003.03.26 18:04 A C:\Documents and Settings\Byron Chilton\My Documents\website\eqguilded\data\dot.dat --> 66.129.123.149 /public_html/data dot.dat
2003.03.26 18:08 A C:\Documents and Settings\Byron Chilton\My Documents\website\eqguilded\data\dot.dat --> 66.129.123.149 /public_html/data dot.dat
2003.03.26 18:09 A C:\Documents and Settings\Byron Chilton\My Documents\website\eqguilded\data\dot.dat --> 66.129.123.149 /public_html/data dot.dat
2003.03.26 18:10 A C:\Documents and Settings\Byron Chilton\My Documents\website\eqguilded\data\dot.dat --> 66.129.123.149 /public_html/data dot.dat
2003.03.26 18:11 A C:\Documents and Settings\Byron Chilton\My Documents\website\eqguilded\data\dot.dat --> 66.129.123.149 /public_html/data dot.dat
2003.03.26 18:12 A C:\Documents and Settings\Byron Chilton\My Documents\website\eqguilded\data\dot.dat --> 66.129.123.149 /public_html/data dot.dat
2003.03.26 19:15 A C:\Documents and Settings\Byron Chilton\My Documents\website\eqguilded\data\dot.dat --> 66.129.123.149 /public_html/data dot.dat
2003.03.26 19:15 A C:\Documents and Settings\Byron Chilton\My Documents\website\eqguilded\data\dot.dat --> 66.129.123.149 /public_html/data dot.dat
2003.03.26 19:20 A C:\Documents and Settings\Byron Chilton\My Documents\website\eqguilded\data\dot.dat --> 66.129.123.149 /public_html/data dot.dat
2003.03.26 19:34 A C:\Documents and Settings\Byron Chilton\My Documents\website\eqguilded\data\dot.dat --> 66.129.123.149 /public_html/data dot.dat
2003.03.26 19:35 A C:\Documents and Settings\Byron Chilton\My Documents\website\eqguilded\data\dot.dat --> 66.129.123.149 /public_html/data dot.dat
2003.03.26 19:35 A C:\Documents and Settings\Byron Chilton\My Documents\website\eqguilded\data\dot.dat --> 66.129.123.149 /public_html/data dot.dat
2003.03.26 19:35 A C:\Documents and Settings\Byron Chilton\My Documents\website\eqguilded\data\dot.dat --> 66.129.123.149 /public_html/data dot.dat
2003.03.26 19:40 A C:\Documents and Settings\Byron Chilton\My Documents\website\eqguilded\data\dot.dat --> 66.129.123.149 /public_html/data dot.dat
2003.03.26 19:44 A C:\Documents and Settings\Byron Chilton\My Documents\website\eqguilded\data\dot.dat --> 66.129.123.149 /public_html/data dot.dat
2003.03.26 19:46 A C:\Documents and Settings\Byron Chilton\My Documents\website\eqguilded\data\dot.dat --> 66.129.123.149 /public_html/data dot.dat
2003.03.26 21:03 A C:\Documents and Settings\Byron Chilton\My Documents\website\eqguilded\data\dot2.mem --> 66.129.123.149 /public_html/data dot2.mem
2003.03.26 21:03 A C:\Documents and Settings\Byron Chilton\My Documents\website\eqguilded\data\dot3.mem --> 66.129.123.149 /public_html/data dot3.mem
2003.03.26 21:03 A C:\Documents and Settings\Byron Chilton\My Documents\website\eqguilded\data\dot4.mem --> 66.129.123.149 /public_html/data dot4.mem
2003.03.26 21:04 A C:\Documents and Settings\Byron Chilton\My Documents\website\eqguilded\data\dot5.mem --> 66.129.123.149 /public_html/data dot5.mem
2003.03.26 21:49 A C:\Documents and Settings\Byron Chilton\My Documents\website\eqguilded\data\crontestguild.mem --> 66.129.123.149 /public_html/data crontestguild.mem
2003.03.26 21:50 A C:\Documents and Settings\Byron Chilton\My Documents\website\eqguilded\data\crontestguild.mem --> 66.129.123.149 /public_html/data crontestguild.mem
2003.03.26 21:50 A C:\Documents and Settings\Byron Chilton\My Documents\website\eqguilded\data\dot.mem <-- eqguilded /public_html/data dot.mem
2003.03.27 17:13 A C:\Documents and Settings\Byron Chilton\My Documents\website\eqguilded\data\dot.link <-- eqguilded /public_html/data dot.link
2003.03.27 17:29 A C:\Documents and Settings\Byron Chilton\My Documents\website\eqguilded\data\dot.link --> 66.129.123.149 /public_html/data dot.link
2003.03.27 17:32 A C:\Documents and Settings\Byron Chilton\My Documents\website\eqguilded\data\dot.link --> 66.129.123.149 /public_html/data dot.link
2003.03.29 08:24 A C:\Documents and Settings\Byron Chilton\My Documents\website\eqguilded\data\dot.wate <-- eqguilded /public_html/data dot.wate
2003.03.29 08:24 A C:\Documents and Settings\Byron Chilton\My Documents\website\eqguilded\data\dot.wate --> 66.129.123.149 /public_html/data dot.wate
2003.03.29 08:39 A C:\Documents and Settings\Byron Chilton\My Documents\website\eqguilded\data\dot.wate --> 66.129.123.149 /public_html/data dot.wate
2003.03.29 08:42 A C:\Documents and Settings\Byron Chilton\My Documents\website\eqguilded\data\dot.mem --> 66.129.123.149 /public_html/data dot.mem
2003.03.29 08:42 A C:\Documents and Settings\Byron Chilton\My Documents\website\eqguilded\data\dot.wate --> 66.129.123.149 /public_html/data dot.wate
2003.03.29 08:44 A C:\Documents and Settings\Byron Chilton\My Documents\website\eqguilded\data\dot.wate --> 66.129.123.149 /public_html/data dot.wate
2003.06.16 18:03 A C:\Documents and Settings\Byron Chilton\My Documents\website\eqguilded\data\dot.raids --> www.eqguilded.com /public_html/data dot.raids
2003.06.16 18:03 A C:\Documents and Settings\Byron Chilton\My Documents\website\eqguilded\data\dot.dat <-- eqgild /public_html/data dot.dat
2003.06.16 18:03 A C:\Documents and Settings\Byron Chilton\My Documents\website\eqguilded\data\dot.foot <-- eqgild /public_html/data dot.foot
2003.06.16 18:03 A C:\Documents and Settings\Byron Chilton\My Documents\website\eqguilded\data\dot.link <-- eqgild /public_html/data dot.link
2003.06.16 18:03 A C:\Documents and Settings\Byron Chilton\My Documents\website\eqguilded\data\dot.mem <-- eqgild /public_html/data dot.mem
2003.06.16 18:03 A C:\Documents and Settings\Byron Chilton\My Documents\website\eqguilded\data\dot.news <-- eqgild /public_html/data dot.news
2003.06.16 18:03 A C:\Documents and Settings\Byron Chilton\My Documents\website\eqguilded\data\dot.off <-- eqgild /public_html/data dot.off
2003.06.16 18:03 A C:\Documents and Settings\Byron Chilton\My Documents\website\eqguilded\data\dot.page <-- eqgild /public_html/data dot.page
2003.06.16 18:03 A C:\Documents and Settings\Byron Chilton\My Documents\website\eqguilded\data\dot.photo <-- eqgild /public_html/data dot.photo
2003.06.16 18:03 A C:\Documents and Settings\Byron Chilton\My Documents\website\eqguilded\data\dot.raids <-- eqgild /public_html/data dot.raids
2003.06.16 18:03 A C:\Documents and Settings\Byron Chilton\My Documents\website\eqguilded\data\dot.rank <-- eqgild /public_html/data dot.rank
2003.06.16 18:03 A C:\Documents and Settings\Byron Chilton\My Documents\website\eqguilded\data\dotphoto.firework.lst <-- eqgild /public_html/data dotphoto.firework.lst
2003.06.16 18:03 A C:\Documents and Settings\Byron Chilton\My Documents\website\eqguilded\data\dotphoto.mmore.lst <-- eqgild /public_html/data dotphoto.mmore.lst
2003.06.16 18:03 A C:\Documents and Settings\Byron Chilton\My Documents\website\eqguilded\data\dotphoto.reject.lst <-- eqgild /public_html/data dotphoto.reject.lst
2003.06.16 18:03 A C:\Documents and Settings\Byron Chilton\My Documents\website\eqguilded\data\dotphoto.unrestraid.lst <-- eqgild /public_html/data dotphoto.unrestraid.lst
2003.06.16 18:04 A C:\Documents and Settings\Byron Chilton\My Documents\website\eqguilded\data\dot.raidhead --> www.eqguilded.com /public_html/data dot.raidhead
2003.06.16 18:04 A C:\Documents and Settings\Byron Chilton\My Documents\website\eqguilded\data\dot.raids <-- eqgild /public_html/data dot.raids
2003.06.16 18:04 A C:\Documents and Settings\Byron Chilton\My Documents\website\eqguilded\data\dot.raidhead --> www.eqguilded.com /public_html/data dot.raidhead
2003.06.16 18:39 A C:\Documents and Settings\Byron Chilton\My Documents\website\eqguilded\data\dot.raids --> www.eqguilded.com /public_html/data dot.raids
2003.06.19 17:09 A C:\Documents and Settings\Byron Chilton\My Documents\website\eqguilded\data\dot.valt --> www.eqguilded.com /public_html/data dot.valt
2003.06.19 18:09 A C:\Documents and Settings\Byron Chilton\My Documents\website\eqguilded\data\dot.valt --> www.eqguilded.com /public_html/data dot.valt
2003.06.19 18:28 A C:\Documents and Settings\Byron Chilton\My Documents\website\eqguilded\data\dot.valt --> www.eqguilded.com /public_html/data dot.valt
2003.06.19 18:30 A C:\Documents and Settings\Byron Chilton\My Documents\website\eqguilded\data\dot.valt --> www.eqguilded.com /public_html/data dot.valt
2003.06.19 18:57 A C:\Documents and Settings\Byron Chilton\My Documents\website\eqguilded\data\dot.valt --> www.eqguilded.com /public_html/data dot.valt
2003.06.19 19:04 A C:\Documents and Settings\Byron Chilton\My Documents\website\eqguilded\data\dot.valt <-- eqgild /public_html/data dot.valt
2003.06.19 19:04 A C:\Documents and Settings\Byron Chilton\My Documents\website\eqguilded\data\dot.valt --> www.eqguilded.com /public_html/data dot.valt
2003.06.19 19:07 A C:\Documents and Settings\Byron Chilton\My Documents\website\eqguilded\data\dot.valt --> www.eqguilded.com /public_html/data dot.valt
2003.06.19 19:07 A C:\Documents and Settings\Byron Chilton\My Documents\website\eqguilded\data\dot.valt --> www.eqguilded.com /public_html/data dot.valt
2003.06.19 19:08 A C:\Documents and Settings\Byron Chilton\My Documents\website\eqguilded\data\dot.valt --> www.eqguilded.com /public_html/data dot.valt
2003.06.20 19:05 A C:\Documents and Settings\Byron Chilton\My Documents\website\eqguilded\data\dot.dat <-- eqgild /public_html/data dot.dat
2003.06.20 19:05 A C:\Documents and Settings\Byron Chilton\My Documents\website\eqguilded\data\dot.dat --> www.eqguilded.com /public_html/data dot.dat
2003.06.20 19:11 A C:\Documents and Settings\Byron Chilton\My Documents\website\eqguilded\data\dot.dat --> www.eqguilded.com /public_html/data dot.dat
2003.06.20 19:31 A C:\Documents and Settings\Byron Chilton\My Documents\website\eqguilded\data\dot.dat --> www.eqguilded.com /public_html/data dot.dat
2003.06.23 19:50 A C:\Documents and Settings\Byron Chilton\My Documents\website\eqguilded\data\dot.chat --> www.eqguilded.com /public_html/data dot.chat
2003.06.23 20:43 A C:\Documents and Settings\Byron Chilton\My Documents\website\eqguilded\data\dot.chat <-- eqgild /public_html/data dot.chat
2003.06.23 20:43 A C:\Documents and Settings\Byron Chilton\My Documents\website\eqguilded\data\dot.chat --> www.eqguilded.com /public_html/data dot.chat
2003.06.27 23:46 B C:\Documents and Settings\Byron Chilton\My Documents\website\eqguilded\data\dot.dat <-- eqgild /public_html/data dot.dat
2003.06.27 23:46 B C:\Documents and Settings\Byron Chilton\My Documents\website\eqguilded\data\dot.dat --> www.eqguilded.com /public_html/data dot.dat
2003.06.28 00:30 B C:\Documents and Settings\Byron Chilton\My Documents\website\eqguilded\data\dot.photo <-- eqguild /public_html/data dot.photo
2003.06.28 00:30 B C:\Documents and Settings\Byron Chilton\My Documents\website\eqguilded\data\dotphoto.nkdman.lst <-- eqguild /public_html/data dotphoto.nkdman.lst
2003.06.28 00:31 B C:\Documents and Settings\Byron Chilton\My Documents\website\eqguilded\data\dotphoto.nkdman.lst --> www.eqguilded.com /public_html/data dotphoto.nkdman.lst
2003.06.28 00:31 B C:\Documents and Settings\Byron Chilton\My Documents\website\eqguilded\data\dot.photo --> www.eqguilded.com /public_html/data dot.photo
2003.07.05 16:25 B C:\Documents and Settings\Byron Chilton\My Documents\website\eqguilded\data\fol.mem <-- eqguild /public_html/data fol.mem
2003.07.05 16:26 A C:\Documents and Settings\Byron Chilton\My Documents\website\eqguilded\data\fol.mem --> www.eqguilded.com /public_html/data fol.mem
2003.07.05 16:27 A C:\Documents and Settings\Byron Chilton\My Documents\website\eqguilded\data\fol.mem --> www.eqguilded.com /public_html/data fol.mem
2003.07.05 16:33 A C:\Documents and Settings\Byron Chilton\My Documents\website\eqguilded\data\fol.mem --> www.eqguilded.com /public_html/data fol.mem
