2002.02.24 00:24 B D:\website\mailsys\images\1.gif --> www.erenetwork.com /public_html/mailsys/images 1.gif
2002.02.24 00:24 B D:\website\mailsys\images\10.gif --> www.erenetwork.com /public_html/mailsys/images 10.gif
2002.02.24 00:24 B D:\website\mailsys\images\2.gif --> www.erenetwork.com /public_html/mailsys/images 2.gif
2002.02.24 00:24 B D:\website\mailsys\images\3.gif --> www.erenetwork.com /public_html/mailsys/images 3.gif
2002.02.24 00:24 B D:\website\mailsys\images\4.gif --> www.erenetwork.com /public_html/mailsys/images 4.gif
2002.02.24 00:24 B D:\website\mailsys\images\5.gif --> www.erenetwork.com /public_html/mailsys/images 5.gif
2002.02.24 00:24 B D:\website\mailsys\images\6.gif --> www.erenetwork.com /public_html/mailsys/images 6.gif
2002.02.24 00:24 B D:\website\mailsys\images\7.gif --> www.erenetwork.com /public_html/mailsys/images 7.gif
2002.02.24 00:24 B D:\website\mailsys\images\8.gif --> www.erenetwork.com /public_html/mailsys/images 8.gif
2002.02.24 00:24 B D:\website\mailsys\images\9.gif --> www.erenetwork.com /public_html/mailsys/images 9.gif
2002.02.24 00:24 B D:\website\mailsys\images\card.cgi --> www.erenetwork.com /public_html/mailsys/images card.cgi
2002.02.24 00:24 B D:\website\mailsys\images\index.html --> www.erenetwork.com /public_html/mailsys/images index.html
2002.02.24 00:24 A D:\website\mailsys\images\card.cgi --> www.erenetwork.com /public_html/mailsys/images card.cgi
2002.02.24 00:26 A D:\website\mailsys\images\card.cgi --> www.erenetwork.com /public_html/mailsys/images card.cgi
2002.02.24 00:28 A D:\website\mailsys\images\card.cgi --> www.erenetwork.com /public_html/mailsys/images card.cgi
2002.02.24 00:28 A D:\website\mailsys\images\card.cgi --> www.erenetwork.com /public_html/mailsys/images card.cgi
2002.02.24 00:28 A D:\website\mailsys\images\card.cgi --> www.erenetwork.com /public_html/mailsys/images card.cgi
2002.02.24 00:35 B D:\website\mailsys\images\1.gif --> www.erenetwork.com / 1.gif
2002.02.24 00:38 A D:\website\mailsys\images\card.cgi --> www.erenetwork.com /public_html/mailsys/images card.cgi
2002.02.24 00:38 A D:\website\mailsys\images\card.cgi --> www.erenetwork.com /public_html/mailsys/images card.cgi
2002.02.24 00:39 A D:\website\mailsys\images\card.cgi --> www.erenetwork.com /public_html/mailsys/images card.cgi
2002.02.24 00:39 A D:\website\mailsys\images\card.cgi --> www.erenetwork.com /public_html/mailsys/images card.cgi
2002.02.24 00:41 A D:\website\mailsys\images\card.cgi --> www.erenetwork.com /public_html/mailsys/images card.cgi
2002.02.24 00:41 A D:\website\mailsys\images\card.cgi --> www.erenetwork.com /public_html/mailsys/images card.cgi
2002.02.24 00:42 A D:\website\mailsys\images\card.cgi --> www.erenetwork.com /public_html/mailsys/images card.cgi
2002.02.24 00:42 A D:\website\mailsys\images\card.cgi --> www.erenetwork.com /public_html/mailsys/images card.cgi
2002.02.24 00:43 A D:\website\mailsys\images\card.cgi --> www.erenetwork.com /public_html/mailsys/images card.cgi
2002.02.24 00:43 A D:\website\mailsys\images\card.cgi --> www.erenetwork.com /public_html/mailsys/images card.cgi
2002.02.24 00:43 A D:\website\mailsys\images\card.cgi --> www.erenetwork.com /public_html/mailsys/images card.cgi
2002.02.24 00:43 A D:\website\mailsys\images\card.cgi --> www.erenetwork.com /public_html/mailsys/images card.cgi
2002.02.24 00:44 A D:\website\mailsys\images\card.cgi --> www.erenetwork.com /public_html/mailsys/images card.cgi
2002.02.24 00:44 A D:\website\mailsys\images\card.cgi --> www.erenetwork.com /public_html/mailsys/images card.cgi
2002.02.24 00:45 A D:\website\mailsys\images\card.cgi --> www.erenetwork.com /public_html/mailsys/images card.cgi
2002.02.24 00:45 A D:\website\mailsys\images\card.cgi --> www.erenetwork.com /public_html/mailsys/images card.cgi
2002.02.24 00:45 A D:\website\mailsys\images\card.cgi --> www.erenetwork.com /public_html/mailsys/images card.cgi
2002.02.24 00:46 A D:\website\mailsys\images\card.cgi --> www.erenetwork.com /public_html/mailsys/images card.cgi
2002.02.24 00:46 A D:\website\mailsys\images\card.cgi --> www.erenetwork.com /public_html/mailsys/images card.cgi
2002.02.24 00:47 A D:\website\mailsys\images\card.cgi --> www.erenetwork.com /public_html/mailsys/images card.cgi
2002.02.24 00:49 A D:\website\mailsys\images\card.cgi --> www.erenetwork.com /public_html/mailsys/images card.cgi
2002.02.24 00:50 A D:\website\mailsys\images\card.cgi --> www.erenetwork.com /public_html/mailsys/images card.cgi
2002.02.24 00:50 A D:\website\mailsys\images\card.cgi --> www.erenetwork.com /public_html/mailsys/images card.cgi
2002.02.24 00:51 A D:\website\mailsys\images\card.cgi --> www.erenetwork.com /public_html/mailsys/images card.cgi
2002.02.24 00:51 A D:\website\mailsys\images\card.cgi --> www.erenetwork.com /public_html/mailsys/images card.cgi
2002.02.24 00:51 A D:\website\mailsys\images\card.cgi --> www.erenetwork.com /public_html/mailsys/images card.cgi
2002.02.24 00:51 A D:\website\mailsys\images\card.cgi --> www.erenetwork.com /public_html/mailsys/images card.cgi
2002.02.24 00:52 A D:\website\mailsys\images\card.cgi --> www.erenetwork.com /public_html/mailsys/images card.cgi
2002.02.24 00:52 A D:\website\mailsys\images\card.cgi --> www.erenetwork.com /public_html/mailsys/images card.cgi
2002.02.24 00:52 A D:\website\mailsys\images\card.cgi --> www.erenetwork.com /public_html/mailsys/images card.cgi
2002.02.24 00:53 A D:\website\mailsys\images\card.cgi --> www.erenetwork.com /public_html/mailsys/images card.cgi
2002.02.24 00:54 A D:\website\mailsys\images\card.cgi --> www.erenetwork.com /public_html/mailsys/images card.cgi
2002.02.24 00:54 A D:\website\mailsys\images\card.cgi --> www.erenetwork.com /public_html/mailsys/images card.cgi
2002.02.24 00:54 A D:\website\mailsys\images\card.cgi --> www.erenetwork.com /public_html/mailsys/images card.cgi
2002.02.24 00:55 A D:\website\mailsys\images\card.cgi --> www.erenetwork.com /public_html/mailsys/images card.cgi
2002.02.24 00:55 A D:\website\mailsys\images\card.cgi --> www.erenetwork.com /public_html/mailsys/images card.cgi
2002.02.24 11:49 B D:\website\mailsys\images\index.html --> www.erenetwork.com /public_html/mailsys/images index.html
2002.02.24 11:51 B D:\website\mailsys\images\index.html --> www.erenetwork.com /public_html/mailsys/images index.html
2002.02.24 11:51 B D:\website\mailsys\images\index.html --> www.erenetwork.com /public_html/mailsys/images index.html
2002.02.24 11:53 B D:\website\mailsys\images\index.html --> www.erenetwork.com /public_html/mailsys/images index.html
2002.02.24 11:53 B D:\website\mailsys\images\index.html --> www.erenetwork.com /public_html/mailsys/images index.html
2002.02.24 11:54 B D:\website\mailsys\images\index.html --> www.erenetwork.com /public_html/mailsys/images index.html
2002.02.24 11:55 B D:\website\mailsys\images\index.html --> www.erenetwork.com /public_html/mailsys/images index.html
2002.02.24 11:55 B D:\website\mailsys\images\index.html --> www.erenetwork.com /public_html/mailsys/images index.html
2002.02.24 11:57 B D:\website\mailsys\images\index.html --> www.erenetwork.com /public_html/mailsys/images index.html
2002.02.24 12:20 A D:\website\mailsys\images\card.cgi --> www.erenetwork.com /public_html/mailsys/images card.cgi
2002.02.24 12:21 A D:\website\mailsys\images\card.cgi --> www.erenetwork.com /public_html/mailsys/images card.cgi
