2003.03.29 08:01 A C:\Documents and Settings\Byron Chilton\My Documents\website\dot\backup\allience.dat <-- Erenetw /public_html/dotguild allience.dat
2003.03.29 08:01 A C:\Documents and Settings\Byron Chilton\My Documents\website\dot\backup\bardepic.dat <-- Erenetw /public_html/dotguild bardepic.dat
2003.03.29 08:01 A C:\Documents and Settings\Byron Chilton\My Documents\website\dot\backup\box.gif <-- Erenetw /public_html/dotguild box.gif
2003.03.29 08:01 A C:\Documents and Settings\Byron Chilton\My Documents\website\dot\backup\bstepic.dat <-- Erenetw /public_html/dotguild bstepic.dat
2003.03.29 08:01 A C:\Documents and Settings\Byron Chilton\My Documents\website\dot\backup\charter.dat <-- Erenetw /public_html/dotguild charter.dat
2003.03.29 08:01 A C:\Documents and Settings\Byron Chilton\My Documents\website\dot\backup\clericepic.dat <-- Erenetw /public_html/dotguild clericepic.dat
2003.03.29 08:01 A C:\Documents and Settings\Byron Chilton\My Documents\website\dot\backup\config.pl <-- Erenetw /public_html/dotguild config.pl
2003.03.29 08:01 A C:\Documents and Settings\Byron Chilton\My Documents\website\dot\backup\cookie.lib <-- Erenetw /public_html/dotguild cookie.lib
2003.03.29 08:01 A C:\Documents and Settings\Byron Chilton\My Documents\website\dot\backup\css.lst <-- Erenetw /public_html/dotguild css.lst
2003.03.29 08:01 A C:\Documents and Settings\Byron Chilton\My Documents\website\dot\backup\dept.dat <-- Erenetw /public_html/dotguild dept.dat
2003.03.29 08:01 A C:\Documents and Settings\Byron Chilton\My Documents\website\dot\backup\dot.gif <-- Erenetw /public_html/dotguild dot.gif
2003.03.29 08:01 A C:\Documents and Settings\Byron Chilton\My Documents\website\dot\backup\druidepic.dat <-- Erenetw /public_html/dotguild druidepic.dat
2003.03.29 08:01 A C:\Documents and Settings\Byron Chilton\My Documents\website\dot\backup\encepic.dat <-- Erenetw /public_html/dotguild encepic.dat
2003.03.29 08:01 A C:\Documents and Settings\Byron Chilton\My Documents\website\dot\backup\epic.dat <-- Erenetw /public_html/dotguild epic.dat
2003.03.29 08:01 A C:\Documents and Settings\Byron Chilton\My Documents\website\dot\backup\fight.lst <-- Erenetw /public_html/dotguild fight.lst
2003.03.29 08:01 A C:\Documents and Settings\Byron Chilton\My Documents\website\dot\backup\firework.lst <-- Erenetw /public_html/dotguild firework.lst
2003.03.29 08:01 A C:\Documents and Settings\Byron Chilton\My Documents\website\dot\backup\fireworks.lst <-- Erenetw /public_html/dotguild fireworks.lst
2003.03.29 08:01 A C:\Documents and Settings\Byron Chilton\My Documents\website\dot\backup\fullback.jpg <-- Erenetw /public_html/dotguild fullback.jpg
2003.03.29 08:01 A C:\Documents and Settings\Byron Chilton\My Documents\website\dot\backup\fun.dat <-- Erenetw /public_html/dotguild fun.dat
2003.03.29 08:01 A C:\Documents and Settings\Byron Chilton\My Documents\website\dot\backup\groupphoto.gif <-- Erenetw /public_html/dotguild groupphoto.gif
2003.03.29 08:01 A C:\Documents and Settings\Byron Chilton\My Documents\website\dot\backup\groupphotobig.gif <-- Erenetw /public_html/dotguild groupphotobig.gif
2003.03.29 08:01 A C:\Documents and Settings\Byron Chilton\My Documents\website\dot\backup\index.cgi <-- Erenetw /public_html/dotguild index.cgi
2003.03.29 08:01 A C:\Documents and Settings\Byron Chilton\My Documents\website\dot\backup\links.dat <-- Erenetw /public_html/dotguild links.dat
2003.03.29 08:01 A C:\Documents and Settings\Byron Chilton\My Documents\website\dot\backup\logo.gif <-- Erenetw /public_html/dotguild logo.gif
2003.03.29 08:01 A C:\Documents and Settings\Byron Chilton\My Documents\website\dot\backup\mageepic.dat <-- Erenetw /public_html/dotguild mageepic.dat
2003.03.29 08:01 A C:\Documents and Settings\Byron Chilton\My Documents\website\dot\backup\magiceye.dat <-- Erenetw /public_html/dotguild magiceye.dat
2003.03.29 08:02 A C:\Documents and Settings\Byron Chilton\My Documents\website\dot\backup\makeing.dat <-- Erenetw /public_html/dotguild makeing.dat
2003.03.29 08:02 A C:\Documents and Settings\Byron Chilton\My Documents\website\dot\backup\mmore.lst <-- Erenetw /public_html/dotguild mmore.lst
2003.03.29 08:02 A C:\Documents and Settings\Byron Chilton\My Documents\website\dot\backup\monkepic.dat <-- Erenetw /public_html/dotguild monkepic.dat
2003.03.29 08:02 A C:\Documents and Settings\Byron Chilton\My Documents\website\dot\backup\necepic.dat <-- Erenetw /public_html/dotguild necepic.dat
2003.03.29 08:02 A C:\Documents and Settings\Byron Chilton\My Documents\website\dot\backup\new.gif <-- Erenetw /public_html/dotguild new.gif
2003.03.29 08:02 A C:\Documents and Settings\Byron Chilton\My Documents\website\dot\backup\news.dat <-- Erenetw /public_html/dotguild news.dat
2003.03.29 08:02 A C:\Documents and Settings\Byron Chilton\My Documents\website\dot\backup\nice.lst <-- Erenetw /public_html/dotguild nice.lst
2003.03.29 08:02 A C:\Documents and Settings\Byron Chilton\My Documents\website\dot\backup\officernews.dat <-- Erenetw /public_html/dotguild officernews.dat
2003.03.29 08:02 A C:\Documents and Settings\Byron Chilton\My Documents\website\dot\backup\pages.dat <-- Erenetw /public_html/dotguild pages.dat
2003.03.29 08:02 A C:\Documents and Settings\Byron Chilton\My Documents\website\dot\backup\palepic.dat <-- Erenetw /public_html/dotguild palepic.dat
2003.03.29 08:02 A C:\Documents and Settings\Byron Chilton\My Documents\website\dot\backup\photo.lst <-- Erenetw /public_html/dotguild photo.lst
2003.03.29 08:02 A C:\Documents and Settings\Byron Chilton\My Documents\website\dot\backup\raid.dat <-- Erenetw /public_html/dotguild raid.dat
2003.03.29 08:02 A C:\Documents and Settings\Byron Chilton\My Documents\website\dot\backup\ranks.lst <-- Erenetw /public_html/dotguild ranks.lst
2003.03.29 08:02 A C:\Documents and Settings\Byron Chilton\My Documents\website\dot\backup\reject.lst <-- Erenetw /public_html/dotguild reject.lst
2003.03.29 08:02 A C:\Documents and Settings\Byron Chilton\My Documents\website\dot\backup\rngepic.dat <-- Erenetw /public_html/dotguild rngepic.dat
2003.03.29 08:02 A C:\Documents and Settings\Byron Chilton\My Documents\website\dot\backup\rugepic.dat <-- Erenetw /public_html/dotguild rugepic.dat
2003.03.29 08:02 A C:\Documents and Settings\Byron Chilton\My Documents\website\dot\backup\SebKey.lst <-- Erenetw /public_html/dotguild SebKey.lst
2003.03.29 08:02 A C:\Documents and Settings\Byron Chilton\My Documents\website\dot\backup\sendo.dat <-- Erenetw /public_html/dotguild sendo.dat
2003.03.29 08:02 A C:\Documents and Settings\Byron Chilton\My Documents\website\dot\backup\shaepic.dat <-- Erenetw /public_html/dotguild shaepic.dat
2003.03.29 08:02 A C:\Documents and Settings\Byron Chilton\My Documents\website\dot\backup\shdepic.dat <-- Erenetw /public_html/dotguild shdepic.dat
2003.03.29 08:02 A C:\Documents and Settings\Byron Chilton\My Documents\website\dot\backup\signup.dat <-- Erenetw /public_html/dotguild signup.dat
2003.03.29 08:02 A C:\Documents and Settings\Byron Chilton\My Documents\website\dot\backup\skomadwed.dat <-- Erenetw /public_html/dotguild skomadwed.dat
2003.03.29 08:02 A C:\Documents and Settings\Byron Chilton\My Documents\website\dot\backup\stats.gif <-- Erenetw /public_html/dotguild stats.gif
2003.03.29 08:02 A C:\Documents and Settings\Byron Chilton\My Documents\website\dot\backup\sugraid.dat <-- Erenetw /public_html/dotguild sugraid.dat
2003.03.29 08:02 A C:\Documents and Settings\Byron Chilton\My Documents\website\dot\backup\unrestraid.lst <-- Erenetw /public_html/dotguild unrestraid.lst
2003.03.29 08:02 A C:\Documents and Settings\Byron Chilton\My Documents\website\dot\backup\valt.lst <-- Erenetw /public_html/dotguild valt.lst
2003.03.29 08:02 A C:\Documents and Settings\Byron Chilton\My Documents\website\dot\backup\visit.dat <-- Erenetw /public_html/dotguild visit.dat
2003.03.29 08:02 A C:\Documents and Settings\Byron Chilton\My Documents\website\dot\backup\warepic.dat <-- Erenetw /public_html/dotguild warepic.dat
2003.03.29 08:02 A C:\Documents and Settings\Byron Chilton\My Documents\website\dot\backup\weddings.dat <-- Erenetw /public_html/dotguild weddings.dat
2003.03.29 08:02 A C:\Documents and Settings\Byron Chilton\My Documents\website\dot\backup\wizepic.dat <-- Erenetw /public_html/dotguild wizepic.dat
