Last_Visited|06/06/05 - 10:23:37
extra_items|05/17/05 - 17:39:43
artisans|06/02/05 - 18:09:43
18|06/06/05 - 10:22:00
adventurers|06/02/05 - 16:27:31
huge_news_merger|05/27/05 - 10:22:51
humor|05/15/05 - 01:35:33
events|05/19/05 - 19:08:43
4|06/06/05 - 10:21:23
application|06/06/05 - 08:40:50
guild_rules|06/06/05 - 08:41:12
21|06/06/05 - 10:20:13
56|06/06/05 - 10:16:57
36|06/06/05 - 10:15:59
20|06/06/05 - 10:14:41
55|06/06/05 - 10:11:40
54|06/06/05 - 10:07:13
Logged_Off|06/06/05 - 10:04:52
47|06/06/05 - 09:55:41
39|06/06/05 - 09:34:45
53|06/06/05 - 09:33:37
44|06/06/05 - 09:26:24
52|06/06/05 - 09:21:22
37|06/06/05 - 09:20:04
51|06/06/05 - 08:34:23
50|06/06/05 - 08:34:10
49|06/06/05 - 08:33:12
48|06/06/05 - 08:15:43
3|06/02/05 - 20:20:32
46|06/02/05 - 20:18:08
32|06/01/05 - 13:06:50
40|05/31/05 - 09:04:15
11|05/30/05 - 16:04:17
45|05/30/05 - 16:01:32
41|05/29/05 - 12:26:11
42|05/25/05 - 22:39:43
38|05/23/05 - 11:40:32
31|05/16/05 - 19:46:50
15|05/15/05 - 12:11:13
