101.10.14 10:06 A D:\website\ravens\new\cgi-bin\admin\templates\add.html --> www.erenetwork.com /public_html/ravens/members/cgi-bin/admin/templates add.html
101.10.14 10:06 A D:\website\ravens\new\cgi-bin\admin\templates\add_error.html --> www.erenetwork.com /public_html/ravens/members/cgi-bin/admin/templates add_error.html
101.10.14 10:06 A D:\website\ravens\new\cgi-bin\admin\templates\add_success.html --> www.erenetwork.com /public_html/ravens/members/cgi-bin/admin/templates add_success.html
101.10.14 10:06 A D:\website\ravens\new\cgi-bin\admin\templates\category.html --> www.erenetwork.com /public_html/ravens/members/cgi-bin/admin/templates category.html
101.10.14 10:06 A D:\website\ravens\new\cgi-bin\admin\templates\cool.html --> www.erenetwork.com /public_html/ravens/members/cgi-bin/admin/templates cool.html
101.10.14 10:06 A D:\website\ravens\new\cgi-bin\admin\templates\detailed.html --> www.erenetwork.com /public_html/ravens/members/cgi-bin/admin/templates detailed.html
101.10.14 10:06 A D:\website\ravens\new\cgi-bin\admin\templates\email-add.txt --> www.erenetwork.com /public_html/ravens/members/cgi-bin/admin/templates email-add.txt
101.10.14 10:06 A D:\website\ravens\new\cgi-bin\admin\templates\email-del.txt --> www.erenetwork.com /public_html/ravens/members/cgi-bin/admin/templates email-del.txt
101.10.14 10:06 A D:\website\ravens\new\cgi-bin\admin\templates\email-mod.txt --> www.erenetwork.com /public_html/ravens/members/cgi-bin/admin/templates email-mod.txt
101.10.14 10:06 A D:\website\ravens\new\cgi-bin\admin\templates\email.html --> www.erenetwork.com /public_html/ravens/members/cgi-bin/admin/templates email.html
101.10.14 10:06 A D:\website\ravens\new\cgi-bin\admin\templates\email_error.html --> www.erenetwork.com /public_html/ravens/members/cgi-bin/admin/templates email_error.html
101.10.14 10:06 A D:\website\ravens\new\cgi-bin\admin\templates\home.html --> www.erenetwork.com /public_html/ravens/members/cgi-bin/admin/templates home.html
101.10.14 10:06 A D:\website\ravens\new\cgi-bin\admin\templates\link.html --> www.erenetwork.com /public_html/ravens/members/cgi-bin/admin/templates link.html
101.10.14 10:06 A D:\website\ravens\new\cgi-bin\admin\templates\modify.html --> www.erenetwork.com /public_html/ravens/members/cgi-bin/admin/templates modify.html
101.10.14 10:06 A D:\website\ravens\new\cgi-bin\admin\templates\modify_error.html --> www.erenetwork.com /public_html/ravens/members/cgi-bin/admin/templates modify_error.html
101.10.14 10:06 A D:\website\ravens\new\cgi-bin\admin\templates\modify_success.html --> www.erenetwork.com /public_html/ravens/members/cgi-bin/admin/templates modify_success.html
101.10.14 10:06 A D:\website\ravens\new\cgi-bin\admin\templates\new.html --> www.erenetwork.com /public_html/ravens/members/cgi-bin/admin/templates new.html
101.10.14 10:07 A D:\website\ravens\new\cgi-bin\admin\templates\rate.html --> www.erenetwork.com /public_html/ravens/members/cgi-bin/admin/templates rate.html
101.10.14 10:07 A D:\website\ravens\new\cgi-bin\admin\templates\rate_error.html --> www.erenetwork.com /public_html/ravens/members/cgi-bin/admin/templates rate_error.html
101.10.14 10:07 A D:\website\ravens\new\cgi-bin\admin\templates\rate_success.html --> www.erenetwork.com /public_html/ravens/members/cgi-bin/admin/templates rate_success.html
101.10.14 10:07 A D:\website\ravens\new\cgi-bin\admin\templates\rate_top.html --> www.erenetwork.com /public_html/ravens/members/cgi-bin/admin/templates rate_top.html
101.10.14 10:07 A D:\website\ravens\new\cgi-bin\admin\templates\search.html --> www.erenetwork.com /public_html/ravens/members/cgi-bin/admin/templates search.html
101.10.14 10:07 A D:\website\ravens\new\cgi-bin\admin\templates\search_error.html --> www.erenetwork.com /public_html/ravens/members/cgi-bin/admin/templates search_error.html
101.10.14 10:07 A D:\website\ravens\new\cgi-bin\admin\templates\search_results.html --> www.erenetwork.com /public_html/ravens/members/cgi-bin/admin/templates search_results.html
