Last_Visited|06/02/04 - 22:17:19
Logged_Off|06/02/04 - 18:37:22
179|06/02/04 - 12:04:26
officer|06/02/04 - 00:14:15
178|06/01/04 - 21:06:46
membersonly|06/01/04 - 20:40:49
34|06/01/04 - 20:54:10
apply|06/01/04 - 20:02:01
163|06/01/04 - 20:24:11
general|06/01/04 - 16:58:35
flag|05/31/04 - 20:56:23
170|05/30/04 - 23:48:27
172|05/31/04 - 20:55:03
173|05/31/04 - 20:56:23
epic|06/01/04 - 08:21:18
71|05/21/04 - 13:06:51
5|05/25/04 - 07:47:16
17|05/26/04 - 11:06:39
63|05/31/04 - 23:51:51
87|06/01/04 - 08:18:02
37|06/01/04 - 08:18:02
175|06/01/04 - 08:21:18
174|06/01/04 - 11:18:07
79|06/01/04 - 16:58:35
86|05/12/04 - 07:12:01
123|05/20/04 - 08:40:37
131|05/22/04 - 15:55:50
133|05/23/04 - 00:38:40
104|05/24/04 - 20:21:33
134|05/25/04 - 09:01:44
143|05/26/04 - 06:59:18
139|05/26/04 - 10:05:03
152|05/26/04 - 16:39:39
145|05/28/04 - 01:45:37
167|05/30/04 - 10:27:40
161|05/30/04 - 21:53:26
130|06/01/04 - 08:27:36
141|06/01/04 - 11:23:55
171|06/01/04 - 11:28:49
162|06/01/04 - 16:23:44
165|06/01/04 - 13:28:40
raid|05/31/04 - 00:03:36
92|06/01/04 - 12:47:19
166|05/31/04 - 11:43:19
164|05/31/04 - 09:15:11
146|05/31/04 - 09:12:11
157|05/31/04 - 09:11:12
169|05/30/04 - 23:01:02
159|05/28/04 - 09:39:06
77|05/16/04 - 16:12:38
106|05/17/04 - 08:14:28
118|05/19/04 - 07:37:58
121|05/19/04 - 12:17:08
124|05/19/04 - 19:54:25
128|05/20/04 - 21:11:55
144|05/26/04 - 10:14:28
156|05/27/04 - 10:08:04
158|05/27/04 - 17:49:26
160|05/28/04 - 07:43:57
103|05/14/04 - 06:29:15
117|05/20/04 - 06:20:23
48|05/25/04 - 07:19:52
147|05/26/04 - 06:09:53
150|05/26/04 - 08:18:54
151|05/26/04 - 08:27:56
148|05/28/04 - 01:37:33
149|05/28/04 - 07:21:33
155|05/26/04 - 17:05:42
154|05/26/04 - 16:59:18
153|05/26/04 - 16:57:21
142|05/25/04 - 20:43:36
138|05/24/04 - 20:22:46
132|05/24/04 - 20:19:13
62|05/23/04 - 17:41:58
89|05/23/04 - 17:34:31
85|05/11/04 - 18:29:17
84|05/12/04 - 07:05:55
91|05/11/04 - 03:12:44
95|05/11/04 - 20:02:47
102|05/13/04 - 14:08:02
110|05/17/04 - 01:57:22
112|05/17/04 - 11:32:39
113|05/18/04 - 12:03:55
93|05/11/04 - 18:30:09
97|05/12/04 - 10:16:17
94|05/12/04 - 21:28:19
98|05/13/04 - 10:14:11
100|05/13/04 - 10:34:28
80|05/13/04 - 17:50:41
101|05/15/04 - 00:26:20
99|05/15/04 - 01:49:35
96|05/15/04 - 07:28:13
78|05/15/04 - 07:34:31
107|05/15/04 - 12:22:04
105|05/16/04 - 16:12:56
108|05/16/04 - 17:54:50
51|05/17/04 - 10:17:29
116|05/18/04 - 09:17:57
109|05/18/04 - 19:25:20
119|05/18/04 - 21:27:26
41|05/19/04 - 02:30:56
73|05/19/04 - 03:07:58
125|05/20/04 - 07:46:37
127|05/20/04 - 09:02:47
115|05/21/04 - 15:13:33
122|05/21/04 - 23:04:23
114|05/22/04 - 02:49:10
126|05/22/04 - 10:26:50
90|05/20/04 - 21:08:36
111|05/18/04 - 12:57:08
120|05/19/04 - 08:05:15
83|05/11/04 - 03:13:31
