Last_Visited|06/03/04 - 07:10:04
membersonly|06/03/04 - 06:59:29
182|06/03/04 - 07:08:22
178|06/03/04 - 04:04:24
complaints|06/03/04 - 02:26:47
183|06/03/04 - 04:03:57
174|06/03/04 - 01:04:35
general|06/01/04 - 21:25:50
epic|06/02/04 - 23:33:51
184|06/03/04 - 00:59:43
trade|06/02/04 - 07:21:55
180|06/03/04 - 00:59:26
raid|06/02/04 - 12:02:01
79|06/02/04 - 17:27:55
130|06/02/04 - 17:09:07
181|06/02/04 - 17:07:12
5|06/02/04 - 17:05:03
54|06/02/04 - 17:04:26
148|06/02/04 - 17:03:13
apply|06/02/04 - 08:34:19
176|06/02/04 - 17:02:37
171|06/02/04 - 03:20:15
141|06/02/04 - 03:19:31
177|06/02/04 - 03:17:21
139|06/01/04 - 02:16:08
167|06/01/04 - 02:15:25
169|06/01/04 - 02:13:13
168|06/01/04 - 02:12:51
157|06/01/04 - 02:12:35
147|06/01/04 - 02:12:30
48|06/01/04 - 02:12:26
165|06/01/04 - 02:12:05
149|06/01/04 - 02:11:53
146|06/01/04 - 02:05:45
44|05/31/04 - 11:36:12
flag|05/31/04 - 11:05:54
170|05/31/04 - 11:35:49
172|05/31/04 - 11:35:39
173|05/31/04 - 11:35:21
151|05/31/04 - 10:25:28
150|05/31/04 - 10:17:21
163|05/30/04 - 09:01:08
162|05/30/04 - 09:00:48
161|05/30/04 - 02:15:01
159|05/28/04 - 13:55:52
145|05/28/04 - 04:08:55
143|05/26/04 - 20:00:37
142|05/25/04 - 14:57:15
104|05/25/04 - 10:14:35
134|05/25/04 - 10:11:31
137|05/24/04 - 19:06:19
135|05/24/04 - 12:09:41
136|05/24/04 - 12:08:42
117|05/23/04 - 11:34:42
126|05/23/04 - 11:33:10
122|05/21/04 - 11:00:25
115|05/21/04 - 10:59:43
114|05/20/04 - 20:21:37
125|05/20/04 - 20:21:20
127|05/20/04 - 20:20:29
123|05/20/04 - 20:19:36
119|05/19/04 - 18:47:27
41|05/19/04 - 07:50:06
73|05/18/04 - 14:48:27
113|05/18/04 - 08:31:56
116|05/18/04 - 08:27:50
112|05/17/04 - 16:59:27
107|05/16/04 - 10:40:02
108|05/16/04 - 04:33:56
51|05/16/04 - 04:33:49
105|05/16/04 - 04:31:47
96|05/16/04 - 04:31:00
103|05/15/04 - 07:24:32
100|05/14/04 - 08:57:40
101|05/14/04 - 08:56:33
99|05/14/04 - 08:34:39
98|05/13/04 - 19:03:27
80|05/13/04 - 11:59:00
18|05/13/04 - 03:05:48
84|05/13/04 - 03:04:52
94|05/13/04 - 01:59:15
97|05/12/04 - 09:34:37
49|05/12/04 - 06:46:48
52|05/12/04 - 06:46:42
93|05/12/04 - 02:12:35
