Last_Visited|05/08/04 - 05:16:02
flag|05/06/04 - 06:03:34
epic|05/07/04 - 08:36:05
trade|05/06/04 - 01:41:49
raid|05/07/04 - 13:56:10
membersonly|05/08/04 - 04:27:52
apply|05/07/04 - 08:25:58
general|05/08/04 - 00:30:12
17|05/08/04 - 05:15:37
48|05/08/04 - 05:15:21
41|05/08/04 - 05:14:01
45|05/08/04 - 05:13:27
67|05/08/04 - 05:12:52
78|05/08/04 - 05:11:20
74|05/08/04 - 05:11:02
61|05/08/04 - 05:10:50
73|05/08/04 - 05:10:23
75|05/08/04 - 05:09:59
66|05/08/04 - 05:09:41
32|05/08/04 - 05:09:31
68|05/08/04 - 05:09:23
79|05/08/04 - 05:05:27
44|05/07/04 - 07:08:37
63|05/07/04 - 07:07:54
70|05/07/04 - 07:07:41
71|05/07/04 - 07:07:31
53|05/07/04 - 07:06:54
54|05/07/04 - 07:06:47
59|05/07/04 - 07:06:40
62|05/07/04 - 07:06:28
52|05/07/04 - 07:05:53
35|05/07/04 - 07:05:29
60|05/07/04 - 07:05:03
57|05/07/04 - 07:04:26
58|05/07/04 - 07:03:30
42|05/07/04 - 07:03:07
47|05/07/04 - 07:02:11
56|05/07/04 - 07:00:13
51|05/07/04 - 06:58:56
1|05/07/04 - 06:48:37
50|05/07/04 - 06:47:33
65|05/07/04 - 06:47:18
69|05/07/04 - 06:46:06
19|05/07/04 - 06:45:10
33|05/07/04 - 06:45:03
43|05/07/04 - 06:44:59
55|05/07/04 - 06:44:54
40|05/07/04 - 06:44:10
64|05/07/04 - 06:43:47
72|05/07/04 - 06:42:29
49|05/05/04 - 11:25:35
22|05/04/04 - 07:28:13
21|05/04/04 - 07:26:20
46|05/04/04 - 07:26:02
24|05/03/04 - 12:46:56
10|05/03/04 - 12:45:58
11|05/03/04 - 12:45:51
13|05/03/04 - 12:45:41
3|05/03/04 - 12:45:04
5|05/03/04 - 10:51:30
37|05/03/04 - 10:50:17
27|05/03/04 - 10:47:25
31|05/03/04 - 10:44:10
36|05/03/04 - 10:43:45
12|05/03/04 - 10:25:17
25|05/03/04 - 10:23:42
23|05/03/04 - 10:23:08
6|05/03/04 - 10:22:33
8|05/03/04 - 10:20:06
16|05/03/04 - 10:16:41
14|05/03/04 - 10:16:17
4|05/03/04 - 10:16:10
30|05/03/04 - 10:15:36
18|05/03/04 - 10:15:10
15|05/03/04 - 10:13:38
Logged_Off|05/03/04 - 10:13:05
