Last_Visited|06/02/04 - 23:14:28
50|06/02/04 - 18:31:45
apply|06/02/04 - 08:34:19
flag|05/31/04 - 20:56:23
raid|06/02/04 - 12:02:01
membersonly|06/02/04 - 14:38:16
epic|06/02/04 - 13:16:17
trade|06/02/04 - 07:21:55
general|06/01/04 - 21:25:50
Logged_Off|06/02/04 - 18:27:57
182|06/02/04 - 18:24:27
174|06/02/04 - 18:24:07
178|06/02/04 - 18:22:11
183|06/02/04 - 18:19:58
complaints|06/02/04 - 14:42:35
79|05/31/04 - 11:17:53
165|05/31/04 - 11:10:07
53|05/29/04 - 22:26:59
59|05/29/04 - 22:26:55
54|05/29/04 - 22:26:50
62|05/29/04 - 22:26:40
88|05/29/04 - 22:26:32
86|05/29/04 - 22:26:01
131|05/29/04 - 22:25:58
123|05/29/04 - 22:25:02
104|05/29/04 - 22:22:29
133|05/29/04 - 22:22:20
162|05/29/04 - 22:21:11
15|05/29/04 - 22:20:09
44|05/29/04 - 22:19:46
146|05/29/04 - 22:16:39
150|05/29/04 - 22:04:25
148|05/29/04 - 22:04:16
157|05/29/04 - 22:02:53
151|05/29/04 - 21:56:59
149|05/29/04 - 21:47:27
103|05/29/04 - 20:30:05
147|05/29/04 - 20:04:44
52|05/29/04 - 20:03:57
