176|06/02/04 - 22:12:15
Last_Visited|06/02/04 - 22:12:15
apply|06/02/04 - 08:34:19
177|06/02/04 - 22:11:55
general|06/01/04 - 21:25:50
174|06/02/04 - 22:09:01
182|06/02/04 - 22:07:04
membersonly|06/02/04 - 22:07:04
178|06/02/04 - 22:02:49
162|06/02/04 - 22:02:05
163|06/02/04 - 22:01:31
130|06/02/04 - 22:00:42
raid|06/02/04 - 12:02:01
84|06/01/04 - 00:18:32
169|06/01/04 - 00:18:13
168|06/01/04 - 00:17:36
79|05/31/04 - 19:29:08
170|05/31/04 - 19:24:59
flag|05/31/04 - 19:24:51
146|05/31/04 - 19:21:41
157|05/31/04 - 19:21:04
171|05/31/04 - 19:18:56
161|05/31/04 - 19:17:21
167|05/30/04 - 13:02:28
145|05/26/04 - 22:14:34
139|05/26/04 - 22:14:03
142|05/26/04 - 12:25:23
152|05/26/04 - 12:22:52
148|05/26/04 - 12:20:24
149|05/26/04 - 12:19:00
151|05/26/04 - 12:18:44
150|05/26/04 - 12:17:14
50|05/26/04 - 12:16:06
143|05/25/04 - 12:09:58
141|05/25/04 - 12:09:03
15|05/25/04 - 01:24:35
52|05/25/04 - 01:23:20
48|05/25/04 - 01:22:29
136|05/25/04 - 01:21:13
104|05/25/04 - 01:19:29
41|05/21/04 - 23:10:34
73|05/21/04 - 23:09:04
114|05/21/04 - 23:08:17
126|05/21/04 - 23:05:54
122|05/21/04 - 23:04:24
115|05/21/04 - 23:02:00
78|05/15/04 - 15:46:04
67|05/15/04 - 15:45:04
