Last_Visited|06/03/04 - 02:34:01
79|06/03/04 - 02:33:23
174|06/03/04 - 02:33:17
general|06/01/04 - 21:25:50
raid|06/02/04 - 12:02:01
186|06/03/04 - 02:32:10
officer|06/03/04 - 02:31:02
162|06/03/04 - 02:27:39
163|06/03/04 - 02:27:24
182|06/03/04 - 02:27:13
membersonly|06/03/04 - 00:55:59
183|06/03/04 - 02:26:47
complaints|06/03/04 - 02:26:47
106|06/03/04 - 02:25:22
185|06/03/04 - 02:22:42
179|06/03/04 - 00:33:40
Logged_Off|05/27/04 - 18:49:11
156|05/27/04 - 18:46:36
158|05/27/04 - 18:44:00
53|05/26/04 - 11:09:48
54|05/26/04 - 11:09:31
59|05/26/04 - 11:09:21
62|05/26/04 - 11:09:10
88|05/26/04 - 11:08:48
17|05/26/04 - 11:08:19
epic|05/26/04 - 11:06:39
146|05/26/04 - 11:03:15
44|05/26/04 - 10:57:05
132|05/26/04 - 10:55:22
142|05/26/04 - 10:14:49
144|05/26/04 - 10:14:29
111|05/23/04 - 07:44:49
121|05/23/04 - 07:41:35
48|05/23/04 - 07:37:35
130|05/23/04 - 07:36:53
126|05/23/04 - 07:35:28
131|05/23/04 - 07:34:50
104|05/23/04 - 07:32:53
apply|05/12/04 - 07:05:55
34|05/22/04 - 09:03:59
124|05/22/04 - 09:03:24
128|05/22/04 - 09:03:11
129|05/22/04 - 09:00:20
114|05/20/04 - 21:17:20
122|05/20/04 - 21:16:56
12|05/20/04 - 21:16:44
105|05/20/04 - 21:14:22
120|05/20/04 - 20:25:22
18|05/20/04 - 20:23:48
125|05/20/04 - 20:21:18
123|05/20/04 - 20:20:51
127|05/20/04 - 20:20:41
118|05/19/04 - 07:05:02
41|05/19/04 - 07:00:03
73|05/19/04 - 06:56:01
26|05/18/04 - 18:15:47
7|05/18/04 - 16:01:09
116|05/18/04 - 07:13:29
110|05/18/04 - 07:10:23
92|05/17/04 - 18:29:43
109|05/17/04 - 07:41:52
51|05/17/04 - 07:41:36
15|05/16/04 - 21:39:39
108|05/16/04 - 09:44:48
102|05/16/04 - 09:44:17
2|05/14/04 - 22:52:35
28|05/14/04 - 22:50:02
77|05/14/04 - 22:48:37
33|05/14/04 - 22:47:18
72|05/14/04 - 22:47:06
96|05/14/04 - 22:46:32
99|05/14/04 - 22:46:20
93|05/12/04 - 10:25:24
78|05/12/04 - 10:24:11
97|05/12/04 - 10:14:13
