184|06/03/04 - 06:43:22
Last_Visited|06/03/04 - 06:43:22
epic|06/02/04 - 23:33:51
raid|06/02/04 - 12:02:01
183|06/03/04 - 06:42:34
complaints|06/03/04 - 02:26:47
182|06/03/04 - 06:35:08
membersonly|06/03/04 - 03:51:37
174|06/02/04 - 17:22:09
general|06/01/04 - 21:25:50
148|06/02/04 - 10:33:31
171|06/02/04 - 06:17:47
178|06/02/04 - 06:17:23
130|06/01/04 - 07:03:23
173|05/31/04 - 19:24:51
flag|05/31/04 - 19:24:51
157|05/31/04 - 10:40:03
169|05/31/04 - 10:38:10
168|05/31/04 - 10:37:40
apply|05/31/04 - 09:40:18
161|05/30/04 - 16:30:49
145|05/30/04 - 14:25:05
162|05/30/04 - 14:24:02
167|05/30/04 - 14:22:53
146|05/30/04 - 14:21:39
165|05/30/04 - 14:19:25
17|05/29/04 - 17:36:27
159|05/29/04 - 17:35:43
163|05/28/04 - 22:48:17
147|05/26/04 - 15:18:47
149|05/26/04 - 15:16:58
143|05/26/04 - 15:11:51
152|05/26/04 - 15:10:45
139|05/26/04 - 15:08:56
5|05/25/04 - 09:31:23
44|05/25/04 - 09:30:41
50|05/25/04 - 09:30:13
84|05/25/04 - 09:29:38
135|05/25/04 - 09:28:57
134|05/25/04 - 09:27:24
141|05/25/04 - 09:24:41
48|05/25/04 - 09:23:08
71|05/23/04 - 14:48:33
87|05/23/04 - 14:48:13
115|05/23/04 - 14:42:00
104|05/23/04 - 14:39:20
114|05/23/04 - 13:10:27
131|05/23/04 - 13:09:46
133|05/23/04 - 13:09:22
117|05/20/04 - 11:55:10
122|05/20/04 - 11:54:48
123|05/20/04 - 11:54:38
126|05/20/04 - 11:54:01
125|05/20/04 - 11:53:45
127|05/20/04 - 11:52:18
99|05/19/04 - 23:01:47
119|05/19/04 - 10:44:07
116|05/18/04 - 19:39:02
73|05/17/04 - 23:08:50
112|05/17/04 - 23:07:46
113|05/17/04 - 23:07:32
51|05/17/04 - 12:25:58
109|05/17/04 - 12:25:16
41|05/17/04 - 12:24:35
110|05/16/04 - 23:05:43
103|05/16/04 - 19:15:42
105|05/16/04 - 19:10:04
108|05/16/04 - 19:07:58
101|05/15/04 - 11:37:21
78|05/15/04 - 11:35:39
42|05/13/04 - 17:16:55
60|05/13/04 - 17:16:27
47|05/13/04 - 17:15:39
14|05/13/04 - 17:15:09
16|05/13/04 - 17:13:03
24|05/13/04 - 17:12:05
75|05/13/04 - 17:11:45
45|05/13/04 - 17:10:23
97|05/13/04 - 17:00:22
94|05/13/04 - 16:54:19
100|05/13/04 - 16:53:38
10|05/13/04 - 15:35:06
68|05/13/04 - 15:34:41
82|05/13/04 - 15:34:25
102|05/13/04 - 15:33:57
95|05/13/04 - 12:28:28
79|05/13/04 - 12:26:58
98|05/13/04 - 12:26:24
96|05/13/04 - 12:23:06
80|05/13/04 - 12:21:45
