174|06/03/04 - 12:42:24
Last_Visited|06/03/04 - 12:42:24
general|06/03/04 - 10:32:24
membersonly|06/03/04 - 07:58:37
146|06/02/04 - 14:45:01
raid|06/02/04 - 12:02:01
178|06/02/04 - 14:42:57
157|06/01/04 - 14:01:40
171|06/01/04 - 14:00:26
167|05/30/04 - 20:43:50
149|05/29/04 - 19:39:02
162|05/29/04 - 19:38:12
159|05/29/04 - 19:38:02
163|05/29/04 - 16:25:32
165|05/28/04 - 17:35:19
161|05/28/04 - 17:31:03
151|05/27/04 - 15:04:24
148|05/27/04 - 14:59:12
139|05/27/04 - 14:58:49
134|05/26/04 - 14:25:20
145|05/26/04 - 14:24:37
152|05/26/04 - 14:23:24
143|05/26/04 - 14:20:41
141|05/25/04 - 18:03:53
142|05/25/04 - 18:03:20
48|05/24/04 - 14:09:31
130|05/24/04 - 14:09:00
133|05/24/04 - 14:08:36
136|05/24/04 - 14:08:18
137|05/24/04 - 14:07:54
114|05/22/04 - 20:24:23
126|05/22/04 - 20:24:09
104|05/22/04 - 20:17:47
117|05/21/04 - 07:44:44
122|05/19/04 - 17:04:57
119|05/19/04 - 17:02:34
epic|05/12/04 - 06:55:20
109|05/18/04 - 20:19:41
116|05/18/04 - 20:17:48
