Logged_Off|06/03/04 - 12:35:36
Last_Visited|06/03/04 - 12:35:36
185|06/03/04 - 12:17:40
officer|06/03/04 - 07:35:43
188|06/03/04 - 11:30:21
183|06/03/04 - 11:30:15
complaints|06/03/04 - 07:44:16
186|06/03/04 - 11:28:39
187|06/03/04 - 11:27:06
182|06/03/04 - 11:25:06
membersonly|06/03/04 - 07:58:37
general|06/03/04 - 10:32:24
176|06/02/04 - 17:03:00
169|06/02/04 - 17:02:56
168|06/02/04 - 17:02:43
177|06/02/04 - 17:02:38
apply|06/02/04 - 08:34:19
178|06/02/04 - 14:44:18
164|06/02/04 - 12:51:37
160|06/02/04 - 12:50:23
92|06/02/04 - 12:42:03
146|06/02/04 - 12:02:01
raid|06/02/04 - 12:02:01
141|06/02/04 - 11:57:08
166|06/02/04 - 08:46:43
162|06/02/04 - 08:06:03
179|06/02/04 - 07:56:27
79|06/01/04 - 21:08:42
171|06/01/04 - 13:42:08
174|06/01/04 - 13:35:04
87|06/01/04 - 11:14:17
37|06/01/04 - 11:13:54
175|06/01/04 - 11:13:26
epic|06/01/04 - 08:21:18
130|06/01/04 - 10:12:54
34|06/01/04 - 08:48:02
165|06/01/04 - 07:21:42
163|06/01/04 - 07:20:02
167|06/01/04 - 07:16:16
161|06/01/04 - 07:14:53
50|06/01/04 - 07:13:38
84|06/01/04 - 07:13:28
158|05/31/04 - 16:01:03
156|05/27/04 - 12:00:46
148|05/27/04 - 10:09:04
145|05/27/04 - 07:00:26
144|05/26/04 - 14:04:04
2|05/26/04 - 14:02:56
139|05/26/04 - 13:26:48
132|05/26/04 - 10:42:47
149|05/26/04 - 10:24:33
142|05/26/04 - 10:20:43
152|05/26/04 - 09:43:46
151|05/26/04 - 09:39:12
150|05/26/04 - 09:33:08
147|05/26/04 - 09:32:16
143|05/26/04 - 08:36:10
121|05/25/04 - 12:39:39
77|05/25/04 - 11:33:37
128|05/25/04 - 11:29:52
124|05/25/04 - 11:29:45
106|05/25/04 - 11:27:21
76|05/25/04 - 11:24:00
134|05/25/04 - 09:46:14
113|05/25/04 - 07:12:47
112|05/25/04 - 07:12:38
138|05/25/04 - 07:12:32
104|05/24/04 - 20:23:18
137|05/24/04 - 20:23:07
136|05/24/04 - 09:10:10
135|05/24/04 - 06:49:32
131|05/22/04 - 18:44:48
126|05/22/04 - 18:44:35
114|05/22/04 - 18:43:28
129|05/22/04 - 18:42:58
48|05/21/04 - 23:35:23
122|05/21/04 - 11:36:13
115|05/21/04 - 11:35:59
117|05/20/04 - 09:23:47
127|05/20/04 - 09:23:20
123|05/20/04 - 08:51:57
125|05/20/04 - 07:46:37
41|05/19/04 - 21:30:59
120|05/19/04 - 08:09:20
118|05/19/04 - 08:09:11
73|05/19/04 - 07:57:26
119|05/19/04 - 07:56:40
111|05/18/04 - 13:39:28
116|05/18/04 - 09:18:06
51|05/17/04 - 11:28:53
109|05/17/04 - 11:28:38
107|05/17/04 - 07:52:14
108|05/17/04 - 07:20:04
110|05/17/04 - 07:18:58
102|05/17/04 - 07:18:53
105|05/15/04 - 22:21:31
96|05/15/04 - 22:20:36
103|05/14/04 - 10:56:48
99|05/14/04 - 10:56:17
101|05/13/04 - 21:20:26
80|05/13/04 - 12:26:58
100|05/13/04 - 12:26:16
98|05/13/04 - 10:32:18
78|05/13/04 - 07:34:08
94|05/12/04 - 22:34:21
97|05/12/04 - 10:16:18
90|05/12/04 - 09:46:19
86|05/12/04 - 09:44:25
95|05/12/04 - 09:34:22
