188|06/03/04 - 08:21:48
Last_Visited|06/03/04 - 08:21:48
complaints|06/03/04 - 07:44:16
183|06/03/04 - 08:21:32
raid|06/02/04 - 12:02:01
membersonly|06/03/04 - 07:58:37
182|06/03/04 - 08:01:00
177|06/03/04 - 08:00:11
176|06/03/04 - 07:59:13
apply|06/02/04 - 08:34:19
175|06/02/04 - 08:37:35
37|06/02/04 - 08:36:53
87|06/02/04 - 08:36:28
5|06/02/04 - 08:35:59
epic|06/02/04 - 07:51:52
180|06/02/04 - 08:35:31
trade|06/02/04 - 07:21:55
146|06/02/04 - 08:32:09
130|06/02/04 - 08:21:25
171|06/02/04 - 08:20:29
163|06/02/04 - 08:19:27
178|06/02/04 - 08:17:43
162|06/02/04 - 08:15:22
174|06/02/04 - 08:13:15
general|06/01/04 - 21:25:50
flag|05/31/04 - 20:56:23
63|06/01/04 - 07:58:51
173|05/31/04 - 10:49:37
172|05/31/04 - 10:49:18
170|05/31/04 - 10:48:47
157|05/31/04 - 10:47:42
168|05/31/04 - 10:44:44
169|05/31/04 - 10:44:27
165|05/30/04 - 09:13:29
167|05/30/04 - 08:49:51
86|05/29/04 - 08:21:26
159|05/29/04 - 08:15:52
161|05/29/04 - 08:02:38
148|05/29/04 - 08:02:07
149|05/29/04 - 08:01:11
151|05/28/04 - 05:59:32
145|05/28/04 - 05:56:17
17|05/27/04 - 06:05:46
150|05/26/04 - 10:14:02
139|05/26/04 - 10:05:04
142|05/26/04 - 09:53:33
152|05/26/04 - 09:51:22
143|05/26/04 - 06:59:18
147|05/26/04 - 06:45:35
140|05/25/04 - 13:28:18
48|05/25/04 - 09:18:11
141|05/25/04 - 09:02:03
134|05/25/04 - 09:01:44
135|05/25/04 - 08:50:51
136|05/25/04 - 06:12:16
71|05/24/04 - 06:04:39
126|05/23/04 - 08:05:56
133|05/23/04 - 08:05:09
115|05/22/04 - 09:33:45
114|05/22/04 - 09:30:50
129|05/22/04 - 09:25:08
125|05/21/04 - 06:16:46
123|05/21/04 - 06:15:13
127|05/21/04 - 06:14:49
122|05/21/04 - 06:14:00
117|05/20/04 - 06:20:23
119|05/19/04 - 06:16:58
41|05/19/04 - 06:13:20
73|05/19/04 - 06:11:33
116|05/18/04 - 09:43:04
107|05/17/04 - 06:13:50
105|05/17/04 - 06:12:06
109|05/17/04 - 06:11:47
110|05/17/04 - 06:08:10
51|05/16/04 - 09:09:29
108|05/16/04 - 09:04:14
99|05/15/04 - 08:45:10
78|05/15/04 - 08:43:03
49|05/15/04 - 08:42:31
52|05/15/04 - 08:42:18
103|05/14/04 - 06:29:15
98|05/14/04 - 06:25:31
104|05/14/04 - 06:25:08
80|05/14/04 - 06:23:18
96|05/14/04 - 06:17:56
102|05/14/04 - 06:16:48
94|05/13/04 - 06:12:10
84|05/12/04 - 09:49:26
79|05/12/04 - 09:34:06
90|05/12/04 - 06:55:20
95|05/12/04 - 06:27:42
