Last_Visited|04/16/04 - 13:56:24
233|04/09/04 - 13:35:45
epic|04/09/04 - 13:35:44
124|04/09/04 - 13:34:05
11|04/09/04 - 13:33:08
56|04/09/04 - 13:32:34
flag|04/09/04 - 13:32:16
94|04/09/04 - 13:32:16
167|04/09/04 - 13:29:02
raid|04/09/04 - 13:26:44
91|04/09/04 - 13:26:45
232|04/09/04 - 13:25:31
war|04/09/04 - 13:25:31
general|04/09/04 - 13:21:49
222|04/09/04 - 13:24:07
apply|04/09/04 - 13:24:07
230|04/09/04 - 13:22:24
49|04/09/04 - 13:19:47
membersonly|04/09/04 - 06:25:13
enc|04/01/04 - 19:59:54
220|04/08/04 - 09:31:02
200|04/08/04 - 09:21:55
221|04/08/04 - 09:19:58
224|04/08/04 - 09:14:38
212|04/08/04 - 09:13:44
210|04/08/04 - 09:09:05
158|04/05/04 - 13:13:06
198|04/05/04 - 13:08:56
215|04/05/04 - 13:08:48
160|04/05/04 - 13:06:51
209|04/05/04 - 13:00:22
214|04/05/04 - 12:58:49
208|04/05/04 - 12:57:00
186|04/05/04 - 12:56:36
218|04/05/04 - 12:53:32
196|03/31/04 - 14:02:34
194|03/31/04 - 14:00:28
192|03/31/04 - 13:58:52
195|03/31/04 - 13:57:49
193|03/31/04 - 13:56:24
180|03/29/04 - 13:53:23
181|03/29/04 - 13:52:55
171|03/26/04 - 14:41:33
161|03/26/04 - 14:40:17
169|03/26/04 - 14:35:31
