182|06/03/04 - 07:55:11
Last_Visited|06/03/04 - 07:55:11
membersonly|06/03/04 - 07:51:19
raid|06/02/04 - 07:15:17
162|06/02/04 - 08:23:39
141|06/02/04 - 08:21:28
177|06/02/04 - 08:21:06
176|06/02/04 - 08:20:55
apply|06/02/04 - 05:10:08
174|06/01/04 - 07:58:46
general|06/01/04 - 07:22:27
167|06/01/04 - 07:57:57
161|06/01/04 - 07:57:23
171|06/01/04 - 07:56:50
130|06/01/04 - 07:53:08
159|05/28/04 - 13:51:15
163|05/28/04 - 13:48:08
149|05/27/04 - 11:41:05
146|05/27/04 - 11:38:57
145|05/27/04 - 11:37:59
147|05/27/04 - 08:33:51
151|05/27/04 - 08:33:24
150|05/27/04 - 08:31:11
148|05/27/04 - 08:30:22
143|05/26/04 - 07:46:10
142|05/25/04 - 15:13:57
138|05/25/04 - 08:04:54
112|05/25/04 - 08:04:41
113|05/25/04 - 08:00:35
48|05/25/04 - 07:59:20
139|05/25/04 - 07:57:55
135|05/25/04 - 07:51:23
84|05/25/04 - 07:50:46
136|05/24/04 - 15:20:57
137|05/24/04 - 15:20:40
134|05/24/04 - 08:07:34
17|05/21/04 - 07:50:56
71|05/21/04 - 07:50:37
epic|05/20/04 - 12:51:30
122|05/21/04 - 07:49:46
115|05/21/04 - 07:49:22
117|05/20/04 - 10:09:28
125|05/20/04 - 10:09:04
126|05/20/04 - 10:08:25
123|05/20/04 - 10:08:13
127|05/20/04 - 10:07:53
103|05/19/04 - 15:23:05
104|05/19/04 - 10:46:09
105|05/19/04 - 10:41:57
119|05/19/04 - 10:40:40
41|05/19/04 - 10:40:33
73|05/19/04 - 08:02:05
114|05/19/04 - 08:00:50
94|05/18/04 - 15:21:35
45|05/18/04 - 15:20:19
116|05/18/04 - 08:19:43
51|05/17/04 - 11:02:51
109|05/17/04 - 11:02:04
