Last_Visited|06/03/04 - 04:09:25
141|06/02/04 - 04:33:45
membersonly|06/02/04 - 04:28:48
174|06/02/04 - 03:21:49
general|06/01/04 - 16:58:35
167|05/31/04 - 12:15:55
161|05/31/04 - 12:15:30
171|05/31/04 - 12:09:55
52|05/29/04 - 12:27:09
147|05/29/04 - 12:26:53
151|05/29/04 - 12:25:02
149|05/29/04 - 12:23:51
157|05/29/04 - 12:23:42
165|05/29/04 - 12:21:36
raid|05/29/04 - 11:10:52
143|05/29/04 - 12:21:22
139|05/29/04 - 12:18:33
159|05/29/04 - 12:17:56
163|05/29/04 - 11:52:01
162|05/29/04 - 11:51:39
146|05/28/04 - 01:47:33
145|05/28/04 - 01:47:16
148|05/28/04 - 01:37:34
142|05/26/04 - 12:02:50
apply|05/12/04 - 07:05:55
134|05/24/04 - 11:48:01
133|05/24/04 - 11:47:50
136|05/24/04 - 11:46:55
117|05/24/04 - 11:42:30
48|05/24/04 - 11:42:15
66|05/24/04 - 11:41:25
135|05/24/04 - 11:36:44
114|05/23/04 - 00:09:39
130|05/23/04 - 00:08:52
104|05/23/04 - 00:08:29
126|05/23/04 - 00:08:17
125|05/21/04 - 22:43:17
123|05/21/04 - 22:42:48
127|05/21/04 - 22:42:00
122|05/21/04 - 06:06:29
115|05/21/04 - 06:06:08
79|05/19/04 - 03:16:20
110|05/19/04 - 03:15:16
112|05/19/04 - 03:15:05
113|05/19/04 - 03:14:50
103|05/19/04 - 03:14:35
73|05/19/04 - 03:07:58
116|05/19/04 - 03:01:07
109|05/19/04 - 02:59:04
119|05/19/04 - 02:55:14
41|05/19/04 - 02:49:31
91|05/16/04 - 06:17:43
102|05/16/04 - 06:17:06
53|05/16/04 - 06:16:23
59|05/16/04 - 06:16:15
62|05/16/04 - 06:15:53
88|05/16/04 - 06:15:30
89|05/16/04 - 06:15:12
71|05/16/04 - 06:12:27
70|05/16/04 - 06:12:11
17|05/16/04 - 06:11:32
63|05/16/04 - 06:10:49
90|05/16/04 - 06:10:20
epic|05/12/04 - 06:55:20
107|05/16/04 - 06:08:57
105|05/16/04 - 06:03:03
108|05/16/04 - 06:02:04
99|05/15/04 - 08:47:43
78|05/15/04 - 08:47:15
67|05/14/04 - 05:08:09
94|05/14/04 - 05:02:19
98|05/14/04 - 05:02:06
101|05/14/04 - 05:00:29
96|05/14/04 - 05:00:03
80|05/14/04 - 03:30:29
84|05/14/04 - 03:27:37
86|05/13/04 - 09:36:45
74|05/12/04 - 07:48:22
