162|06/02/04 - 23:49:29
Last_Visited|06/02/04 - 23:49:29
178|06/02/04 - 23:49:07
182|06/02/04 - 23:48:30
membersonly|06/02/04 - 22:14:04
151|06/02/04 - 23:46:12
149|06/02/04 - 23:45:50
165|06/02/04 - 23:44:23
148|06/02/04 - 23:43:56
146|06/02/04 - 23:41:42
raid|06/02/04 - 12:02:01
141|05/28/04 - 19:34:40
139|05/28/04 - 19:32:57
145|05/28/04 - 17:46:49
159|05/28/04 - 17:46:23
161|05/28/04 - 17:40:48
163|05/28/04 - 17:40:12
48|05/24/04 - 23:31:12
133|05/24/04 - 23:30:47
136|05/24/04 - 23:30:10
134|05/24/04 - 23:29:39
137|05/24/04 - 23:28:52
107|05/22/04 - 17:28:54
6|05/22/04 - 17:28:15
47|05/22/04 - 17:27:47
94|05/22/04 - 17:24:22
108|05/22/04 - 17:23:33
51|05/22/04 - 17:21:30
122|05/22/04 - 17:20:37
114|05/22/04 - 17:19:43
130|05/22/04 - 17:19:21
126|05/22/04 - 17:18:51
131|05/22/04 - 17:18:30
104|05/22/04 - 17:18:16
general|05/21/04 - 22:38:54
60|05/21/04 - 16:07:18
8|05/21/04 - 16:07:02
12|05/21/04 - 16:06:35
67|05/21/04 - 16:01:34
80|05/21/04 - 16:00:08
96|05/21/04 - 15:59:30
116|05/21/04 - 15:58:26
119|05/21/04 - 15:57:48
125|05/21/04 - 15:56:39
115|05/21/04 - 15:56:12
127|05/21/04 - 15:54:47
117|05/19/04 - 20:22:57
52|05/19/04 - 20:22:45
103|05/19/04 - 20:22:21
31|05/19/04 - 20:21:28
41|05/19/04 - 20:20:45
123|05/19/04 - 20:18:25
