Last_Visited|04/09/04 - 14:21:26
trade|04/01/04 - 23:05:56
230|04/09/04 - 14:19:21
general|04/09/04 - 14:19:03
234|04/09/04 - 14:19:03
105|04/09/04 - 14:15:24
epic|04/09/04 - 13:35:44
156|04/09/04 - 14:14:08
226|04/09/04 - 14:13:29
membersonly|04/09/04 - 06:25:13
216|04/09/04 - 14:11:22
173|04/09/04 - 14:11:11
217|04/09/04 - 14:10:28
shm|04/05/04 - 09:13:01
192|03/31/04 - 13:45:35
169|03/31/04 - 13:44:55
135|03/31/04 - 13:44:26
193|03/31/04 - 13:38:39
197|03/31/04 - 13:35:17
104|03/31/04 - 13:32:27
91|03/31/04 - 13:25:43
raid|03/31/04 - 09:55:01
