raid|05/31/04 - 00:03:36
Last_Visited|06/01/04 - 07:46:20
174|06/01/04 - 07:44:57
general|06/01/04 - 07:22:27
171|06/01/04 - 07:44:08
145|06/01/04 - 07:43:07
161|06/01/04 - 07:41:59
162|06/01/04 - 07:41:03
membersonly|06/01/04 - 05:04:55
117|05/22/04 - 17:50:32
115|05/22/04 - 17:49:18
130|05/22/04 - 17:49:04
126|05/22/04 - 17:48:14
104|05/22/04 - 17:47:46
129|05/22/04 - 17:44:03
113|05/18/04 - 11:33:32
50|05/18/04 - 11:32:31
85|05/18/04 - 11:31:57
84|05/18/04 - 11:31:33
apply|05/12/04 - 07:05:55
103|05/18/04 - 11:28:48
101|05/17/04 - 07:46:41
51|05/17/04 - 07:43:27
105|05/17/04 - 07:39:30
80|05/13/04 - 10:21:41
