Last_Visited|06/03/04 - 14:07:03
182|06/03/04 - 11:18:46
membersonly|06/03/04 - 07:58:37
144|06/03/04 - 11:18:13
106|06/03/04 - 11:17:53
7|06/03/04 - 11:17:37
2|06/03/04 - 11:17:12
179|06/03/04 - 11:16:42
185|06/03/04 - 11:16:35
186|06/03/04 - 11:16:22
187|06/03/04 - 11:16:01
officer|06/03/04 - 07:35:43
183|06/02/04 - 21:28:01
complaints|06/02/04 - 14:42:35
178|06/02/04 - 13:57:52
92|06/02/04 - 13:28:29
epic|06/02/04 - 13:16:17
71|05/21/04 - 13:06:51
17|05/26/04 - 11:06:39
63|05/31/04 - 23:51:51
175|06/01/04 - 08:21:18
37|06/01/04 - 21:16:24
87|06/02/04 - 07:36:23
181|06/02/04 - 10:48:59
5|06/02/04 - 13:16:17
trade|06/02/04 - 07:21:55
180|06/02/04 - 07:21:55
raid|06/02/04 - 12:02:01
103|05/14/04 - 06:29:15
117|05/20/04 - 06:20:23
48|05/25/04 - 07:19:52
147|05/26/04 - 06:09:53
150|05/26/04 - 08:18:54
151|05/26/04 - 08:27:56
149|05/28/04 - 07:21:33
165|05/30/04 - 23:00:08
157|05/31/04 - 00:03:36
148|06/02/04 - 08:45:57
146|06/02/04 - 12:02:01
176|06/02/04 - 13:26:45
apply|06/02/04 - 08:34:19
162|06/02/04 - 13:26:36
141|06/02/04 - 13:26:31
Logged_Off|06/01/04 - 22:06:52
174|06/01/04 - 21:30:40
general|06/01/04 - 21:25:50
77|05/16/04 - 16:12:38
118|05/19/04 - 07:37:58
121|05/19/04 - 12:17:08
124|05/19/04 - 19:54:25
128|05/20/04 - 21:11:55
156|05/27/04 - 10:08:04
158|05/27/04 - 17:49:26
160|05/28/04 - 07:43:57
164|05/31/04 - 09:15:11
166|05/31/04 - 09:52:42
34|06/01/04 - 07:22:09
flag|05/31/04 - 20:56:23
170|05/30/04 - 23:48:27
172|05/31/04 - 20:55:03
173|05/31/04 - 20:56:23
84|05/12/04 - 07:05:55
169|05/30/04 - 22:03:19
168|05/31/04 - 09:40:18
177|06/01/04 - 20:02:01
79|06/01/04 - 16:58:35
86|05/12/04 - 07:12:01
123|05/20/04 - 08:40:37
131|05/22/04 - 15:55:50
133|05/23/04 - 00:38:40
104|05/24/04 - 20:21:33
134|05/25/04 - 09:01:44
143|05/26/04 - 06:59:18
139|05/26/04 - 10:05:03
152|05/26/04 - 16:39:39
145|05/28/04 - 01:45:37
167|05/30/04 - 10:27:40
161|05/30/04 - 21:53:26
130|06/01/04 - 08:27:36
171|06/01/04 - 11:28:49
163|06/01/04 - 20:24:10
