Logged_Off|06/03/04 - 07:36:09
Last_Visited|06/03/04 - 07:36:09
180|06/03/04 - 07:35:03
trade|06/02/04 - 07:21:55
general|06/01/04 - 21:25:50
182|06/03/04 - 07:29:39
membersonly|06/03/04 - 07:29:07
174|06/03/04 - 02:56:24
171|06/03/04 - 02:54:27
170|06/02/04 - 05:11:36
173|06/02/04 - 05:11:06
flag|05/31/04 - 20:56:23
169|06/02/04 - 05:10:31
176|06/02/04 - 05:10:09
apply|06/02/04 - 05:10:08
168|06/02/04 - 05:08:18
177|06/02/04 - 05:07:42
raid|05/31/04 - 00:03:36
162|06/02/04 - 05:03:06
178|06/02/04 - 05:01:58
141|06/02/04 - 04:59:32
22|06/01/04 - 03:54:32
37|06/01/04 - 03:54:06
71|06/01/04 - 03:53:51
5|06/01/04 - 03:53:06
17|06/01/04 - 03:52:29
87|06/01/04 - 03:51:56
63|06/01/04 - 03:51:15
epic|05/31/04 - 23:51:51
157|06/01/04 - 03:49:39
146|06/01/04 - 03:48:56
165|06/01/04 - 03:47:21
149|06/01/04 - 03:46:31
148|06/01/04 - 03:44:15
151|06/01/04 - 03:43:03
150|06/01/04 - 03:41:28
147|06/01/04 - 03:41:10
133|06/01/04 - 03:37:16
161|06/01/04 - 03:31:26
15|05/30/04 - 12:49:32
79|05/30/04 - 12:48:41
167|05/30/04 - 12:48:11
163|05/28/04 - 21:04:51
143|05/28/04 - 21:03:48
139|05/28/04 - 21:02:56
145|05/28/04 - 21:02:29
159|05/28/04 - 21:02:08
113|05/25/04 - 00:15:49
112|05/25/04 - 00:14:40
138|05/25/04 - 00:13:44
137|05/25/04 - 00:11:33
134|05/25/04 - 00:10:57
136|05/25/04 - 00:09:24
82|05/23/04 - 17:41:03
117|05/23/04 - 07:48:07
104|05/23/04 - 07:45:34
85|05/23/04 - 07:45:02
84|05/23/04 - 07:44:11
110|05/23/04 - 07:42:44
131|05/23/04 - 07:36:56
126|05/23/04 - 07:36:28
115|05/23/04 - 07:35:27
129|05/22/04 - 10:16:24
122|05/22/04 - 10:13:09
130|05/22/04 - 10:12:00
114|05/22/04 - 10:09:01
123|05/21/04 - 03:23:13
127|05/20/04 - 15:25:41
125|05/20/04 - 15:25:07
103|05/19/04 - 19:22:17
119|05/19/04 - 19:20:44
41|05/19/04 - 19:19:24
116|05/18/04 - 14:54:11
56|05/18/04 - 08:29:29
107|05/18/04 - 08:28:52
69|05/18/04 - 01:41:26
109|05/18/04 - 01:28:39
102|05/17/04 - 10:29:14
73|05/17/04 - 10:26:12
90|05/17/04 - 02:09:46
52|05/17/04 - 02:08:24
108|05/16/04 - 03:37:18
91|05/14/04 - 23:30:25
105|05/14/04 - 23:26:13
97|05/14/04 - 02:49:39
18|05/13/04 - 11:24:24
49|05/13/04 - 11:23:07
101|05/13/04 - 11:21:11
78|05/13/04 - 11:20:15
98|05/13/04 - 11:18:14
99|05/13/04 - 11:15:46
80|05/13/04 - 11:13:05
95|05/13/04 - 03:54:18
96|05/13/04 - 03:49:24
27|05/12/04 - 07:08:53
31|05/12/04 - 07:08:35
25|05/12/04 - 07:08:05
8|05/12/04 - 07:07:42
16|05/12/04 - 07:05:24
94|05/12/04 - 06:47:24
93|05/12/04 - 06:47:09
