Last_Visited|06/02/04 - 22:31:54
complaints|06/02/04 - 14:42:35
flag|05/31/04 - 20:56:23
epic|06/02/04 - 13:16:17
trade|06/02/04 - 07:21:55
raid|06/02/04 - 12:02:01
membersonly|06/02/04 - 22:14:04
apply|06/02/04 - 08:34:19
general|06/01/04 - 21:25:50
162|06/02/04 - 22:23:57
182|06/02/04 - 22:23:10
86|05/12/04 - 07:12:01
123|05/20/04 - 08:40:37
131|05/22/04 - 15:55:50
133|05/23/04 - 00:38:40
104|05/24/04 - 20:21:33
134|05/25/04 - 09:01:44
143|05/26/04 - 06:59:18
139|05/26/04 - 10:05:03
152|05/26/04 - 16:39:39
145|05/28/04 - 01:45:37
167|05/30/04 - 10:27:40
161|05/30/04 - 21:53:26
130|06/01/04 - 08:27:36
171|06/01/04 - 11:28:49
163|06/01/04 - 20:24:10
141|06/02/04 - 11:57:08
178|06/02/04 - 13:57:51
180|06/02/04 - 07:21:55
71|05/21/04 - 13:06:51
17|05/26/04 - 11:06:39
63|05/31/04 - 23:51:51
175|06/01/04 - 08:21:18
37|06/01/04 - 21:16:24
87|06/02/04 - 07:36:23
181|06/02/04 - 10:48:59
5|06/02/04 - 13:16:17
183|06/02/04 - 22:19:56
52|06/02/04 - 22:19:32
147|06/02/04 - 22:19:10
146|06/02/04 - 22:18:04
Logged_Off|06/02/04 - 22:14:11
