Last_Visited|06/03/04 - 11:33:55
raid|06/02/04 - 12:02:01
membersonly|06/03/04 - 07:58:37
182|06/03/04 - 11:31:38
general|06/03/04 - 10:32:24
174|06/03/04 - 11:31:01
146|06/02/04 - 12:30:47
79|06/01/04 - 21:11:11
178|06/01/04 - 21:09:55
162|06/01/04 - 21:08:47
apply|06/01/04 - 09:43:58
171|06/01/04 - 12:24:13
130|06/01/04 - 10:06:22
168|05/31/04 - 21:45:53
169|05/31/04 - 21:45:45
159|05/30/04 - 23:31:11
161|05/30/04 - 13:12:46
167|05/30/04 - 13:12:27
163|05/30/04 - 02:52:42
149|05/28/04 - 22:02:13
165|05/28/04 - 21:58:33
145|05/28/04 - 02:27:09
143|05/27/04 - 01:28:41
147|05/26/04 - 10:16:52
142|05/25/04 - 17:39:42
141|05/25/04 - 17:36:29
104|05/25/04 - 06:42:26
139|05/25/04 - 06:42:17
137|05/24/04 - 22:57:27
136|05/24/04 - 14:36:12
134|05/24/04 - 14:35:56
116|05/24/04 - 00:52:15
115|05/24/04 - 00:47:13
114|05/24/04 - 00:46:24
126|05/24/04 - 00:46:12
131|05/24/04 - 00:46:04
44|05/24/04 - 00:45:30
85|05/24/04 - 00:44:31
84|05/24/04 - 00:44:00
133|05/24/04 - 00:42:12
73|05/24/04 - 00:41:09
123|05/24/04 - 00:40:50
48|05/24/04 - 00:40:03
122|05/24/04 - 00:36:04
129|05/22/04 - 20:48:26
113|05/22/04 - 03:19:16
127|05/20/04 - 23:02:05
117|05/20/04 - 14:34:32
125|05/20/04 - 07:47:52
41|05/19/04 - 02:48:43
119|05/19/04 - 02:44:04
67|05/18/04 - 01:45:12
epic|05/12/04 - 06:55:20
17|05/18/04 - 01:40:38
90|05/18/04 - 01:40:00
89|05/18/04 - 01:37:26
109|05/18/04 - 01:29:43
110|05/17/04 - 12:29:27
112|05/17/04 - 12:29:13
108|05/17/04 - 03:32:02
105|05/16/04 - 17:32:40
107|05/16/04 - 03:29:08
103|05/15/04 - 09:38:04
78|05/15/04 - 09:37:26
96|05/14/04 - 12:18:30
99|05/14/04 - 12:17:24
102|05/14/04 - 12:16:57
101|05/13/04 - 21:48:03
80|05/13/04 - 21:47:28
86|05/13/04 - 11:10:53
100|05/13/04 - 10:52:52
98|05/13/04 - 10:49:12
97|05/12/04 - 11:55:28
94|05/12/04 - 11:48:43
91|05/12/04 - 11:40:28
