Last_Visited|05/26/04 - 14:58:42
152|05/26/04 - 14:57:25
membersonly|05/26/04 - 10:05:03
15|05/23/04 - 09:19:48
44|05/23/04 - 09:19:29
flag|05/06/04 - 06:03:34
117|05/23/04 - 09:11:33
48|05/23/04 - 09:11:24
raid|05/21/04 - 14:05:05
133|05/23/04 - 09:10:55
104|05/23/04 - 09:09:32
126|05/23/04 - 09:08:45
general|05/18/04 - 12:03:55
127|05/21/04 - 17:14:03
122|05/21/04 - 17:13:24
115|05/21/04 - 17:13:17
103|05/15/04 - 22:00:40
apply|05/12/04 - 07:05:55
107|05/15/04 - 21:59:30
17|05/12/04 - 15:03:18
epic|05/12/04 - 06:55:20
13|05/12/04 - 15:02:40
72|05/12/04 - 15:01:33
95|05/12/04 - 15:01:19
91|05/12/04 - 15:01:14
79|05/12/04 - 15:00:38
97|05/12/04 - 14:57:29
78|05/09/04 - 22:51:28
67|05/08/04 - 10:31:25
40|05/08/04 - 10:30:40
41|05/07/04 - 18:16:10
