171|06/03/04 - 11:24:55
Last_Visited|06/03/04 - 11:24:55
182|06/03/04 - 11:20:50
membersonly|06/03/04 - 07:58:37
162|06/03/04 - 00:49:38
178|06/03/04 - 00:48:17
174|06/01/04 - 11:31:21
general|06/01/04 - 11:18:07
raid|05/31/04 - 00:03:36
169|06/01/04 - 11:27:29
168|06/01/04 - 11:26:56
176|06/01/04 - 11:26:23
apply|06/01/04 - 09:43:58
86|05/12/04 - 07:12:01
123|05/20/04 - 08:40:37
131|05/22/04 - 15:55:50
133|05/23/04 - 00:38:40
104|05/24/04 - 20:21:33
134|05/25/04 - 09:01:44
143|05/26/04 - 06:59:18
139|05/26/04 - 10:05:03
152|05/26/04 - 16:39:39
145|05/28/04 - 01:45:37
163|05/29/04 - 07:47:14
167|05/30/04 - 10:27:40
161|05/30/04 - 21:53:26
130|06/01/04 - 08:27:36
141|06/01/04 - 11:23:55
159|05/28/04 - 00:39:15
142|05/26/04 - 11:34:44
84|05/26/04 - 00:05:40
147|05/25/04 - 23:56:09
135|05/24/04 - 23:19:41
129|05/22/04 - 18:22:57
114|05/22/04 - 01:42:27
126|05/21/04 - 11:52:36
127|05/21/04 - 11:52:19
125|05/21/04 - 11:51:21
122|05/19/04 - 17:34:18
99|05/19/04 - 09:56:50
97|05/12/04 - 10:16:17
94|05/12/04 - 21:28:19
98|05/13/04 - 10:14:11
100|05/13/04 - 10:34:28
80|05/13/04 - 17:50:41
101|05/15/04 - 00:26:20
96|05/15/04 - 07:28:13
78|05/15/04 - 07:34:31
107|05/15/04 - 12:22:04
105|05/16/04 - 16:12:56
108|05/16/04 - 17:54:50
51|05/17/04 - 10:17:29
116|05/18/04 - 09:17:57
115|05/18/04 - 11:27:58
109|05/18/04 - 19:25:20
119|05/18/04 - 21:27:26
41|05/19/04 - 02:30:56
73|05/19/04 - 03:07:58
71|05/17/04 - 02:25:06
17|05/17/04 - 02:24:08
90|05/17/04 - 02:23:41
epic|05/12/04 - 06:55:20
103|05/15/04 - 12:19:18
