Logged_Off|05/21/04 - 13:02:55
Last_Visited|05/21/04 - 13:02:55
78|05/21/04 - 12:53:29
membersonly|05/21/04 - 10:59:43
116|05/21/04 - 11:13:08
119|05/21/04 - 11:10:32
108|05/16/04 - 19:34:04
109|05/16/04 - 19:33:40
86|05/16/04 - 19:33:17
97|05/16/04 - 19:32:13
16|05/16/04 - 19:30:40
93|05/16/04 - 19:29:24
49|05/15/04 - 07:35:34
52|05/15/04 - 07:35:21
raid|05/14/04 - 06:29:15
41|05/15/04 - 07:28:37
96|05/15/04 - 07:28:14
99|05/15/04 - 07:22:56
21|05/01/04 - 22:43:40
3|05/01/04 - 22:42:57
10|05/01/04 - 22:42:37
11|05/01/04 - 22:41:40
13|05/01/04 - 22:41:05
19|05/01/04 - 22:40:25
32|05/01/04 - 22:40:07
general|05/01/04 - 19:18:01
