Last_Visited|
73|05/07/04 - 07:35:57
66|05/07/04 - 07:16:29
apply|05/07/04 - 06:13:55
epic|05/07/04 - 01:14:34
general|05/07/04 - 01:05:25
74|05/07/04 - 03:49:27
membersonly|05/07/04 - 03:48:44
trade|05/06/04 - 01:41:49
48|05/07/04 - 01:02:26
raid|05/06/04 - 22:21:17
47|05/07/04 - 00:56:04
67|05/07/04 - 00:55:24
69|05/07/04 - 00:54:54
65|05/07/04 - 00:53:57
72|05/07/04 - 00:53:03
52|05/06/04 - 00:21:08
49|05/06/04 - 00:20:51
45|05/06/04 - 00:19:11
36|05/06/04 - 00:18:45
8|05/06/04 - 00:15:52
60|05/06/04 - 00:14:46
57|05/06/04 - 00:13:43
56|05/06/04 - 00:12:47
61|05/06/04 - 00:12:28
55|05/05/04 - 19:08:55
58|05/05/04 - 19:08:05
21|05/05/04 - 01:19:49
41|05/05/04 - 01:17:13
50|05/04/04 - 13:30:03
51|05/04/04 - 13:29:12
31|05/04/04 - 07:48:23
33|05/04/04 - 07:47:35
32|05/04/04 - 07:47:09
43|05/04/04 - 07:45:45
1|05/04/04 - 07:43:50
46|05/04/04 - 07:43:50
35|05/04/04 - 07:41:25
