133|05/23/04 - 23:30:28
Last_Visited|05/23/04 - 23:30:28
104|05/23/04 - 23:17:56
membersonly|05/23/04 - 17:30:41
48|05/23/04 - 23:16:34
raid|05/23/04 - 17:23:07
126|05/22/04 - 13:31:25
130|05/22/04 - 13:31:13
114|05/22/04 - 13:31:02
15|05/21/04 - 06:24:44
18|05/21/04 - 06:24:18
flag|05/06/04 - 06:03:34
trade|05/10/04 - 09:01:39
71|05/21/04 - 06:23:30
epic|05/20/04 - 12:51:30
127|05/21/04 - 06:21:50
115|05/21/04 - 06:20:31
122|05/21/04 - 06:19:51
41|05/19/04 - 02:31:11
109|05/19/04 - 02:14:33
73|05/19/04 - 02:05:25
119|05/19/04 - 02:03:42
117|05/19/04 - 01:57:52
Logged_Off|05/17/04 - 14:40:07
53|05/17/04 - 14:23:31
62|05/17/04 - 14:22:55
52|05/17/04 - 14:19:33
103|05/17/04 - 14:18:56
93|05/17/04 - 14:17:43
112|05/17/04 - 14:16:57
general|05/17/04 - 11:32:39
