146|06/02/04 - 09:15:29
Last_Visited|06/02/04 - 09:15:29
raid|06/02/04 - 08:45:57
membersonly|06/02/04 - 09:08:53
162|06/02/04 - 09:09:21
141|06/02/04 - 09:08:53
177|06/01/04 - 22:44:03
apply|06/01/04 - 20:02:01
176|06/01/04 - 22:43:38
174|06/01/04 - 22:41:00
general|06/01/04 - 21:25:50
171|06/01/04 - 22:27:33
178|06/01/04 - 22:25:28
157|06/01/04 - 22:24:15
165|05/31/04 - 09:51:52
161|05/30/04 - 12:41:35
163|05/28/04 - 10:46:02
149|05/28/04 - 08:36:33
145|05/28/04 - 08:34:03
159|05/28/04 - 08:28:13
139|05/27/04 - 10:46:02
148|05/27/04 - 10:44:41
44|05/26/04 - 11:54:43
142|05/26/04 - 11:50:33
152|05/26/04 - 11:48:31
150|05/26/04 - 11:45:14
147|05/26/04 - 11:44:44
138|05/24/04 - 12:48:55
117|05/24/04 - 12:45:54
126|05/24/04 - 12:45:38
133|05/24/04 - 12:45:27
104|05/24/04 - 12:44:49
