Logged_Off|06/03/04 - 07:27:18
Last_Visited|06/03/04 - 07:27:18
membersonly|06/03/04 - 06:59:29
161|06/03/04 - 07:24:18
141|06/03/04 - 06:50:32
178|06/03/04 - 06:24:02
182|06/03/04 - 06:16:16
167|05/30/04 - 05:00:42
162|05/30/04 - 05:00:14
146|05/29/04 - 16:36:06
165|05/29/04 - 16:34:26
raid|05/29/04 - 15:23:18
163|05/29/04 - 16:29:23
145|05/28/04 - 04:00:19
48|05/25/04 - 16:43:09
142|05/25/04 - 16:41:53
143|05/25/04 - 16:40:43
139|05/25/04 - 05:33:55
104|05/24/04 - 03:54:06
133|05/23/04 - 13:05:50
114|05/22/04 - 05:37:20
122|05/21/04 - 04:29:48
115|05/21/04 - 04:28:55
119|05/19/04 - 04:25:16
general|05/18/04 - 12:03:55
41|05/19/04 - 04:15:04
73|05/19/04 - 04:12:47
109|05/18/04 - 05:48:04
116|05/18/04 - 05:46:24
108|05/17/04 - 09:05:42
107|05/17/04 - 09:04:03
112|05/17/04 - 08:58:55
110|05/17/04 - 08:57:43
96|05/14/04 - 18:05:44
99|05/14/04 - 18:04:51
105|05/14/04 - 18:00:49
102|05/14/04 - 17:59:11
78|05/13/04 - 04:33:28
79|05/13/04 - 04:22:11
