182|06/02/04 - 18:25:08
Last_Visited|06/02/04 - 18:25:08
178|06/02/04 - 18:24:18
membersonly|06/02/04 - 14:38:16
179|06/02/04 - 18:23:09
officer|06/02/04 - 00:14:15
92|06/01/04 - 17:33:25
34|06/01/04 - 17:33:03
166|06/01/04 - 17:32:57
174|06/01/04 - 17:32:06
general|06/01/04 - 16:58:35
167|05/30/04 - 10:27:41
raid|05/29/04 - 17:34:55
63|05/30/04 - 03:28:47
epic|05/28/04 - 02:32:49
157|05/29/04 - 04:36:59
149|05/29/04 - 04:36:18
161|05/29/04 - 04:34:51
162|05/29/04 - 04:34:40
160|05/29/04 - 04:33:56
156|05/29/04 - 04:33:35
164|05/29/04 - 04:32:31
144|05/27/04 - 13:59:30
18|05/25/04 - 10:54:40
17|05/25/04 - 10:54:07
130|05/25/04 - 10:53:35
139|05/25/04 - 10:53:14
132|05/25/04 - 10:48:49
121|05/21/04 - 13:58:33
117|05/21/04 - 13:55:26
103|05/21/04 - 13:54:55
111|05/19/04 - 02:33:37
73|05/19/04 - 02:31:38
119|05/19/04 - 02:30:20
114|05/19/04 - 02:28:45
76|05/16/04 - 11:25:42
77|05/16/04 - 11:23:51
106|05/16/04 - 11:23:26
48|05/12/04 - 09:27:20
