Logged_Off|05/27/04 - 09:02:57
Last_Visited|05/27/04 - 09:02:57
151|05/27/04 - 08:53:34
148|05/27/04 - 08:52:19
raid|05/27/04 - 08:02:53
membersonly|05/26/04 - 16:39:39
apply|05/12/04 - 07:05:55
59|05/26/04 - 11:09:44
53|05/26/04 - 11:09:30
trade|05/09/04 - 23:56:27
133|05/26/04 - 11:08:13
142|05/26/04 - 11:02:05
139|05/26/04 - 11:00:18
145|05/26/04 - 10:57:36
152|05/26/04 - 10:56:01
141|05/26/04 - 10:52:02
126|05/23/04 - 21:09:47
122|05/23/04 - 21:08:13
general|05/18/04 - 12:03:55
119|05/18/04 - 22:17:56
45|05/17/04 - 00:08:09
67|05/17/04 - 00:07:50
93|05/17/04 - 00:07:30
94|05/17/04 - 00:02:51
80|05/17/04 - 00:01:03
99|05/16/04 - 23:55:57
