146|06/01/04 - 10:40:58
Last_Visited|06/01/04 - 10:40:58
165|06/01/04 - 10:40:10
raid|05/31/04 - 00:03:36
168|06/01/04 - 10:39:41
apply|06/01/04 - 09:43:58
membersonly|06/01/04 - 08:27:36
130|06/01/04 - 10:38:17
141|06/01/04 - 10:21:12
171|06/01/04 - 10:18:12
161|06/01/04 - 10:17:55
167|06/01/04 - 10:16:25
162|06/01/04 - 10:16:13
163|06/01/04 - 10:15:21
general|06/01/04 - 07:22:27
79|05/12/04 - 11:59:07
174|06/01/04 - 07:22:27
103|05/14/04 - 06:29:15
117|05/20/04 - 06:20:23
48|05/25/04 - 07:19:52
147|05/26/04 - 06:09:53
150|05/26/04 - 08:18:54
151|05/26/04 - 08:27:56
148|05/28/04 - 01:37:33
149|05/28/04 - 07:21:33
157|05/28/04 - 08:14:23
86|05/12/04 - 07:12:01
123|05/20/04 - 08:40:37
131|05/22/04 - 15:55:50
133|05/23/04 - 00:38:40
104|05/24/04 - 20:21:33
134|05/25/04 - 09:01:44
143|05/26/04 - 06:59:18
139|05/26/04 - 10:05:03
152|05/26/04 - 16:39:39
145|05/28/04 - 01:45:37
159|05/28/04 - 09:39:06
84|05/21/04 - 11:12:49
114|05/21/04 - 11:12:19
127|05/21/04 - 11:12:07
115|05/21/04 - 11:11:41
126|05/21/04 - 08:17:22
122|05/21/04 - 08:17:01
51|05/17/04 - 10:44:12
73|05/17/04 - 10:08:05
