Logged_Off|06/03/04 - 00:26:41
Last_Visited|06/03/04 - 00:26:41
membersonly|06/02/04 - 09:08:53
174|06/02/04 - 10:27:48
general|06/01/04 - 21:25:50
179|06/02/04 - 10:19:42
officer|06/02/04 - 00:14:15
166|06/02/04 - 00:32:53
160|06/02/04 - 00:32:44
164|06/02/04 - 00:32:01
123|06/02/04 - 00:31:17
86|06/02/04 - 00:31:13
raid|05/31/04 - 00:03:36
epic|06/01/04 - 21:16:24
141|06/02/04 - 00:28:02
178|06/02/04 - 00:19:36
106|06/01/04 - 23:49:26
92|06/01/04 - 23:48:58
34|06/01/04 - 08:12:57
37|06/01/04 - 08:12:28
175|06/01/04 - 08:12:19
63|06/01/04 - 08:10:16
157|06/01/04 - 08:08:56
52|06/01/04 - 08:08:40
130|06/01/04 - 08:06:55
168|06/01/04 - 08:06:09
169|06/01/04 - 08:06:05
apply|05/31/04 - 09:40:18
171|05/31/04 - 10:05:48
159|05/31/04 - 09:54:28
161|05/31/04 - 09:53:39
162|05/31/04 - 09:42:40
167|05/31/04 - 09:41:17
163|05/29/04 - 19:35:15
165|05/28/04 - 15:45:13
146|05/26/04 - 21:59:54
148|05/26/04 - 21:56:07
145|05/26/04 - 21:55:51
128|05/26/04 - 21:55:27
152|05/26/04 - 10:22:37
139|05/26/04 - 10:20:38
142|05/26/04 - 10:14:27
132|05/25/04 - 16:35:27
144|05/25/04 - 16:34:50
59|05/25/04 - 16:34:34
140|05/25/04 - 16:33:24
48|05/25/04 - 16:32:27
103|05/25/04 - 16:32:07
117|05/25/04 - 16:23:40
49|05/25/04 - 16:23:28
143|05/25/04 - 16:22:10
135|05/25/04 - 16:21:11
67|05/25/04 - 08:47:47
45|05/25/04 - 08:47:36
74|05/25/04 - 08:47:23
61|05/25/04 - 08:47:14
75|05/25/04 - 08:46:45
56|05/25/04 - 08:46:28
47|05/25/04 - 08:45:49
42|05/25/04 - 08:45:32
58|05/25/04 - 08:45:20
57|05/25/04 - 08:45:13
60|05/25/04 - 08:45:05
35|05/25/04 - 08:44:51
24|05/25/04 - 08:43:49
27|05/25/04 - 08:43:31
31|05/25/04 - 08:43:23
36|05/25/04 - 08:43:14
12|05/25/04 - 08:42:53
25|05/25/04 - 08:42:45
23|05/25/04 - 08:42:30
6|05/25/04 - 08:42:16
8|05/25/04 - 08:42:08
16|05/25/04 - 08:41:59
14|05/25/04 - 08:41:50
4|05/25/04 - 08:41:42
93|05/25/04 - 08:41:29
97|05/25/04 - 08:41:14
94|05/25/04 - 08:37:23
98|05/25/04 - 08:37:08
100|05/25/04 - 08:36:53
80|05/25/04 - 08:36:34
101|05/25/04 - 08:36:23
99|05/25/04 - 08:35:59
96|05/25/04 - 08:35:42
78|05/25/04 - 08:34:14
107|05/25/04 - 08:33:35
105|05/25/04 - 08:33:09
122|05/25/04 - 08:32:53
51|05/25/04 - 08:32:33
116|05/25/04 - 08:32:18
41|05/25/04 - 08:31:11
115|05/25/04 - 08:30:56
114|05/25/04 - 08:30:40
126|05/25/04 - 08:30:25
136|05/25/04 - 08:30:13
109|05/25/04 - 08:30:03
119|05/25/04 - 08:25:31
127|05/25/04 - 08:25:08
108|05/25/04 - 08:24:43
73|05/25/04 - 08:24:19
125|05/25/04 - 08:23:58
137|05/25/04 - 08:23:38
76|05/25/04 - 08:20:23
120|05/25/04 - 08:16:20
38|05/25/04 - 08:15:59
111|05/25/04 - 08:15:39
28|05/25/04 - 08:15:29
69|05/25/04 - 08:14:41
1|05/25/04 - 08:14:31
65|05/25/04 - 08:14:18
66|05/25/04 - 08:14:07
85|05/25/04 - 08:13:57
113|05/25/04 - 08:13:35
79|05/25/04 - 08:13:02
112|05/25/04 - 08:12:53
138|05/25/04 - 08:12:38
102|05/25/04 - 08:12:31
110|05/25/04 - 08:12:21
95|05/25/04 - 08:12:08
91|05/25/04 - 08:11:39
82|05/25/04 - 08:11:24
72|05/25/04 - 08:11:15
68|05/25/04 - 08:11:06
64|05/25/04 - 08:10:54
40|05/25/04 - 08:10:39
55|05/25/04 - 08:10:31
32|05/25/04 - 08:10:22
43|05/25/04 - 08:10:11
33|05/25/04 - 08:09:54
19|05/25/04 - 08:09:19
13|05/25/04 - 08:09:00
11|05/25/04 - 08:08:42
10|05/25/04 - 08:08:29
3|05/25/04 - 08:08:17
104|05/24/04 - 17:07:12
87|05/24/04 - 07:50:34
70|05/24/04 - 07:50:03
124|05/20/04 - 09:05:02
118|05/18/04 - 15:43:46
26|05/16/04 - 23:57:17
84|05/14/04 - 07:01:18
77|05/12/04 - 07:57:47
