182|06/03/04 - 01:33:35
Last_Visited|06/03/04 - 01:33:35
membersonly|06/03/04 - 00:55:59
174|06/03/04 - 01:33:25
general|06/01/04 - 21:25:50
175|06/02/04 - 16:00:49
87|06/02/04 - 15:59:21
181|06/02/04 - 15:59:03
5|06/02/04 - 15:58:49
epic|06/02/04 - 13:16:17
44|06/02/04 - 15:58:34
flag|05/31/04 - 20:56:23
183|06/02/04 - 15:58:10
complaints|06/02/04 - 14:42:35
139|06/02/04 - 15:57:39
raid|05/31/04 - 00:03:36
170|06/02/04 - 03:18:10
171|06/02/04 - 03:17:30
162|06/02/04 - 03:17:19
163|06/02/04 - 03:17:08
178|06/02/04 - 03:16:01
141|06/02/04 - 03:14:34
147|06/01/04 - 18:39:47
150|06/01/04 - 18:38:51
146|06/01/04 - 18:38:14
79|06/01/04 - 18:07:08
165|05/31/04 - 13:28:10
159|05/31/04 - 01:54:22
167|05/31/04 - 01:53:40
161|05/31/04 - 01:53:30
149|05/28/04 - 17:21:42
157|05/28/04 - 17:21:33
50|05/28/04 - 17:20:22
84|05/28/04 - 17:20:00
apply|05/12/04 - 07:05:55
145|05/28/04 - 17:19:28
148|05/28/04 - 01:39:58
143|05/27/04 - 15:57:57
152|05/26/04 - 14:18:35
142|05/26/04 - 04:52:46
138|05/25/04 - 05:50:03
113|05/25/04 - 05:49:46
136|05/25/04 - 05:49:23
104|05/25/04 - 05:42:51
137|05/24/04 - 13:22:40
52|05/24/04 - 04:36:30
117|05/24/04 - 04:32:18
15|05/24/04 - 04:31:22
85|05/24/04 - 01:29:24
125|05/23/04 - 16:39:01
133|05/23/04 - 16:36:18
130|05/23/04 - 03:10:10
131|05/22/04 - 22:26:43
114|05/22/04 - 02:23:55
126|05/21/04 - 17:12:00
122|05/21/04 - 17:11:48
127|05/21/04 - 17:11:36
115|05/21/04 - 15:49:59
123|05/20/04 - 01:40:44
73|05/19/04 - 05:49:52
119|05/19/04 - 02:59:34
41|05/19/04 - 02:58:47
36|05/18/04 - 20:55:30
116|05/18/04 - 20:54:44
17|05/18/04 - 20:45:54
90|05/18/04 - 20:45:43
19|05/18/04 - 12:40:08
89|05/18/04 - 12:38:51
103|05/18/04 - 07:08:38
95|05/18/04 - 07:06:51
112|05/18/04 - 07:06:36
110|05/17/04 - 18:06:15
109|05/17/04 - 17:55:21
107|05/17/04 - 17:40:20
108|05/17/04 - 01:38:28
102|05/16/04 - 15:56:51
45|05/16/04 - 04:48:03
6|05/16/04 - 04:47:53
16|05/16/04 - 04:46:28
12|05/16/04 - 04:36:43
105|05/16/04 - 04:35:30
57|05/14/04 - 05:37:41
8|05/14/04 - 05:37:01
96|05/14/04 - 04:24:58
80|05/14/04 - 01:50:42
94|05/12/04 - 15:01:07
67|05/12/04 - 12:58:57
97|05/12/04 - 12:57:06
