Last_Visited|06/03/04 - 02:56:08
membersonly|06/03/04 - 00:55:59
182|06/03/04 - 02:53:01
184|06/03/04 - 02:52:42
epic|06/02/04 - 23:33:51
5|06/03/04 - 02:51:33
183|06/03/04 - 02:51:15
complaints|06/03/04 - 02:26:47
174|06/02/04 - 22:14:36
general|06/01/04 - 21:25:50
176|06/02/04 - 19:10:41
apply|06/02/04 - 08:34:19
178|06/02/04 - 19:09:36
raid|06/02/04 - 12:02:01
trade|06/02/04 - 07:21:55
180|06/02/04 - 19:09:01
181|06/02/04 - 19:08:23
87|06/02/04 - 19:07:59
141|06/02/04 - 04:28:48
177|06/01/04 - 21:21:47
168|06/01/04 - 21:21:05
163|06/01/04 - 21:19:04
171|06/01/04 - 21:18:04
130|06/01/04 - 21:17:25
175|06/01/04 - 21:16:39
37|06/01/04 - 21:16:24
63|06/01/04 - 21:13:26
169|05/31/04 - 21:04:05
167|05/31/04 - 21:01:41
157|05/31/04 - 21:00:04
146|05/31/04 - 20:58:01
148|05/31/04 - 20:57:51
flag|05/31/04 - 20:56:23
173|05/31/04 - 20:56:23
44|05/31/04 - 20:55:13
172|05/31/04 - 20:55:04
170|05/31/04 - 20:54:06
165|05/30/04 - 01:04:23
159|05/30/04 - 01:03:30
161|05/30/04 - 01:03:13
162|05/28/04 - 22:05:54
145|05/28/04 - 07:24:33
149|05/28/04 - 07:22:20
151|05/26/04 - 16:17:57
150|05/26/04 - 16:17:09
147|05/26/04 - 16:16:07
143|05/26/04 - 16:15:33
139|05/26/04 - 16:13:54
152|05/26/04 - 16:12:32
17|05/26/04 - 15:38:46
84|05/26/04 - 15:38:20
140|05/25/04 - 13:47:22
48|05/25/04 - 13:45:38
142|05/25/04 - 13:44:35
135|05/25/04 - 13:44:13
79|05/25/04 - 13:43:40
137|05/24/04 - 18:15:33
134|05/24/04 - 18:15:19
138|05/24/04 - 18:14:08
104|05/23/04 - 20:29:24
133|05/23/04 - 17:25:18
131|05/23/04 - 17:25:01
126|05/23/04 - 17:24:43
114|05/23/04 - 17:23:38
71|05/23/04 - 17:21:19
115|05/21/04 - 09:30:03
122|05/21/04 - 09:29:15
127|05/21/04 - 09:28:54
123|05/21/04 - 09:28:38
125|05/21/04 - 09:27:43
117|05/21/04 - 09:27:08
90|05/21/04 - 09:26:31
113|05/19/04 - 00:43:39
112|05/19/04 - 00:43:29
110|05/19/04 - 00:43:04
119|05/19/04 - 00:41:11
103|05/19/04 - 00:39:11
102|05/17/04 - 22:53:41
41|05/17/04 - 22:52:22
108|05/16/04 - 17:54:50
107|05/15/04 - 14:32:21
105|05/15/04 - 14:32:00
99|05/15/04 - 03:55:34
96|05/14/04 - 17:09:56
100|05/13/04 - 17:51:04
80|05/13/04 - 17:50:41
98|05/13/04 - 17:46:18
52|05/12/04 - 20:01:32
94|05/12/04 - 17:17:53
85|05/12/04 - 17:16:41
