182|06/03/04 - 12:03:58
Last_Visited|06/03/04 - 12:03:58
membersonly|06/03/04 - 07:58:37
general|06/03/04 - 10:32:24
147|06/03/04 - 10:37:34
148|06/03/04 - 10:37:17
146|06/03/04 - 10:35:48
raid|06/02/04 - 12:02:01
163|06/03/04 - 10:35:27
162|06/03/04 - 10:34:11
178|06/03/04 - 10:33:57
174|06/03/04 - 10:32:24
48|05/23/04 - 22:54:01
104|05/23/04 - 22:53:19
133|05/23/04 - 09:17:48
130|05/22/04 - 13:00:59
126|05/22/04 - 13:00:11
115|05/21/04 - 10:11:58
117|05/20/04 - 22:07:55
122|05/20/04 - 22:07:30
123|05/20/04 - 22:07:25
127|05/20/04 - 22:07:16
125|05/20/04 - 11:30:52
114|05/19/04 - 07:39:57
116|05/18/04 - 11:16:24
109|05/18/04 - 00:28:20
73|05/18/04 - 00:26:18
110|05/18/04 - 00:25:38
113|05/18/04 - 00:25:30
108|05/16/04 - 09:03:48
103|05/16/04 - 00:15:38
107|05/16/04 - 00:14:28
105|05/16/04 - 00:09:26
51|05/16/04 - 00:08:26
96|05/14/04 - 09:18:51
99|05/14/04 - 09:17:12
101|05/13/04 - 16:31:23
79|05/13/04 - 09:02:42
69|05/12/04 - 01:46:49
1|05/12/04 - 01:46:21
65|05/12/04 - 01:46:06
66|05/12/04 - 01:44:57
84|05/12/04 - 01:44:33
85|05/12/04 - 01:44:02
95|05/12/04 - 01:43:01
93|05/12/04 - 01:42:45
94|05/12/04 - 01:42:24
