Last_Visited|
membersonly|05/25/04 - 08:24:48
139|05/25/04 - 08:37:46
141|05/25/04 - 08:35:53
general|05/12/04 - 11:59:07
epic|05/21/04 - 13:06:51
apply|05/24/04 - 06:18:31
135|05/24/04 - 08:51:49
133|05/24/04 - 08:51:18
104|05/24/04 - 08:51:00
136|05/24/04 - 08:50:29
125|05/24/04 - 08:50:12
127|05/21/04 - 08:45:45
115|05/21/04 - 08:45:13
85|05/20/04 - 09:03:34
84|05/20/04 - 09:03:07
126|05/20/04 - 09:00:22
123|05/20/04 - 08:59:37
11|05/20/04 - 08:58:17
110|05/20/04 - 08:57:25
95|05/14/04 - 08:24:50
79|05/14/04 - 08:24:30
67|05/10/04 - 09:10:27
75|05/10/04 - 09:10:11
78|05/10/04 - 09:09:36
86|05/10/04 - 09:08:59
64|05/07/04 - 08:26:21
68|05/07/04 - 08:26:14
72|05/07/04 - 08:25:14
