Last_Visited|06/03/04 - 13:33:27
188|06/03/04 - 10:43:05
complaints|06/03/04 - 07:44:16
membersonly|06/03/04 - 07:58:37
182|06/03/04 - 10:40:54
174|06/03/04 - 10:40:13
general|06/03/04 - 10:32:24
raid|06/02/04 - 12:02:01
146|06/03/04 - 07:34:21
trade|06/02/04 - 07:21:55
141|06/03/04 - 07:33:44
apply|06/02/04 - 08:34:19
5|06/03/04 - 07:20:51
epic|06/02/04 - 23:33:51
184|06/03/04 - 07:20:25
181|06/03/04 - 07:20:20
178|06/03/04 - 07:18:44
183|06/03/04 - 07:17:49
148|06/02/04 - 08:45:57
149|06/02/04 - 08:40:20
145|06/02/04 - 08:37:19
84|06/02/04 - 08:35:31
168|06/02/04 - 08:34:53
176|06/02/04 - 08:34:20
15|06/02/04 - 08:21:13
flag|05/31/04 - 20:56:23
173|06/02/04 - 08:05:36
22|06/02/04 - 08:02:16
71|06/02/04 - 08:01:42
17|06/02/04 - 07:39:41
63|06/02/04 - 07:38:23
175|06/02/04 - 07:37:10
87|06/02/04 - 07:36:24
37|06/02/04 - 07:26:49
53|06/02/04 - 07:25:38
54|06/02/04 - 07:24:52
59|06/02/04 - 07:24:26
62|06/02/04 - 07:23:51
88|06/02/04 - 07:23:40
180|06/02/04 - 07:23:17
165|06/02/04 - 07:11:58
157|06/02/04 - 07:05:29
104|06/02/04 - 06:42:42
123|06/02/04 - 06:27:09
133|06/02/04 - 06:26:47
86|06/02/04 - 06:25:13
139|06/02/04 - 06:25:00
131|06/02/04 - 06:22:56
161|06/02/04 - 06:16:22
130|06/02/04 - 06:14:32
171|06/02/04 - 06:11:51
162|06/02/04 - 06:10:50
163|06/02/04 - 06:01:55
79|06/02/04 - 05:21:21
169|06/02/04 - 03:10:27
177|06/02/04 - 03:09:18
