174|06/02/04 - 16:03:24
Last_Visited|06/02/04 - 16:03:24
general|06/01/04 - 21:25:50
183|06/02/04 - 16:03:14
complaints|06/02/04 - 14:42:35
79|06/01/04 - 21:15:49
165|06/01/04 - 10:40:48
146|06/01/04 - 10:38:08
raid|05/31/04 - 00:03:36
171|06/01/04 - 10:27:04
141|06/01/04 - 10:25:00
membersonly|06/01/04 - 08:27:36
167|05/30/04 - 22:49:36
44|05/29/04 - 14:09:05
145|05/29/04 - 14:06:24
162|05/29/04 - 13:00:34
84|05/28/04 - 23:44:15
50|05/28/04 - 23:43:30
apply|05/12/04 - 07:05:55
149|05/28/04 - 23:40:56
143|05/28/04 - 23:37:16
139|05/28/04 - 23:34:22
161|05/28/04 - 23:33:24
163|05/28/04 - 23:29:54
159|05/28/04 - 07:23:55
157|05/28/04 - 07:23:13
148|05/28/04 - 07:22:28
126|05/22/04 - 20:11:00
122|05/22/04 - 20:10:50
114|05/22/04 - 20:10:37
104|05/22/04 - 20:10:17
131|05/22/04 - 20:09:59
130|05/22/04 - 20:09:37
78|05/21/04 - 15:19:57
102|05/18/04 - 20:26:44
112|05/18/04 - 20:26:11
113|05/18/04 - 20:26:04
119|05/18/04 - 20:14:18
107|05/17/04 - 05:15:02
109|05/17/04 - 05:14:42
108|05/17/04 - 05:13:41
49|05/14/04 - 21:20:03
52|05/14/04 - 21:19:57
17|05/14/04 - 19:17:07
90|05/14/04 - 19:16:51
epic|05/12/04 - 06:55:20
103|05/14/04 - 19:16:11
100|05/14/04 - 19:14:34
98|05/14/04 - 19:14:16
41|05/14/04 - 19:11:15
105|05/14/04 - 19:08:45
101|05/14/04 - 19:08:20
96|05/14/04 - 19:07:13
99|05/14/04 - 19:07:09
94|05/11/04 - 10:54:01
86|05/11/04 - 10:50:20
93|05/11/04 - 10:50:08
