174|06/02/04 - 10:47:02
Last_Visited|06/02/04 - 10:47:02
general|06/01/04 - 21:25:50
membersonly|06/02/04 - 09:08:53
162|06/02/04 - 10:44:07
178|06/02/04 - 10:42:49
141|06/02/04 - 10:36:41
123|06/02/04 - 10:36:23
flag|05/31/04 - 20:56:23
epic|06/02/04 - 07:51:52
48|06/02/04 - 10:34:32
raid|06/02/04 - 08:45:57
161|05/31/04 - 19:07:12
86|05/28/04 - 17:13:32
104|05/28/04 - 17:07:09
163|05/28/04 - 17:04:29
139|05/28/04 - 17:01:27
145|05/28/04 - 16:57:38
50|05/28/04 - 16:54:29
84|05/28/04 - 16:53:58
apply|05/12/04 - 07:05:55
79|05/28/04 - 16:52:42
