Last_Visited|05/27/04 - 00:17:29
membersonly|05/26/04 - 16:39:39
115|05/21/04 - 03:56:32
general|05/18/04 - 12:03:55
25|05/21/04 - 03:52:20
58|05/21/04 - 03:51:51
100|05/21/04 - 03:51:10
67|05/21/04 - 03:20:39
97|05/21/04 - 03:19:23
119|05/21/04 - 03:18:16
114|05/21/04 - 03:17:14
126|05/21/04 - 03:16:19
123|05/21/04 - 03:15:33
127|05/21/04 - 03:15:10
122|05/21/04 - 03:14:13
103|05/17/04 - 11:26:35
raid|05/14/04 - 06:29:15
56|05/17/04 - 11:26:00
61|05/17/04 - 11:24:59
52|05/10/04 - 20:34:47
93|05/10/04 - 20:33:54
86|05/09/04 - 22:28:55
15|05/09/04 - 22:16:35
44|05/09/04 - 21:51:57
flag|05/06/04 - 06:03:34
14|05/09/04 - 20:59:13
12|05/09/04 - 20:57:11
45|05/09/04 - 20:55:12
41|05/09/04 - 20:54:52
78|05/07/04 - 21:48:43
