183|06/02/04 - 17:46:04
Last_Visited|06/02/04 - 17:46:04
complaints|06/02/04 - 14:42:35
162|06/02/04 - 17:45:16
178|06/02/04 - 17:44:57
182|06/02/04 - 17:44:34
membersonly|06/02/04 - 14:38:16
apply|06/02/04 - 08:34:19
general|06/01/04 - 21:25:50
epic|05/28/04 - 02:32:49
170|05/31/04 - 13:11:44
flag|05/31/04 - 13:11:27
173|05/31/04 - 13:11:27
171|05/31/04 - 13:08:06
168|05/31/04 - 13:07:46
174|05/31/04 - 13:06:29
raid|05/31/04 - 00:03:36
84|05/31/04 - 06:06:51
169|05/31/04 - 06:06:26
145|05/30/04 - 18:00:17
163|05/30/04 - 18:00:01
159|05/30/04 - 17:59:41
167|05/30/04 - 17:57:33
161|05/30/04 - 17:56:55
15|05/27/04 - 09:54:32
151|05/27/04 - 09:01:27
148|05/27/04 - 09:01:19
146|05/27/04 - 06:34:24
150|05/26/04 - 19:56:47
131|05/26/04 - 19:51:53
149|05/26/04 - 11:35:58
142|05/26/04 - 11:35:04
152|05/26/04 - 11:33:39
139|05/26/04 - 11:31:17
Logged_Off|05/26/04 - 06:10:18
147|05/26/04 - 06:09:04
87|05/25/04 - 19:06:50
48|05/25/04 - 19:06:00
143|05/25/04 - 19:04:20
50|05/25/04 - 19:02:29
141|05/25/04 - 10:42:02
79|05/25/04 - 10:40:38
134|05/25/04 - 08:01:51
114|05/25/04 - 05:56:39
130|05/25/04 - 05:56:14
133|05/25/04 - 05:55:58
136|05/24/04 - 19:40:07
137|05/24/04 - 19:39:05
138|05/24/04 - 19:38:24
126|05/23/04 - 22:37:20
129|05/21/04 - 21:39:49
117|05/21/04 - 21:39:08
113|05/21/04 - 21:38:35
115|05/21/04 - 06:15:52
122|05/20/04 - 21:23:34
71|05/20/04 - 15:26:08
127|05/20/04 - 09:07:00
123|05/20/04 - 09:01:42
119|05/20/04 - 06:41:29
93|05/11/04 - 18:30:09
86|05/12/04 - 07:12:01
97|05/12/04 - 10:16:17
94|05/12/04 - 21:28:19
98|05/13/04 - 10:14:11
100|05/13/04 - 10:34:28
80|05/13/04 - 17:50:41
104|05/14/04 - 01:25:28
101|05/15/04 - 00:26:20
99|05/15/04 - 01:49:35
96|05/15/04 - 07:28:13
78|05/15/04 - 07:34:31
107|05/15/04 - 12:22:04
105|05/16/04 - 16:12:56
108|05/16/04 - 17:54:50
51|05/17/04 - 10:17:29
41|05/17/04 - 11:11:05
73|05/17/04 - 22:57:43
109|05/18/04 - 01:28:38
116|05/18/04 - 02:59:09
91|05/11/04 - 03:12:44
95|05/11/04 - 20:02:47
102|05/13/04 - 14:08:02
110|05/17/04 - 01:57:22
112|05/17/04 - 11:32:39
49|05/14/04 - 09:01:18
52|05/14/04 - 09:01:09
103|05/14/04 - 09:00:25
85|05/11/04 - 07:00:45
