2002.01.13 12:17 A D:\website\Newsite\cgi\main.cgi --> www.erenetwork.com /public_html/newsite/cgi main.cgi
2002.01.13 12:18 A D:\website\Newsite\cgi\main.cgi --> www.erenetwork.com /public_html/newsite/cgi main.cgi
2002.01.13 12:19 A D:\website\Newsite\cgi\main.cgi --> www.erenetwork.com /public_html/newsite/cgi main.cgi
2002.01.13 12:19 A D:\website\Newsite\cgi\main.cgi --> www.erenetwork.com /public_html/newsite/cgi main.cgi
2002.01.13 12:19 A D:\website\Newsite\cgi\main.cgi --> www.erenetwork.com /public_html/newsite/cgi main.cgi
2002.01.13 12:20 A D:\website\Newsite\cgi\main.cgi --> www.erenetwork.com /public_html/newsite/cgi main.cgi
2002.01.13 12:21 A D:\website\Newsite\cgi\main.cgi --> www.erenetwork.com /public_html/newsite/cgi main.cgi
2002.01.13 12:22 A D:\website\Newsite\cgi\main.cgi --> www.erenetwork.com /public_html/newsite/cgi main.cgi
2002.01.13 12:23 A D:\website\Newsite\cgi\main.cgi --> www.erenetwork.com /public_html/homepage/cgi main.cgi
2002.01.13 12:24 A D:\website\Newsite\cgi\main.cgi --> www.erenetwork.com /public_html/homepage/cgi main.cgi
2002.01.13 12:25 A D:\website\Newsite\cgi\main.cgi --> www.erenetwork.com /public_html/homepage/cgi main.cgi
2002.01.13 12:25 A D:\website\Newsite\cgi\main.cgi --> www.erenetwork.com /public_html/homepage/cgi main.cgi
2002.01.13 12:26 A D:\website\Newsite\cgi\main.cgi --> www.erenetwork.com /public_html/homepage/cgi main.cgi
2002.01.13 12:28 A D:\website\Newsite\cgi\main.cgi --> www.erenetwork.com /public_html/homepage/cgi main.cgi
2002.01.13 12:29 A D:\website\Newsite\cgi\main.cgi --> www.erenetwork.com /public_html/homepage/cgi main.cgi
2002.01.13 12:30 A D:\website\Newsite\cgi\main.cgi --> www.erenetwork.com /public_html/homepage/cgi main.cgi
2002.01.13 12:30 A D:\website\Newsite\cgi\main.cgi --> www.erenetwork.com /public_html/homepage/cgi main.cgi
2002.01.13 12:31 A D:\website\Newsite\cgi\main.cgi --> www.erenetwork.com /public_html/homepage/cgi main.cgi
2002.01.13 12:31 A D:\website\Newsite\cgi\main.cgi --> www.erenetwork.com /public_html/homepage/cgi main.cgi
2002.01.13 12:32 A D:\website\Newsite\cgi\main.cgi --> www.erenetwork.com /public_html/homepage/cgi main.cgi
2002.01.13 12:32 A D:\website\Newsite\cgi\main.cgi --> www.erenetwork.com /public_html/homepage/cgi main.cgi
2002.01.13 12:32 A D:\website\Newsite\cgi\main.cgi --> www.erenetwork.com /public_html/homepage/cgi main.cgi
2002.01.13 12:35 A D:\website\Newsite\cgi\main.cgi --> www.erenetwork.com /public_html/homepage/cgi main.cgi
2002.01.13 12:40 A D:\website\Newsite\cgi\main.cgi --> www.erenetwork.com /public_html/homepage/cgi main.cgi
2002.01.13 12:42 A D:\website\Newsite\cgi\main.cgi --> www.erenetwork.com /public_html/homepage/cgi main.cgi
2002.01.13 12:43 A D:\website\Newsite\cgi\main.cgi --> www.erenetwork.com /public_html/homepage/cgi main.cgi
2002.01.13 12:47 A D:\website\Newsite\cgi\main.cgi --> www.erenetwork.com /public_html/homepage/cgi main.cgi
2002.01.13 12:51 A D:\website\Newsite\cgi\main.cgi --> www.erenetwork.com /public_html/homepage/cgi main.cgi
2002.01.13 13:10 A D:\website\Newsite\cgi\main.cgi --> www.erenetwork.com /public_html/homepage/cgi main.cgi
2002.01.13 13:15 A D:\website\Newsite\cgi\main.cgi --> www.erenetwork.com /public_html/homepage/cgi main.cgi
2002.01.13 13:17 A D:\website\Newsite\cgi\news.pl <-- ere /public_html/homepage/cgi news.pl
2002.01.13 13:18 A D:\website\Newsite\cgi\main.cgi --> www.erenetwork.com /public_html/homepage/cgi main.cgi
2002.01.13 13:19 A D:\website\Newsite\cgi\main.cgi --> www.erenetwork.com /public_html/homepage/cgi main.cgi
2002.01.13 13:19 A D:\website\Newsite\cgi\news.pl --> www.erenetwork.com /public_html/homepage/cgi news.pl
2002.01.13 13:20 A D:\website\Newsite\cgi\news.pl --> www.erenetwork.com /public_html/homepage/cgi news.pl
2002.01.13 13:20 A D:\website\Newsite\cgi\main.cgi --> www.erenetwork.com /public_html/homepage/cgi main.cgi
2002.01.13 13:20 A D:\website\Newsite\cgi\main.cgi --> www.erenetwork.com /public_html/homepage/cgi main.cgi
2002.01.13 13:21 A D:\website\Newsite\cgi\main.cgi --> www.erenetwork.com /public_html/homepage/cgi main.cgi
2002.01.13 13:22 A D:\website\Newsite\cgi\main.cgi --> www.erenetwork.com /public_html/homepage/cgi main.cgi
2002.01.13 13:22 A D:\website\Newsite\cgi\main.cgi --> www.erenetwork.com /public_html/homepage/cgi main.cgi
2002.01.13 13:22 A D:\website\Newsite\cgi\main.cgi --> www.erenetwork.com /public_html/homepage/cgi main.cgi
2002.01.13 13:24 A D:\website\Newsite\cgi\main.cgi --> www.erenetwork.com /public_html/homepage/cgi main.cgi
2002.01.13 13:24 A D:\website\Newsite\cgi\main.cgi --> www.erenetwork.com /public_html/homepage/cgi main.cgi
2002.01.13 13:26 A D:\website\Newsite\cgi\main.cgi --> www.erenetwork.com /public_html/homepage/cgi main.cgi
2002.01.13 13:28 A D:\website\Newsite\cgi\main.cgi --> www.erenetwork.com /public_html/homepage/cgi main.cgi
2002.01.13 13:28 A D:\website\Newsite\cgi\main.cgi --> www.erenetwork.com /public_html/homepage/cgi main.cgi
2002.01.13 13:29 A D:\website\Newsite\cgi\main.cgi --> www.erenetwork.com /public_html/homepage/cgi main.cgi
2002.01.13 13:30 A D:\website\Newsite\cgi\main.cgi --> www.erenetwork.com /public_html/homepage/cgi main.cgi
2002.01.13 13:33 A D:\website\Newsite\cgi\main.cgi --> www.erenetwork.com /public_html/homepage/cgi main.cgi
2002.01.13 13:36 A D:\website\Newsite\cgi\main.cgi --> www.erenetwork.com /public_html/homepage/cgi main.cgi
2002.01.13 13:38 A D:\website\Newsite\cgi\main.cgi --> www.erenetwork.com /public_html/homepage/cgi main.cgi
2002.01.13 13:42 A D:\website\Newsite\cgi\main.cgi --> www.erenetwork.com /public_html/homepage/cgi main.cgi
2002.01.13 13:42 A D:\website\Newsite\cgi\main.cgi --> www.erenetwork.com /public_html/homepage/cgi main.cgi
2002.01.13 13:43 A D:\website\Newsite\cgi\main.cgi --> www.erenetwork.com /public_html/homepage/cgi main.cgi
2002.01.13 13:44 A D:\website\Newsite\cgi\main.cgi --> www.erenetwork.com /public_html/homepage/cgi main.cgi
2002.01.13 13:45 A D:\website\Newsite\cgi\main.cgi --> www.erenetwork.com /public_html/homepage/cgi main.cgi
2002.01.13 13:46 A D:\website\Newsite\cgi\main.cgi --> www.erenetwork.com /public_html/homepage/cgi main.cgi
2002.01.13 13:55 A D:\website\Newsite\cgi\main.cgi --> www.erenetwork.com /public_html/homepage/cgi main.cgi
2002.01.13 13:56 A D:\website\Newsite\cgi\main.cgi --> www.erenetwork.com /public_html/homepage/cgi main.cgi
2002.01.13 14:01 A D:\website\Newsite\cgi\main.cgi --> www.erenetwork.com /public_html/homepage/cgi main.cgi
2002.01.13 14:08 A D:\website\Newsite\cgi\main.cgi --> www.erenetwork.com /public_html/homepage/cgi main.cgi
2002.01.13 14:11 A D:\website\Newsite\cgi\main.cgi --> www.erenetwork.com /public_html/homepage/cgi main.cgi
2002.01.13 14:26 B D:\website\Newsite\cgi\main.cgi --> www.erenetwork.com /public_html/homepage/cgi main.cgi
2002.01.13 14:43 A D:\website\Newsite\cgi\main.cgi --> www.erenetwork.com /public_html/homepage/cgi main.cgi
2002.01.13 14:56 A D:\website\Newsite\cgi\main.cgi --> www.erenetwork.com /public_html/homepage/cgi main.cgi
2002.01.13 14:58 A D:\website\Newsite\cgi\main.cgi --> www.erenetwork.com /public_html/homepage/cgi main.cgi
2002.01.13 14:59 A D:\website\Newsite\cgi\main.cgi --> www.erenetwork.com /public_html/homepage/cgi main.cgi
2002.01.13 15:05 A D:\website\Newsite\cgi\main.cgi --> www.erenetwork.com /public_html/homepage/cgi main.cgi
2002.01.13 15:06 A D:\website\Newsite\cgi\main.cgi --> www.erenetwork.com /public_html/homepage/cgi main.cgi
2002.01.13 15:07 A D:\website\Newsite\cgi\main.cgi --> www.erenetwork.com /public_html/homepage/cgi main.cgi
2002.01.13 15:08 A D:\website\Newsite\cgi\main.cgi --> www.erenetwork.com /public_html/homepage/cgi main.cgi
2002.01.13 15:09 A D:\website\Newsite\cgi\main.cgi --> www.erenetwork.com /public_html/homepage/cgi main.cgi
2002.01.13 15:10 A D:\website\Newsite\cgi\main.cgi --> www.erenetwork.com /public_html/homepage/cgi main.cgi
2002.01.13 15:10 A D:\website\Newsite\cgi\main.cgi --> www.erenetwork.com /public_html/homepage/cgi main.cgi
2002.01.13 15:10 A D:\website\Newsite\cgi\main.cgi --> www.erenetwork.com /public_html/homepage/cgi main.cgi
2002.01.13 15:11 A D:\website\Newsite\cgi\main.cgi --> www.erenetwork.com /public_html/homepage/cgi main.cgi
2002.01.13 15:12 A D:\website\Newsite\cgi\main.cgi --> www.erenetwork.com /public_html/homepage/cgi main.cgi
2002.01.13 15:14 A D:\website\Newsite\cgi\main.cgi --> www.erenetwork.com /public_html/homepage/cgi main.cgi
2002.01.13 15:16 A D:\website\Newsite\cgi\main.cgi --> www.erenetwork.com /public_html/homepage/cgi main.cgi
2002.01.13 15:18 A D:\website\Newsite\cgi\main.cgi --> www.erenetwork.com /public_html/homepage/cgi main.cgi
2002.01.13 15:21 A D:\website\Newsite\cgi\main.cgi --> www.erenetwork.com /public_html/homepage/cgi main.cgi
2002.01.13 15:23 A D:\website\Newsite\cgi\main.cgi --> www.erenetwork.com /public_html/homepage/cgi main.cgi
2002.01.13 17:23 B D:\website\Newsite\cgi\main.cgi --> www.erenetwork.com /public_html/homepage/cgi main.cgi
2002.01.13 17:23 A D:\website\Newsite\cgi\main.cgi --> www.erenetwork.com /public_html/homepage/cgi main.cgi
2002.01.13 17:32 A D:\website\Newsite\cgi\main.cgi --> www.erenetwork.com /public_html/homepage/cgi main.cgi
2002.01.13 17:32 A D:\website\Newsite\cgi\main.cgi --> www.erenetwork.com /public_html/homepage/cgi main.cgi
2002.01.13 17:33 A D:\website\Newsite\cgi\main.cgi --> www.erenetwork.com /public_html/homepage/cgi main.cgi
2002.01.13 17:33 A D:\website\Newsite\cgi\main.cgi --> www.erenetwork.com /public_html/homepage/cgi main.cgi
2002.01.13 17:35 A D:\website\Newsite\cgi\main.cgi --> www.erenetwork.com /public_html/homepage/cgi main.cgi
2002.01.13 17:40 A D:\website\Newsite\cgi\main.cgi --> www.erenetwork.com /public_html/homepage/cgi/data main.cgi
2002.01.13 17:41 A D:\website\Newsite\cgi\main.cgi --> www.erenetwork.com /public_html/homepage/cgi main.cgi
2002.01.13 17:41 A D:\website\Newsite\cgi\main.cgi --> www.erenetwork.com /public_html/homepage/cgi main.cgi
2002.01.13 17:43 A D:\website\Newsite\cgi\main.cgi --> www.erenetwork.com /public_html/homepage/cgi main.cgi
2002.01.13 17:45 A D:\website\Newsite\cgi\main.cgi --> www.erenetwork.com /public_html/homepage/cgi main.cgi
2002.01.13 17:52 A D:\website\Newsite\cgi\main.cgi --> www.erenetwork.com /public_html/homepage/cgi main.cgi
2002.01.13 17:53 A D:\website\Newsite\cgi\main.cgi --> www.erenetwork.com /public_html/homepage/cgi main.cgi
2002.01.13 17:53 A D:\website\Newsite\cgi\main.cgi --> www.erenetwork.com /public_html/homepage/cgi main.cgi
2002.01.13 17:53 A D:\website\Newsite\cgi\main.cgi --> www.erenetwork.com /public_html/homepage/cgi main.cgi
2002.01.13 17:53 A D:\website\Newsite\cgi\main.cgi --> www.erenetwork.com /public_html/homepage/cgi main.cgi
2002.01.13 17:54 A D:\website\Newsite\cgi\main.cgi --> www.erenetwork.com /public_html/homepage/cgi main.cgi
2002.01.13 17:55 A D:\website\Newsite\cgi\main.cgi --> www.erenetwork.com /public_html/homepage/cgi main.cgi
2002.01.13 17:57 A D:\website\Newsite\cgi\main.cgi --> www.erenetwork.com /public_html/homepage/cgi main.cgi
2002.01.13 18:01 A D:\website\Newsite\cgi\main.cgi --> www.erenetwork.com /public_html/homepage/cgi main.cgi
2002.01.13 18:04 A D:\website\Newsite\cgi\main.cgi --> www.erenetwork.com /public_html/homepage/cgi main.cgi
2002.01.13 18:05 A D:\website\Newsite\cgi\main.cgi --> www.erenetwork.com /public_html/homepage/cgi main.cgi
2002.01.13 18:06 A D:\website\Newsite\cgi\main.cgi --> www.erenetwork.com /public_html/homepage/cgi/data main.cgi
2002.01.13 18:07 A D:\website\Newsite\cgi\main.cgi --> www.erenetwork.com /public_html/homepage/cgi main.cgi
2002.01.13 18:10 A D:\website\Newsite\cgi\main.cgi --> www.erenetwork.com /public_html/homepage/cgi main.cgi
2002.01.13 18:11 A D:\website\Newsite\cgi\main.cgi --> www.erenetwork.com /public_html/homepage/cgi main.cgi
2002.01.13 18:12 A D:\website\Newsite\cgi\main.cgi --> www.erenetwork.com /public_html/homepage/cgi main.cgi
2002.01.13 18:18 A D:\website\Newsite\cgi\main.cgi --> www.erenetwork.com /public_html/homepage/cgi main.cgi
2002.01.13 18:21 A D:\website\Newsite\cgi\main.cgi --> www.erenetwork.com /public_html/homepage/cgi main.cgi
2002.01.13 18:22 A D:\website\Newsite\cgi\main.cgi --> www.erenetwork.com /public_html/homepage/cgi main.cgi
2002.01.13 18:23 A D:\website\Newsite\cgi\main.cgi --> www.erenetwork.com /public_html/homepage/cgi main.cgi
2002.01.13 18:26 A D:\website\Newsite\cgi\main.cgi --> www.erenetwork.com /public_html/homepage/cgi main.cgi
2002.01.13 18:29 A D:\website\Newsite\cgi\main.cgi --> www.erenetwork.com /public_html/homepage/cgi main.cgi
2002.01.13 18:36 A D:\website\Newsite\cgi\main.cgi --> www.erenetwork.com /public_html/homepage/cgi main.cgi
2002.01.13 18:37 A D:\website\Newsite\cgi\main.cgi --> www.erenetwork.com /public_html/homepage/cgi main.cgi
2002.01.13 18:39 A D:\website\Newsite\cgi\main.cgi --> www.erenetwork.com /public_html/homepage/cgi main.cgi
2002.01.13 18:40 A D:\website\Newsite\cgi\main.cgi --> www.erenetwork.com /public_html/homepage/cgi main.cgi
2002.01.13 18:40 A D:\website\Newsite\cgi\main.cgi --> www.erenetwork.com /public_html/homepage/cgi main.cgi
2002.01.13 18:41 A D:\website\Newsite\cgi\main.cgi --> www.erenetwork.com /public_html/homepage/cgi main.cgi
2002.01.13 18:49 A D:\website\Newsite\cgi\main.cgi --> www.erenetwork.com /public_html/homepage/cgi main.cgi
2002.01.13 18:57 A D:\website\Newsite\cgi\main.cgi --> www.erenetwork.com /public_html/homepage/cgi main.cgi
2002.01.13 18:59 A D:\website\Newsite\cgi\main.cgi --> www.erenetwork.com /public_html/homepage/cgi main.cgi
2002.01.13 19:00 A D:\website\Newsite\cgi\main.cgi --> www.erenetwork.com /public_html/homepage/cgi main.cgi
2002.01.13 19:01 A D:\website\Newsite\cgi\main.cgi --> www.erenetwork.com /public_html/homepage/cgi main.cgi
2002.01.13 19:03 A D:\website\Newsite\cgi\main.cgi --> www.erenetwork.com /public_html/homepage/cgi main.cgi
2002.01.13 19:11 A D:\website\Newsite\cgi\main.cgi --> www.erenetwork.com /public_html/homepage/cgi main.cgi
2002.01.13 19:11 A D:\website\Newsite\cgi\main.cgi --> www.erenetwork.com /public_html/homepage/cgi main.cgi
2002.01.13 19:11 A D:\website\Newsite\cgi\main.cgi --> www.erenetwork.com /public_html/homepage/cgi main.cgi
2002.01.13 19:14 A D:\website\Newsite\cgi\main.cgi --> www.erenetwork.com /public_html/homepage/cgi main.cgi
2002.01.13 19:18 A D:\website\Newsite\cgi\main.cgi --> www.erenetwork.com /public_html/homepage/cgi main.cgi
2002.01.13 19:22 A D:\website\Newsite\cgi\main.cgi --> www.erenetwork.com /public_html/homepage/cgi main.cgi
2002.01.13 19:23 A D:\website\Newsite\cgi\main.cgi --> www.erenetwork.com /public_html/homepage/cgi main.cgi
2002.01.13 19:23 A D:\website\Newsite\cgi\main.cgi --> www.erenetwork.com /public_html/homepage/cgi main.cgi
2002.01.13 19:23 A D:\website\Newsite\cgi\main.cgi --> www.erenetwork.com /public_html/homepage/cgi main.cgi
2002.01.13 19:24 A D:\website\Newsite\cgi\main.cgi --> www.erenetwork.com /public_html/homepage/cgi main.cgi
2002.01.13 19:24 A D:\website\Newsite\cgi\main.cgi --> www.erenetwork.com /public_html/homepage/cgi main.cgi
2002.01.13 19:26 A D:\website\Newsite\cgi\main.cgi --> www.erenetwork.com /public_html/homepage/cgi/data main.cgi
2002.01.13 19:26 A D:\website\Newsite\cgi\main.cgi --> www.erenetwork.com /public_html/homepage/cgi main.cgi
2002.01.13 19:28 A D:\website\Newsite\cgi\main.cgi --> www.erenetwork.com /public_html/homepage/cgi main.cgi
2002.01.13 19:29 A D:\website\Newsite\cgi\main.cgi --> www.erenetwork.com /public_html/homepage/cgi main.cgi
2002.01.13 19:36 A D:\website\Newsite\cgi\main.cgi --> www.erenetwork.com /public_html/homepage/cgi main.cgi
2002.01.13 19:39 A D:\website\Newsite\cgi\main.cgi --> www.erenetwork.com /public_html/homepage/cgi main.cgi
2002.01.13 19:41 A D:\website\Newsite\cgi\main.cgi --> www.erenetwork.com /public_html/homepage/cgi main.cgi
2002.01.13 19:42 A D:\website\Newsite\cgi\main.cgi --> www.erenetwork.com /public_html/homepage/cgi main.cgi
2002.01.13 19:53 A D:\website\Newsite\cgi\main.cgi --> www.erenetwork.com /public_html/homepage/cgi main.cgi
2002.01.13 19:54 A D:\website\Newsite\cgi\main.cgi --> www.erenetwork.com /public_html/homepage/cgi main.cgi
2002.01.13 19:54 A D:\website\Newsite\cgi\main.cgi --> www.erenetwork.com /public_html/homepage/cgi main.cgi
2002.01.13 19:55 A D:\website\Newsite\cgi\main.cgi --> www.erenetwork.com /public_html/homepage/cgi main.cgi
2002.01.13 19:57 A D:\website\Newsite\cgi\main.cgi --> www.erenetwork.com /public_html/homepage/cgi main.cgi
2002.01.13 20:00 A D:\website\Newsite\cgi\main.cgi --> www.erenetwork.com /public_html/homepage/cgi main.cgi
2002.01.13 20:02 A D:\website\Newsite\cgi\main.cgi --> www.erenetwork.com /public_html/homepage/cgi main.cgi
2002.01.13 20:03 A D:\website\Newsite\cgi\main.cgi --> www.erenetwork.com /public_html/homepage/cgi main.cgi
2002.01.13 20:03 A D:\website\Newsite\cgi\main.cgi --> www.erenetwork.com /public_html/homepage/cgi main.cgi
2002.01.13 20:04 A D:\website\Newsite\cgi\main.cgi --> www.erenetwork.com /public_html/homepage/cgi main.cgi
2002.01.13 20:11 A D:\website\Newsite\cgi\main.cgi --> www.erenetwork.com /public_html/homepage/cgi main.cgi
2002.01.13 20:15 A D:\website\Newsite\cgi\main.cgi --> www.erenetwork.com /public_html/homepage/cgi main.cgi
2002.01.13 20:17 A D:\website\Newsite\cgi\main.cgi --> www.erenetwork.com /public_html/homepage/cgi main.cgi
2002.01.13 20:18 A D:\website\Newsite\cgi\main.cgi --> www.erenetwork.com /public_html/homepage/cgi main.cgi
2002.01.13 20:22 A D:\website\Newsite\cgi\main.cgi --> www.erenetwork.com /public_html/homepage/cgi main.cgi
2002.01.13 20:24 A D:\website\Newsite\cgi\main.cgi --> www.erenetwork.com /public_html/homepage/cgi main.cgi
2002.01.13 20:31 A D:\website\Newsite\cgi\home.cgi --> www.erenetwork.com /public_html/homepage/cgi home.cgi
2002.01.13 20:34 A D:\website\Newsite\cgi\home.cgi --> www.erenetwork.com /public_html/homepage/cgi home.cgi
2002.01.13 20:34 A D:\website\Newsite\cgi\home.cgi --> www.erenetwork.com /public_html/homepage/cgi home.cgi
2002.01.13 20:35 A D:\website\Newsite\cgi\home.cgi --> www.erenetwork.com /public_html/homepage/cgi home.cgi
2002.01.13 20:36 A D:\website\Newsite\cgi\home.cgi --> www.erenetwork.com /public_html/homepage/cgi home.cgi
2002.01.13 20:36 A D:\website\Newsite\cgi\home.cgi --> www.erenetwork.com /public_html/homepage/cgi home.cgi
2002.01.13 20:37 A D:\website\Newsite\cgi\home.cgi --> www.erenetwork.com /public_html/homepage/cgi home.cgi
2002.01.13 20:38 A D:\website\Newsite\cgi\home.cgi --> www.erenetwork.com /public_html/homepage/cgi home.cgi
2002.01.13 20:38 A D:\website\Newsite\cgi\home.cgi --> www.erenetwork.com /public_html/homepage/cgi home.cgi
2002.01.13 20:39 A D:\website\Newsite\cgi\main.cgi --> www.erenetwork.com /public_html/homepage/cgi main.cgi
2002.01.13 20:40 A D:\website\Newsite\cgi\home.cgi --> www.erenetwork.com /public_html/home/cgi home.cgi
2002.01.13 20:41 A D:\website\Newsite\cgi\home.cgi --> www.erenetwork.com /public_html/home/cgi home.cgi
2002.01.13 20:41 A D:\website\Newsite\cgi\home.cgi --> www.erenetwork.com /public_html/home/cgi home.cgi
2002.01.13 20:41 A D:\website\Newsite\cgi\home.cgi --> www.erenetwork.com /public_html/home/cgi home.cgi
2002.01.13 20:42 A D:\website\Newsite\cgi\home.cgi --> www.erenetwork.com /public_html/home/cgi home.cgi
2002.01.13 20:42 A D:\website\Newsite\cgi\home.cgi --> www.erenetwork.com /public_html/home/cgi home.cgi
2002.01.13 20:42 A D:\website\Newsite\cgi\home.cgi --> www.erenetwork.com /public_html/home/cgi home.cgi
2002.01.13 20:43 A D:\website\Newsite\cgi\home.cgi --> www.erenetwork.com /public_html/home/cgi home.cgi
2002.01.13 20:43 A D:\website\Newsite\cgi\home.cgi --> www.erenetwork.com /public_html/home/cgi home.cgi
2002.01.13 20:44 A D:\website\Newsite\cgi\home.cgi --> www.erenetwork.com /public_html/home/cgi home.cgi
2002.01.13 20:44 A D:\website\Newsite\cgi\home.cgi --> www.erenetwork.com /public_html/home/cgi home.cgi
2002.01.13 20:44 A D:\website\Newsite\cgi\home.cgi --> www.erenetwork.com /public_html/home/cgi home.cgi
2002.01.13 20:45 A D:\website\Newsite\cgi\home.cgi --> www.erenetwork.com /public_html/home/cgi home.cgi
2002.01.13 20:45 A D:\website\Newsite\cgi\home.cgi --> www.erenetwork.com /public_html/home/cgi home.cgi
2002.01.13 20:48 A D:\website\Newsite\cgi\home.cgi --> www.erenetwork.com /public_html/home/cgi home.cgi
2002.01.13 20:49 A D:\website\Newsite\cgi\home.cgi --> www.erenetwork.com /public_html/home/cgi home.cgi
2002.01.13 20:54 A D:\website\Newsite\cgi\home.cgi --> www.erenetwork.com /public_html/home/cgi home.cgi
2002.01.13 20:57 A D:\website\Newsite\cgi\home.cgi --> www.erenetwork.com /public_html/home/cgi home.cgi
2002.01.13 20:59 A D:\website\Newsite\cgi\home.cgi --> www.erenetwork.com /public_html/home/cgi home.cgi
2002.01.13 21:00 A D:\website\Newsite\cgi\home.cgi --> www.erenetwork.com /public_html/home/cgi home.cgi
2002.01.13 21:04 A D:\website\Newsite\cgi\home.cgi --> www.erenetwork.com /public_html/home/cgi home.cgi
2002.01.13 21:05 A D:\website\Newsite\cgi\home.cgi --> www.erenetwork.com /public_html/home/cgi home.cgi
2002.01.13 21:05 A D:\website\Newsite\cgi\home.cgi --> www.erenetwork.com /public_html/home/cgi home.cgi
2002.01.13 21:06 A D:\website\Newsite\cgi\home.cgi --> www.erenetwork.com /public_html/home/cgi home.cgi
2002.01.13 21:06 A D:\website\Newsite\cgi\home.cgi --> www.erenetwork.com /public_html/home/cgi home.cgi
2002.01.13 21:06 A D:\website\Newsite\cgi\home.cgi --> www.erenetwork.com /public_html/home/cgi home.cgi
2002.01.13 21:09 A D:\website\Newsite\cgi\home.cgi --> www.erenetwork.com /public_html/home/cgi home.cgi
2002.01.13 21:10 A D:\website\Newsite\cgi\home.cgi --> www.erenetwork.com /public_html/home/cgi home.cgi
2002.01.13 21:13 A D:\website\Newsite\cgi\home.cgi --> www.erenetwork.com /public_html/home/cgi home.cgi
2002.01.13 21:28 A D:\website\Newsite\cgi\home.cgi --> www.erenetwork.com /public_html/home/cgi home.cgi
2002.01.13 21:29 A D:\website\Newsite\cgi\home.cgi --> www.erenetwork.com /public_html/home/cgi home.cgi
2002.01.13 21:30 A D:\website\Newsite\cgi\home.cgi --> www.erenetwork.com /public_html/home/cgi home.cgi
2002.01.13 21:31 A D:\website\Newsite\cgi\home.cgi --> www.erenetwork.com /public_html/home/cgi home.cgi
2002.01.13 21:31 A D:\website\Newsite\cgi\home.cgi --> www.erenetwork.com /public_html/home/cgi home.cgi
2002.01.13 21:33 A D:\website\Newsite\cgi\home.cgi --> www.erenetwork.com /public_html/home/cgi home.cgi
2002.01.13 21:39 A D:\website\Newsite\cgi\home.cgi --> www.erenetwork.com /public_html/home/cgi home.cgi
2002.01.13 21:41 A D:\website\Newsite\cgi\home.cgi --> www.erenetwork.com /public_html/home/cgi home.cgi
2002.01.13 21:43 A D:\website\Newsite\cgi\home.cgi --> www.erenetwork.com /public_html/home/cgi home.cgi
2002.01.13 21:46 A D:\website\Newsite\cgi\home.cgi --> www.erenetwork.com /public_html/home/cgi home.cgi
2003.09.15 16:01 A C:\Documents and Settings\Byron Chilton\My Documents\website\oldcrap\membersystem\cgi\home.cgi --> www.eqguilded.com /public_html/test home.cgi
2003.09.15 16:01 A C:\Documents and Settings\Byron Chilton\My Documents\website\oldcrap\membersystem\cgi\main.cgi --> www.eqguilded.com /public_html/test main.cgi
2003.09.15 16:01 A C:\Documents and Settings\Byron Chilton\My Documents\website\oldcrap\membersystem\cgi\news.pl --> www.eqguilded.com /public_html/test news.pl
