101.09.23 20:09 A D:\website\ravens\cgi\data.dat <-- Erenet /public_html/ravens/cgi data.dat
101.09.23 20:09 A D:\website\ravens\cgi\data.dat --> www.erenetwork.com /public_html/ravens/cgi data.dat
101.09.23 20:14 A D:\website\ravens\cgi\data.dat --> www.erenetwork.com /public_html/ravens/cgi data.dat
101.10.08 04:32 A D:\website\ravens\cgi\admin.cgi --> www.erenetwork.com /public_html/ravens/cgi admin.cgi
101.10.08 04:33 A D:\website\ravens\cgi\admin.cgi --> www.erenetwork.com /public_html/ravens/cgi admin.cgi
101.10.08 04:35 A D:\website\ravens\cgi\memlist.cgi --> www.erenetwork.com /public_html/ravens/cgi memlist.cgi
101.10.08 04:36 A D:\website\ravens\cgi\memlist.cgi --> www.erenetwork.com /public_html/ravens/cgi memlist.cgi
101.10.08 04:38 A D:\website\ravens\cgi\memlist.cgi --> www.erenetwork.com /public_html/ravens/cgi memlist.cgi
101.10.08 04:38 A D:\website\ravens\cgi\memlist.cgi --> www.erenetwork.com /public_html/ravens/cgi memlist.cgi
101.10.08 04:41 A D:\website\ravens\cgi\memlist.cgi --> www.erenetwork.com /public_html/ravens/cgi memlist.cgi
101.10.08 04:49 A D:\website\ravens\cgi\admin.cgi --> www.erenetwork.com /public_html/ravens/members admin.cgi
101.10.08 04:50 A D:\website\ravens\cgi\admin.cgi --> www.erenetwork.com /public_html/ravens/cgi admin.cgi
101.10.08 04:50 A D:\website\ravens\cgi\admin.cgi --> www.erenetwork.com /public_html/ravens/cgi admin.cgi
101.10.08 04:52 A D:\website\ravens\cgi\admin.cgi --> www.erenetwork.com /public_html/ravens/cgi admin.cgi
101.10.08 04:52 A D:\website\ravens\cgi\admin.cgi --> www.erenetwork.com /public_html/ravens/cgi admin.cgi
101.10.08 04:55 A D:\website\ravens\cgi\admin.cgi --> www.erenetwork.com /public_html/ravens/cgi admin.cgi
101.10.08 04:56 A D:\website\ravens\cgi\admin.cgi --> www.erenetwork.com /public_html/ravens/cgi admin.cgi
101.10.08 04:56 A D:\website\ravens\cgi\admin.cgi --> www.erenetwork.com /public_html/ravens/cgi admin.cgi
101.10.08 05:00 A D:\website\ravens\cgi\admin.cgi --> www.erenetwork.com /public_html/ravens/cgi admin.cgi
101.10.08 05:02 A D:\website\ravens\cgi\admin.cgi --> www.erenetwork.com /public_html/ravens/cgi admin.cgi
101.11.10 16:01 B D:\website\ravens\cgi\data.dat <-- ERE /public_html/ravens/cgi data.dat
101.11.10 20:06 A D:\website\ravens\cgi\data.dat --> www.erenetwork.com /public_html/ravens/cgi data.dat
101.11.10 20:07 A D:\website\ravens\cgi\data.dat --> www.erenetwork.com /public_html/ravens/cgi data.dat
101.11.10 20:08 A D:\website\ravens\cgi\admin.cgi --> www.erenetwork.com /public_html/ravens/cgi admin.cgi
101.11.10 20:08 A D:\website\ravens\cgi\admin.cgi --> www.erenetwork.com /public_html/ravens/cgi admin.cgi
101.11.10 20:09 A D:\website\ravens\cgi\admin.cgi --> www.erenetwork.com /public_html/ravens/cgi admin.cgi
101.11.10 20:11 A D:\website\ravens\cgi\admin.cgi --> www.erenetwork.com /public_html/ravens/cgi admin.cgi
101.11.10 20:13 A D:\website\ravens\cgi\admin.cgi --> www.erenetwork.com /public_html/ravens/cgi admin.cgi
