101.11.10 16:51 A D:\website\ravensnew\cgi\admin.cgi --> www.erenetwork.com /public_html/ravens/cgi admin.cgi
101.11.10 16:58 A D:\website\ravensnew\cgi\admin.cgi --> www.erenetwork.com /public_html/ravens/cgi admin.cgi
101.11.10 17:00 A D:\website\ravensnew\cgi\admin.cgi --> www.erenetwork.com /public_html/ravens/cgi admin.cgi
101.11.10 17:01 A D:\website\ravensnew\cgi\admin.cgi --> www.erenetwork.com /public_html/ravens/cgi admin.cgi
101.11.10 17:02 A D:\website\ravensnew\cgi\admin.cgi --> www.erenetwork.com /public_html/ravens/cgi admin.cgi
101.11.10 17:02 A D:\website\ravensnew\cgi\admin.cgi --> www.erenetwork.com /public_html/ravens/cgi admin.cgi
101.11.10 17:03 A D:\website\ravensnew\cgi\admin.cgi --> www.erenetwork.com /public_html/ravens/cgi admin.cgi
101.11.10 17:03 A D:\website\ravensnew\cgi\admin.cgi --> www.erenetwork.com /public_html/ravens/cgi admin.cgi
101.11.10 17:04 A D:\website\ravensnew\cgi\keny.mem --> www.erenetwork.com /public_html/ravens/cgi/data keny.mem
101.11.10 17:05 A D:\website\ravensnew\cgi\admin.cgi --> www.erenetwork.com /public_html/ravens/cgi admin.cgi
101.11.10 17:05 A D:\website\ravensnew\cgi\admin.cgi --> www.erenetwork.com /public_html/ravens/cgi admin.cgi
101.11.10 17:06 A D:\website\ravensnew\cgi\keny.mem --> www.erenetwork.com /public_html/ravens/cgi/data keny.mem
101.11.10 17:07 A D:\website\ravensnew\cgi\admin.cgi --> www.erenetwork.com /public_html/ravens/cgi admin.cgi
101.11.10 17:09 A D:\website\ravensnew\cgi\admin.cgi --> www.erenetwork.com /public_html/ravens/cgi admin.cgi
101.11.10 17:10 A D:\website\ravensnew\cgi\admin.cgi --> www.erenetwork.com /public_html/ravens/cgi admin.cgi
101.11.10 17:10 A D:\website\ravensnew\cgi\keny.mem --> www.erenetwork.com /public_html/ravens/cgi/data keny.mem
101.11.10 17:11 A D:\website\ravensnew\cgi\keny.mem --> www.erenetwork.com /public_html/ravens/cgi/data keny.mem
101.11.10 17:12 A D:\website\ravensnew\cgi\sken.mem --> www.erenetwork.com /public_html/ravens/cgi/data sken.mem
101.11.10 17:12 A D:\website\ravensnew\cgi\keny.mem <-- ERE /public_html/ravens/cgi/data keny.mem
101.11.10 17:14 A D:\website\ravensnew\cgi\members.data --> www.erenetwork.com /public_html/ravens/cgi/data members.data
101.11.10 17:14 A D:\website\ravensnew\cgi\sken.mem <-- ERE /public_html/ravens/cgi/data sken.mem
101.11.10 17:15 A D:\website\ravensnew\cgi\admin.cgi --> www.erenetwork.com /public_html/ravens/cgi admin.cgi
101.11.10 17:16 A D:\website\ravensnew\cgi\admin.cgi --> www.erenetwork.com /public_html/ravens/cgi admin.cgi
101.11.10 17:18 A D:\website\ravensnew\cgi\admin.cgi --> www.erenetwork.com /public_html/ravens/cgi admin.cgi
101.11.10 17:22 A D:\website\ravensnew\cgi\admin.cgi --> www.erenetwork.com /public_html/ravens/cgi admin.cgi
101.11.10 17:23 A D:\website\ravensnew\cgi\admin.cgi --> www.erenetwork.com /public_html/ravens/cgi admin.cgi
101.11.10 17:24 A D:\website\ravensnew\cgi\admin.cgi --> www.erenetwork.com /public_html/ravens/cgi admin.cgi
101.11.10 17:25 A D:\website\ravensnew\cgi\admin.cgi --> www.erenetwork.com /public_html/ravens/cgi admin.cgi
101.11.10 17:26 A D:\website\ravensnew\cgi\admin.cgi --> www.erenetwork.com /public_html/ravens/cgi admin.cgi
101.11.10 19:53 B D:\website\ravensnew\cgi\admin.cgi --> www.erenetwork.com /public_html/ravens/cgi admin.cgi
101.11.10 19:54 A D:\website\ravensnew\cgi\admin.cgi --> www.erenetwork.com /public_html/ravens/cgi admin.cgi
101.11.10 20:05 A D:\website\ravensnew\cgi\admin.cgi --> www.erenetwork.com /public_html/ravens/cgi admin.cgi
101.11.10 20:14 A D:\website\ravensnew\cgi\admin.cgi --> www.erenetwork.com /public_html/ravens/cgi admin.cgi
101.11.10 20:16 A D:\website\ravensnew\cgi\admin.cgi --> www.erenetwork.com /public_html/ravens/cgi/data admin.cgi
101.11.10 20:16 A D:\website\ravensnew\cgi\admin.cgi --> www.erenetwork.com /public_html/ravens/cgi admin.cgi
101.11.10 20:16 A D:\website\ravensnew\cgi\admin.cgi --> www.erenetwork.com /public_html/ravens/cgi admin.cgi
101.11.10 20:24 A D:\website\ravensnew\cgi\admin.cgi --> www.erenetwork.com /public_html/ravens/cgi admin.cgi
101.11.10 20:26 A D:\website\ravensnew\cgi\admin.cgi --> www.erenetwork.com /public_html/ravens/cgi admin.cgi
101.11.10 20:27 A D:\website\ravensnew\cgi\admin.cgi --> www.erenetwork.com /public_html/ravens/cgi admin.cgi
101.11.10 20:28 A D:\website\ravensnew\cgi\admin.cgi --> www.erenetwork.com /public_html/ravens/cgi admin.cgi
101.11.10 20:28 A D:\website\ravensnew\cgi\admin.cgi --> www.erenetwork.com /public_html/ravens/cgi admin.cgi
101.11.10 20:29 A D:\website\ravensnew\cgi\admin.cgi --> www.erenetwork.com /public_html/ravens/cgi admin.cgi
101.11.10 20:29 A D:\website\ravensnew\cgi\admin.cgi --> www.erenetwork.com /public_html/ravens/cgi admin.cgi
101.11.10 20:30 A D:\website\ravensnew\cgi\admin.cgi --> www.erenetwork.com /public_html/ravens/cgi admin.cgi
101.11.10 20:31 A D:\website\ravensnew\cgi\admin.cgi --> www.erenetwork.com /public_html/ravens/cgi admin.cgi
101.11.10 20:31 A D:\website\ravensnew\cgi\admin.cgi --> www.erenetwork.com /public_html/ravens/cgi admin.cgi
101.11.10 20:32 A D:\website\ravensnew\cgi\admin.cgi --> www.erenetwork.com /public_html/ravens/cgi admin.cgi
101.11.10 20:34 A D:\website\ravensnew\cgi\admin.cgi --> www.erenetwork.com /public_html/ravens/cgi admin.cgi
101.11.10 20:35 A D:\website\ravensnew\cgi\admin.cgi --> www.erenetwork.com /public_html/ravens/cgi admin.cgi
101.11.10 20:36 A D:\website\ravensnew\cgi\admin.cgi --> www.erenetwork.com /public_html/ravens/cgi admin.cgi
101.11.10 20:40 A D:\website\ravensnew\cgi\admin.cgi --> www.erenetwork.com /public_html/ravens/cgi admin.cgi
101.11.10 20:42 A D:\website\ravensnew\cgi\admin.cgi --> www.erenetwork.com /public_html/ravens/cgi admin.cgi
101.11.10 20:44 A D:\website\ravensnew\cgi\admin.cgi --> www.erenetwork.com /public_html/ravens/cgi admin.cgi
101.11.10 20:48 A D:\website\ravensnew\cgi\admin.cgi --> www.erenetwork.com /public_html/ravens/cgi admin.cgi
101.11.10 20:49 A D:\website\ravensnew\cgi\admin.cgi --> www.erenetwork.com /public_html/ravens/cgi admin.cgi
101.11.10 20:50 A D:\website\ravensnew\cgi\admin.cgi --> www.erenetwork.com /public_html/ravens/cgi admin.cgi
101.11.10 20:53 A D:\website\ravensnew\cgi\admin.cgi --> www.erenetwork.com /public_html/ravens/cgi admin.cgi
101.11.10 20:58 A D:\website\ravensnew\cgi\admin.cgi --> www.erenetwork.com /public_html/ravens/cgi admin.cgi
101.11.10 20:59 A D:\website\ravensnew\cgi\wateing.list <-- ERE /public_html/ravens/cgi wateing.list
101.11.10 20:59 A D:\website\ravensnew\cgi\wateing.list --> www.erenetwork.com /public_html/ravens/cgi wateing.list
101.11.10 20:59 A D:\website\ravensnew\cgi\admin.cgi --> www.erenetwork.com /public_html/ravens/cgi admin.cgi
101.11.10 21:01 A D:\website\ravensnew\cgi\admin.cgi --> www.erenetwork.com /public_html/ravens/cgi admin.cgi
101.11.10 21:02 A D:\website\ravensnew\cgi\admin.cgi --> www.erenetwork.com /public_html/ravens/cgi admin.cgi
101.11.10 21:06 A D:\website\ravensnew\cgi\admin.cgi --> www.erenetwork.com /public_html/ravens/cgi admin.cgi
101.11.10 21:07 A D:\website\ravensnew\cgi\admin.cgi --> www.erenetwork.com /public_html/ravens/cgi admin.cgi
101.11.10 21:10 A D:\website\ravensnew\cgi\admin.cgi --> www.erenetwork.com /public_html/ravens/cgi admin.cgi
101.11.10 21:14 A D:\website\ravensnew\cgi\admin.cgi --> www.erenetwork.com /public_html/ravens/cgi admin.cgi
101.11.10 21:14 A D:\website\ravensnew\cgi\wateing.list --> www.erenetwork.com /public_html/ravens/cgi wateing.list
101.11.10 21:17 A D:\website\ravensnew\cgi\admin.cgi --> www.erenetwork.com /public_html/ravens/cgi admin.cgi
101.11.10 21:19 A D:\website\ravensnew\cgi\admin.cgi --> www.erenetwork.com /public_html/ravens/cgi admin.cgi
101.11.10 21:24 A D:\website\ravensnew\cgi\admin.cgi --> www.erenetwork.com /public_html/ravens/cgi admin.cgi
101.11.10 21:26 A D:\website\ravensnew\cgi\admin.cgi --> www.erenetwork.com /public_html/ravens/cgi admin.cgi
101.11.10 21:26 A D:\website\ravensnew\cgi\admin.cgi --> www.erenetwork.com /public_html/ravens/cgi admin.cgi
101.11.10 21:27 A D:\website\ravensnew\cgi\admin.cgi --> www.erenetwork.com /public_html/ravens/cgi admin.cgi
101.11.10 21:27 A D:\website\ravensnew\cgi\admin.cgi --> www.erenetwork.com /public_html/ravens/cgi admin.cgi
101.11.10 21:29 A D:\website\ravensnew\cgi\admin.cgi --> www.erenetwork.com /public_html/ravens/cgi admin.cgi
101.11.10 21:33 A D:\website\ravensnew\cgi\admin.cgi --> www.erenetwork.com /public_html/ravens/cgi admin.cgi
101.11.10 21:38 A D:\website\ravensnew\cgi\admin.cgi --> www.erenetwork.com /public_html/ravens/cgi admin.cgi
101.11.10 21:38 A D:\website\ravensnew\cgi\news.dat --> www.erenetwork.com /public_html/ravens/cgi news.dat
101.11.10 21:39 A D:\website\ravensnew\cgi\admin.cgi --> www.erenetwork.com /public_html/ravens/cgi admin.cgi
101.11.10 21:45 A D:\website\ravensnew\cgi\admin.cgi --> www.erenetwork.com /public_html/ravens/cgi admin.cgi
101.11.10 21:45 A D:\website\ravensnew\cgi\admin.cgi --> www.erenetwork.com /public_html/ravens/cgi admin.cgi
101.11.10 21:47 A D:\website\ravensnew\cgi\admin.cgi --> www.erenetwork.com /public_html/ravens/cgi admin.cgi
101.11.10 21:49 A D:\website\ravensnew\cgi\admin.cgi --> www.erenetwork.com /public_html/ravens/cgi admin.cgi
101.11.10 21:50 A D:\website\ravensnew\cgi\admin.cgi --> www.erenetwork.com /public_html/ravens/cgi admin.cgi
101.11.10 21:56 A D:\website\ravensnew\cgi\memsign.cgi --> www.erenetwork.com /public_html/ravens/cgi memsign.cgi
101.11.10 21:59 A D:\website\ravensnew\cgi\memsign.cgi --> www.erenetwork.com /public_html/ravens/cgi memsign.cgi
101.11.10 22:00 A D:\website\ravensnew\cgi\memsign.cgi --> www.erenetwork.com /public_html/ravens/cgi memsign.cgi
101.11.10 22:01 A D:\website\ravensnew\cgi\memsign.cgi --> www.erenetwork.com /public_html/ravens/cgi memsign.cgi
101.11.10 22:03 A D:\website\ravensnew\cgi\memsign.cgi --> www.erenetwork.com /public_html/ravens/cgi memsign.cgi
101.11.10 22:04 A D:\website\ravensnew\cgi\memsign.cgi --> www.erenetwork.com /public_html/ravens/cgi memsign.cgi
101.11.10 22:07 A D:\website\ravensnew\cgi\memsign.cgi --> www.erenetwork.com /public_html/ravens/cgi memsign.cgi
101.11.10 22:08 A D:\website\ravensnew\cgi\memsign.cgi --> www.erenetwork.com /public_html/ravens/cgi memsign.cgi
101.11.10 22:08 A D:\website\ravensnew\cgi\memsign.cgi --> www.erenetwork.com /public_html/ravens/cgi memsign.cgi
101.11.10 22:09 A D:\website\ravensnew\cgi\admin.cgi --> www.erenetwork.com /public_html/ravens/cgi admin.cgi
101.11.10 22:10 A D:\website\ravensnew\cgi\admin.cgi --> www.erenetwork.com /public_html/ravens/cgi admin.cgi
101.11.10 22:12 A D:\website\ravensnew\cgi\memsign.cgi --> www.erenetwork.com /public_html/ravens/cgi memsign.cgi
101.11.10 22:14 A D:\website\ravensnew\cgi\memsign.cgi --> www.erenetwork.com /public_html/ravens/cgi memsign.cgi
101.11.10 22:14 A D:\website\ravensnew\cgi\wateing.list --> www.erenetwork.com /public_html/ravens/cgi wateing.list
101.11.10 22:15 A D:\website\ravensnew\cgi\memsign.cgi --> www.erenetwork.com /public_html/ravens/cgi memsign.cgi
101.11.10 22:15 A D:\website\ravensnew\cgi\wateing.list --> www.erenetwork.com /public_html/ravens/cgi wateing.list
101.11.10 22:15 A D:\website\ravensnew\cgi\wateing.list --> www.erenetwork.com /public_html/ravens/cgi wateing.list
101.11.10 22:57 A D:\website\ravensnew\cgi\admin.cgi --> www.erenetwork.com /public_html/ravens/cgi admin.cgi
101.11.11 01:09 A D:\website\ravensnew\cgi\admin.cgi --> www.erenetwork.com /public_html/ravens/cgi admin.cgi
101.11.11 01:09 A D:\website\ravensnew\cgi\admin.cgi --> www.erenetwork.com /public_html/ravens/cgi admin.cgi
101.11.11 01:11 B D:\website\ravensnew\cgi\admin.cgi --> www.erenetwork.com /public_html/ravens admin.cgi
101.11.11 01:11 A D:\website\ravensnew\cgi\admin.cgi --> www.erenetwork.com /public_html/ravens admin.cgi
101.11.11 01:12 A D:\website\ravensnew\cgi\admin.cgi --> www.erenetwork.com /public_html/ravens admin.cgi
101.11.11 01:13 A D:\website\ravensnew\cgi\admin.cgi --> www.erenetwork.com /public_html/ravens/cgi admin.cgi
101.11.11 01:15 A D:\website\ravensnew\cgi\admin.cgi --> www.erenetwork.com /public_html/ravens/cgi admin.cgi
101.11.11 01:16 A D:\website\ravensnew\cgi\admin.cgi --> www.erenetwork.com /public_html/ravens/cgi admin.cgi
101.11.11 01:17 A D:\website\ravensnew\cgi\admin.cgi --> www.erenetwork.com /public_html/ravens/cgi admin.cgi
101.11.11 01:18 A D:\website\ravensnew\cgi\admin.cgi --> www.erenetwork.com /public_html/ravens/cgi admin.cgi
101.11.11 01:21 A D:\website\ravensnew\cgi\admin.cgi --> www.erenetwork.com /public_html/ravens/cgi admin.cgi
101.11.11 01:22 A D:\website\ravensnew\cgi\admin.cgi --> www.erenetwork.com /public_html/ravens/cgi admin.cgi
101.11.11 01:25 A D:\website\ravensnew\cgi\admin.cgi --> www.erenetwork.com /public_html/ravens/cgi admin.cgi
101.11.11 01:26 A D:\website\ravensnew\cgi\memlist.cgi --> www.erenetwork.com /public_html/ravens/cgi memlist.cgi
101.11.11 01:31 A D:\website\ravensnew\cgi\memlist.cgi --> www.erenetwork.com /public_html/ravens/cgi memlist.cgi
101.11.11 01:31 A D:\website\ravensnew\cgi\memlist.cgi --> www.erenetwork.com /public_html/ravens/cgi memlist.cgi
101.11.11 01:33 A D:\website\ravensnew\cgi\memlist.cgi --> www.erenetwork.com /public_html/ravens/cgi memlist.cgi
101.11.11 01:34 A D:\website\ravensnew\cgi\memlist.cgi --> www.erenetwork.com /public_html/ravens/cgi memlist.cgi
101.11.11 01:35 A D:\website\ravensnew\cgi\memlist.cgi --> www.erenetwork.com /public_html/ravens/cgi memlist.cgi
101.11.11 01:36 A D:\website\ravensnew\cgi\memlist.cgi --> www.erenetwork.com /public_html/ravens/cgi memlist.cgi
101.11.11 01:36 A D:\website\ravensnew\cgi\memlist.cgi --> www.erenetwork.com /public_html/ravens/cgi memlist.cgi
101.11.11 01:42 A D:\website\ravensnew\cgi\memlist.cgi --> www.erenetwork.com /public_html/ravens/cgi memlist.cgi
101.11.11 01:43 A D:\website\ravensnew\cgi\admin.cgi --> www.erenetwork.com /public_html/ravens/cgi admin.cgi
101.11.11 01:43 A D:\website\ravensnew\cgi\memlist.cgi --> www.erenetwork.com /public_html/ravens/cgi memlist.cgi
101.11.11 01:44 A D:\website\ravensnew\cgi\memsign.cgi --> www.erenetwork.com /public_html/ravens/cgi memsign.cgi
101.11.11 01:45 A D:\website\ravensnew\cgi\memsign.cgi --> www.erenetwork.com /public_html/ravens/cgi memsign.cgi
101.11.11 01:53 B D:\website\ravensnew\cgi\memlist.cgi --> www.erenetwork.com /public_html/ravens/cgi memlist.cgi
101.11.11 01:53 A D:\website\ravensnew\cgi\memlist.cgi --> www.erenetwork.com /public_html/ravens/cgi memlist.cgi
101.11.11 21:54 A D:\website\ravensnew\cgi\memlist.cgi --> www.erenetwork.com /public_html/ravens/cgi memlist.cgi
101.11.11 21:55 A D:\website\ravensnew\cgi\memlist.cgi --> www.erenetwork.com /public_html/ravens/cgi memlist.cgi
101.11.11 21:55 A D:\website\ravensnew\cgi\memlist.cgi --> www.erenetwork.com /public_html/ravens/cgi memlist.cgi
101.11.11 21:56 A D:\website\ravensnew\cgi\memlist.cgi --> www.erenetwork.com /public_html/ravens/cgi memlist.cgi
101.11.11 21:57 A D:\website\ravensnew\cgi\memlist.cgi --> www.erenetwork.com /public_html/ravens/cgi memlist.cgi
101.11.11 21:59 A D:\website\ravensnew\cgi\memlist.cgi --> www.erenetwork.com /public_html/ravens/cgi memlist.cgi
101.11.11 22:00 A D:\website\ravensnew\cgi\memlist.cgi --> www.erenetwork.com /public_html/ravens/cgi memlist.cgi
101.11.11 22:00 A D:\website\ravensnew\cgi\memlist.cgi --> www.erenetwork.com /public_html/ravens/cgi memlist.cgi
101.11.11 22:01 A D:\website\ravensnew\cgi\memlist.cgi --> www.erenetwork.com /public_html/ravens/cgi memlist.cgi
101.11.11 22:01 A D:\website\ravensnew\cgi\memlist.cgi --> www.erenetwork.com /public_html/ravens/cgi memlist.cgi
101.11.11 22:02 A D:\website\ravensnew\cgi\memlist.cgi --> www.erenetwork.com /public_html/ravens/cgi memlist.cgi
101.11.11 22:02 A D:\website\ravensnew\cgi\memlist.cgi --> www.erenetwork.com /public_html/ravens/cgi memlist.cgi
101.11.11 22:03 A D:\website\ravensnew\cgi\memlist.cgi --> www.erenetwork.com /public_html/ravens/cgi memlist.cgi
101.11.11 22:05 A D:\website\ravensnew\cgi\memlist.cgi --> www.erenetwork.com /public_html/ravens/cgi memlist.cgi
101.11.11 22:07 A D:\website\ravensnew\cgi\memlist.cgi --> www.erenetwork.com /public_html/ravens/cgi memlist.cgi
101.11.11 22:09 A D:\website\ravensnew\cgi\memlist.cgi --> www.erenetwork.com /public_html/ravens/cgi memlist.cgi
101.11.11 22:11 A D:\website\ravensnew\cgi\memlist.cgi --> www.erenetwork.com /public_html/ravens/cgi memlist.cgi
101.11.11 22:12 A D:\website\ravensnew\cgi\memlist.cgi --> www.erenetwork.com /public_html/ravens/cgi memlist.cgi
101.11.11 22:16 A D:\website\ravensnew\cgi\admin.cgi --> www.erenetwork.com /public_html/ravens/cgi admin.cgi
101.11.11 22:20 A D:\website\ravensnew\cgi\admin.cgi --> www.erenetwork.com /public_html/ravens/cgi admin.cgi
101.11.11 22:23 A D:\website\ravensnew\cgi\admin.cgi --> www.erenetwork.com /public_html/ravens/cgi admin.cgi
101.11.11 22:24 A D:\website\ravensnew\cgi\admin.cgi --> www.erenetwork.com /public_html/ravens/cgi admin.cgi
101.11.11 22:25 A D:\website\ravensnew\cgi\admin.cgi --> www.erenetwork.com /public_html/ravens/cgi admin.cgi
101.11.11 22:26 A D:\website\ravensnew\cgi\admin.cgi --> www.erenetwork.com /public_html/ravens/cgi admin.cgi
101.11.11 22:28 A D:\website\ravensnew\cgi\admin.cgi --> www.erenetwork.com /public_html/ravens/cgi admin.cgi
101.11.11 22:31 A D:\website\ravensnew\cgi\memlist.cgi --> www.erenetwork.com /public_html/ravens/cgi memlist.cgi
101.11.11 22:31 A D:\website\ravensnew\cgi\memlist.cgi --> www.erenetwork.com /public_html/ravens/cgi memlist.cgi
101.11.11 22:32 A D:\website\ravensnew\cgi\memlist.cgi --> www.erenetwork.com /public_html/ravens/cgi memlist.cgi
101.11.11 22:32 A D:\website\ravensnew\cgi\memlist.cgi --> www.erenetwork.com /public_html/ravens/cgi memlist.cgi
101.11.11 22:33 A D:\website\ravensnew\cgi\memlist.cgi --> www.erenetwork.com /public_html/ravens/cgi memlist.cgi
101.11.11 22:34 A D:\website\ravensnew\cgi\memlist.cgi --> www.erenetwork.com /public_html/ravens/cgi memlist.cgi
101.11.11 22:35 A D:\website\ravensnew\cgi\memlist.cgi --> www.erenetwork.com /public_html/ravens/cgi memlist.cgi
2001.11.18 15:07 B D:\website\ravensnew\cgi\turn.gif --> www.erenetwork.com /public_html/ravens/cgi turn.gif
2001.11.18 15:08 A D:\website\ravensnew\cgi\admin.cgi --> www.erenetwork.com /public_html/ravens/cgi admin.cgi
2001.11.18 15:09 A D:\website\ravensnew\cgi\admin.cgi --> www.erenetwork.com /public_html/ravens/cgi admin.cgi
2001.11.18 16:39 B D:\website\ravensnew\cgi\turn.html --> www.erenetwork.com /public_html/ravens/cgi turn.html
2001.11.18 16:43 A D:\website\ravensnew\cgi\admin.cgi --> www.erenetwork.com /public_html/ravens/cgi admin.cgi
2001.11.18 16:44 A D:\website\ravensnew\cgi\admin.cgi --> www.erenetwork.com /public_html/ravens/cgi admin.cgi
2001.11.18 16:45 A D:\website\ravensnew\cgi\admin.cgi --> www.erenetwork.com /public_html/ravens/cgi admin.cgi
2001.11.18 16:45 A D:\website\ravensnew\cgi\turn.txt --> www.erenetwork.com /public_html/ravens/cgi turn.txt
2001.11.18 16:52 A D:\website\ravensnew\cgi\turn.cgi --> www.erenetwork.com /public_html/ravens/cgi turn.cgi
2001.11.18 16:53 A D:\website\ravensnew\cgi\turn.cgi --> www.erenetwork.com /public_html/ravens/cgi turn.cgi
2001.11.18 16:54 A D:\website\ravensnew\cgi\turn.cgi --> www.erenetwork.com /public_html/ravens/cgi turn.cgi
2001.11.18 16:55 A D:\website\ravensnew\cgi\turn.cgi --> www.erenetwork.com /public_html/ravens/cgi turn.cgi
2001.11.18 16:55 A D:\website\ravensnew\cgi\turn.cgi --> www.erenetwork.com /public_html/ravens/cgi turn.cgi
2001.11.18 16:56 A D:\website\ravensnew\cgi\turn.cgi --> www.erenetwork.com /public_html/ravens/cgi turn.cgi
2001.11.18 16:57 A D:\website\ravensnew\cgi\turn.cgi --> www.erenetwork.com /public_html/ravens/cgi turn.cgi
2001.11.18 16:58 A D:\website\ravensnew\cgi\memsign.cgi --> www.erenetwork.com /public_html/ravens/cgi memsign.cgi
2001.11.18 16:59 A D:\website\ravensnew\cgi\turn.cgi --> www.erenetwork.com /public_html/ravens/cgi turn.cgi
2001.11.18 17:00 A D:\website\ravensnew\cgi\turn.cgi --> www.erenetwork.com /public_html/ravens/cgi turn.cgi
2001.11.18 17:03 A D:\website\ravensnew\cgi\admin.cgi --> www.erenetwork.com /public_html/ravens/cgi admin.cgi
2001.11.18 17:04 A D:\website\ravensnew\cgi\admin.cgi --> www.erenetwork.com /public_html/ravens/cgi admin.cgi
2001.11.18 17:05 A D:\website\ravensnew\cgi\admin.cgi --> www.erenetwork.com /public_html/ravens/cgi admin.cgi
2001.11.18 17:06 A D:\website\ravensnew\cgi\admin.cgi --> www.erenetwork.com /public_html/ravens/cgi admin.cgi
2001.11.18 17:08 A D:\website\ravensnew\cgi\admin.cgi --> www.erenetwork.com /public_html/ravens/cgi admin.cgi
2001.11.18 17:09 A D:\website\ravensnew\cgi\admin.cgi --> www.erenetwork.com /public_html/ravens/cgi admin.cgi
2001.11.18 17:09 A D:\website\ravensnew\cgi\admin.cgi --> www.erenetwork.com /public_html/ravens/cgi admin.cgi
2001.11.18 17:10 A D:\website\ravensnew\cgi\admin.cgi --> www.erenetwork.com /public_html/ravens/cgi admin.cgi
2001.11.18 17:11 A D:\website\ravensnew\cgi\admin.cgi --> www.erenetwork.com /public_html/ravens/cgi admin.cgi
2001.11.18 17:14 A D:\website\ravensnew\cgi\admin.cgi --> www.erenetwork.com /public_html/ravens/cgi admin.cgi
2001.11.18 17:15 A D:\website\ravensnew\cgi\admin.cgi --> www.erenetwork.com /public_html/ravens/cgi admin.cgi
2001.11.18 17:17 A D:\website\ravensnew\cgi\admin.cgi --> www.erenetwork.com /public_html/ravens/cgi admin.cgi
2001.11.18 17:18 A D:\website\ravensnew\cgi\admin.cgi --> www.erenetwork.com /public_html/ravens/cgi admin.cgi
2001.11.18 17:19 A D:\website\ravensnew\cgi\turn.cgi --> www.erenetwork.com /public_html/ravens/cgi turn.cgi
2001.11.18 17:19 A D:\website\ravensnew\cgi\turn.cgi --> www.erenetwork.com /public_html/ravens/cgi turn.cgi
2001.11.18 17:20 A D:\website\ravensnew\cgi\turn.cgi --> www.erenetwork.com /public_html/ravens/cgi turn.cgi
2001.11.18 17:24 A D:\website\ravensnew\cgi\tinfo.cgi --> www.erenetwork.com /public_html/ravens/cgi tinfo.cgi
2001.11.18 17:24 A D:\website\ravensnew\cgi\admin.cgi --> www.erenetwork.com /public_html/ravens/cgi admin.cgi
2001.11.18 17:27 A D:\website\ravensnew\cgi\tinfo.cgi --> www.erenetwork.com /public_html/ravens/cgi tinfo.cgi
2001.11.18 17:28 A D:\website\ravensnew\cgi\tinfo.cgi --> www.erenetwork.com /public_html/ravens/cgi tinfo.cgi
2001.11.18 17:31 A D:\website\ravensnew\cgi\tinfo.cgi --> www.erenetwork.com /public_html/ravens/cgi tinfo.cgi
2001.11.18 17:32 A D:\website\ravensnew\cgi\tinfo.cgi --> www.erenetwork.com /public_html/ravens/cgi tinfo.cgi
2001.11.18 17:33 A D:\website\ravensnew\cgi\tinfo.cgi --> www.erenetwork.com /public_html/ravens/cgi tinfo.cgi
2001.11.18 17:34 A D:\website\ravensnew\cgi\tinfo.cgi --> www.erenetwork.com /public_html/ravens/cgi tinfo.cgi
2001.11.18 17:36 B D:\website\ravensnew\cgi\admin.cgi --> www.erenetwork.com / admin.cgi
2001.11.18 17:37 A D:\website\ravensnew\cgi\admin.cgi --> www.erenetwork.com /public_html/ravens/cgi admin.cgi
2001.11.18 17:37 A D:\website\ravensnew\cgi\admin.cgi --> www.erenetwork.com /public_html/ravens/cgi admin.cgi
2001.11.18 17:38 A D:\website\ravensnew\cgi\tinfo.cgi --> www.erenetwork.com /public_html/ravens/cgi tinfo.cgi
2001.11.18 17:42 A D:\website\ravensnew\cgi\admin.cgi --> www.erenetwork.com /public_html/ravens/cgi admin.cgi
2001.12.04 22:09 A D:\website\ravensnew\cgi\admin.cgi --> www.erenetwork.com /public_html/ravens/cgi admin.cgi
